{"level":"info","message":"{\"Canvas\": \"da64f61a-51ef-4fce-b4c2-b1c99d81ee0c\" ,\"Canvas Height\": \"978\", \"Canvas Width\": \"1200\"}","timestamp":"2017-08-25T14:23:30.722Z"}
{"level":"info","message":"{\"Canvas\": \"07f3a077-111c-4e4f-ba0e-c182eac55e16\" ,\"Canvas Height\": \"978\", \"Canvas Width\": \"1200\"}","timestamp":"2017-08-25T14:23:33.421Z"}
{"level":"info","message":"{\"Canvas\": \"e25e8149-0f9f-428a-945d-7e00ff582bef\" ,\"Canvas Height\": \"768\", \"Canvas Width\": \"1024\"}","timestamp":"2017-08-25T14:23:33.536Z"}
{"level":"info","message":"{\"Canvas\": \"7fc04812-0f05-4dcc-ae90-08f5641880cf\" ,\"Canvas Height\": \"768\", \"Canvas Width\": \"1024\"}","timestamp":"2017-08-25T14:23:33.545Z"}
{"level":"info","message":"{\"Canvas\": \"70e33868-8253-43dd-a13f-ba5925fcb067\" ,\"Canvas Height\": \"768\", \"Canvas Width\": \"1024\"}","timestamp":"2017-08-25T14:23:33.546Z"}
{"level":"info","message":"{\"Canvas\": \"2cfaec55-8418-4edd-8475-40185143c302\" ,\"Canvas Height\": \"768\", \"Canvas Width\": \"1024\"}","timestamp":"2017-08-25T14:23:33.647Z"}
{"level":"info","message":"{\"Canvas\": \"4b34b607-ce58-4bf2-8c4b-6a0527d70258\" ,\"Canvas Height\": \"768\", \"Canvas Width\": \"1024\"}","timestamp":"2017-08-25T14:23:33.658Z"}
{"level":"info","message":"{\"Canvas\": \"91c7fbff-b77e-44c8-90c9-9b5b35da9bc4\" ,\"Canvas Height\": \"768\", \"Canvas Width\": \"1024\"}","timestamp":"2017-08-25T14:23:33.667Z"}
{"level":"info","message":"{\"Canvas\": \"3a587d41-99d6-4617-ae05-d3b0d8772448\" ,\"Canvas Height\": \"768\", \"Canvas Width\": \"1024\"}","timestamp":"2017-08-25T14:23:33.669Z"}
{"level":"info","message":"{\"Canvas\": \"80fc2656-d7dd-440e-a4bd-2f409fa9fece\" ,\"Canvas Height\": \"768\", \"Canvas Width\": \"1024\"}","timestamp":"2017-08-25T14:23:33.670Z"}
{"level":"info","message":"{\"Canvas\": \"8e008009-2fbc-4d17-a95d-d02f05401f36\" ,\"Canvas Height\": \"768\", \"Canvas Width\": \"1024\"}","timestamp":"2017-08-25T14:23:33.672Z"}
{"level":"info","message":"{\"Canvas\": \"96e4046a-71c1-4979-8176-ff00e01b4a87\" ,\"Canvas Height\": \"768\", \"Canvas Width\": \"1024\"}","timestamp":"2017-08-25T14:23:33.675Z"}
{"level":"info","message":"{\"Canvas\": \"ff7ae816-cabb-47fe-ac59-a59bdb1847c6\" ,\"Canvas Height\": \"978\", \"Canvas Width\": \"1200\"}","timestamp":"2017-08-25T14:24:07.837Z"}
{"level":"info","message":"{\"Canvas\": \"9aaf7bf7-5f76-4017-a268-d7531488626b\" ,\"Canvas Height\": \"978\", \"Canvas Width\": \"1200\"}","timestamp":"2017-08-25T14:24:10.543Z"}
{"level":"info","message":"{\"Canvas\": \"ee892fd0-1555-4941-94f1-2c2ed9658dc1\" ,\"Canvas Height\": \"768\", \"Canvas Width\": \"1024\"}","timestamp":"2017-08-25T14:24:10.659Z"}
{"level":"info","message":"{\"Canvas\": \"5402dbd6-7f0a-46b9-a66b-940c10139a9e\" ,\"Canvas Height\": \"768\", \"Canvas Width\": \"1024\"}","timestamp":"2017-08-25T14:24:10.669Z"}
{"level":"info","message":"{\"Canvas\": \"3a1f1197-1289-4a2c-890e-6e2661afa0f7\" ,\"Canvas Height\": \"768\", \"Canvas Width\": \"1024\"}","timestamp":"2017-08-25T14:24:10.671Z"}
{"level":"info","message":"{\"Canvas\": \"9b3e67b2-7eb3-4f1e-b521-4db49fac2878\" ,\"Canvas Height\": \"768\", \"Canvas Width\": \"1024\"}","timestamp":"2017-08-25T14:24:10.757Z"}
{"level":"info","message":"{\"Canvas\": \"ce883820-cfd9-4b9e-b4e6-571d9bcc9e6e\" ,\"Canvas Height\": \"768\", \"Canvas Width\": \"1024\"}","timestamp":"2017-08-25T14:24:10.768Z"}
{"level":"info","message":"{\"Canvas\": \"bfc686b1-7b41-4432-9c80-02853c482eff\" ,\"Canvas Height\": \"768\", \"Canvas Width\": \"1024\"}","timestamp":"2017-08-25T14:24:10.778Z"}
{"level":"info","message":"{\"Canvas\": \"295116e5-966d-4152-935a-75092623fc2d\" ,\"Canvas Height\": \"768\", \"Canvas Width\": \"1024\"}","timestamp":"2017-08-25T14:24:10.779Z"}
{"level":"info","message":"{\"Canvas\": \"1bbccf85-58f8-4674-b1fe-c2eaeaf8d6c7\" ,\"Canvas Height\": \"768\", \"Canvas Width\": \"1024\"}","timestamp":"2017-08-25T14:24:10.781Z"}
{"level":"info","message":"{\"Canvas\": \"3426de14-ccce-4d24-8140-676952c5298c\" ,\"Canvas Height\": \"768\", \"Canvas Width\": \"1024\"}","timestamp":"2017-08-25T14:24:10.783Z"}
{"level":"info","message":"{\"Canvas\": \"6b2dce01-e073-4731-add7-77a0bf63f9b2\" ,\"Canvas Height\": \"768\", \"Canvas Width\": \"1024\"}","timestamp":"2017-08-25T14:24:10.786Z"}
{"level":"info","message":"{\"Canvas\": \"c8c9858a-17cf-49bb-b164-d8434eeaa11c\" ,\"Canvas Height\": \"768\", \"Canvas Width\": \"1024\"}","timestamp":"2017-08-25T14:24:10.802Z"}
{"level":"info","message":"{\"Canvas\": \"487362d9-5336-428f-b8a2-8c3418ea35b6\" ,\"Canvas Height\": \"978\", \"Canvas Width\": \"1200\"}","timestamp":"2017-08-25T14:24:13.149Z"}
{"level":"info","message":"{\"Canvas\": \"39fed60b-0686-4f3f-a97a-5a2a92acf9a4\" ,\"Canvas Height\": \"978\", \"Canvas Width\": \"1200\"}","timestamp":"2017-08-25T14:24:14.487Z"}
{"level":"info","message":"{\"Canvas\": \"d55e179c-fcc4-4819-9f09-9cc92cd96864\" ,\"Canvas Height\": \"978\", \"Canvas Width\": \"1200\"}","timestamp":"2017-08-25T14:24:14.706Z"}
{"level":"info","message":"{\"Canvas\": \"56fa8859-079a-4eda-b6e4-ff214dec9aaa\" ,\"Canvas Height\": \"978\", \"Canvas Width\": \"1200\"}","timestamp":"2017-08-25T14:24:14.917Z"}
{"level":"info","message":"{\"Canvas\": \"1bb8e958-8b4b-444d-bf9c-bd2cddf55467\" ,\"Canvas Height\": \"978\", \"Canvas Width\": \"1200\"}","timestamp":"2017-08-25T14:25:00.242Z"}
{"level":"info","message":"{\"Canvas\": \"3a11a760-afe3-49ac-ad50-38c26c8a554b\" ,\"Canvas Height\": \"978\", \"Canvas Width\": \"1200\"}","timestamp":"2017-08-25T14:25:02.926Z"}
{"level":"info","message":"{\"Canvas\": \"38605ab2-c757-4eb0-b37c-799be2186729\" ,\"Canvas Height\": \"768\", \"Canvas Width\": \"1024\"}","timestamp":"2017-08-25T14:25:03.050Z"}
{"level":"info","message":"{\"Canvas\": \"e22e387a-3625-49e3-9658-a0c94c5592cc\" ,\"Canvas Height\": \"768\", \"Canvas Width\": \"1024\"}","timestamp":"2017-08-25T14:25:03.058Z"}
{"level":"info","message":"{\"Canvas\": \"a47d3fa8-41a6-4d08-bd5c-3530bea6b23c\" ,\"Canvas Height\": \"768\", \"Canvas Width\": \"1024\"}","timestamp":"2017-08-25T14:25:03.060Z"}
{"level":"info","message":"{\"Canvas\": \"be84d7e9-a565-43aa-994e-89f58241893b\" ,\"Canvas Height\": \"768\", \"Canvas Width\": \"1024\"}","timestamp":"2017-08-25T14:25:03.157Z"}
{"level":"info","message":"{\"Canvas\": \"4da01c17-e03e-40f5-8b6f-ee89b5b09dc2\" ,\"Canvas Height\": \"768\", \"Canvas Width\": \"1024\"}","timestamp":"2017-08-25T14:25:03.168Z"}
{"level":"info","message":"{\"Canvas\": \"b4132c99-aec7-468a-90ba-b4652bd38784\" ,\"Canvas Height\": \"768\", \"Canvas Width\": \"1024\"}","timestamp":"2017-08-25T14:25:03.177Z"}
{"level":"info","message":"{\"Canvas\": \"718a1e7a-cc05-4111-9057-b201989efc06\" ,\"Canvas Height\": \"768\", \"Canvas Width\": \"1024\"}","timestamp":"2017-08-25T14:25:03.178Z"}
{"level":"info","message":"{\"Canvas\": \"3a334939-4dc8-4a2a-9257-7b39854f8646\" ,\"Canvas Height\": \"768\", \"Canvas Width\": \"1024\"}","timestamp":"2017-08-25T14:25:03.180Z"}
{"level":"info","message":"{\"Canvas\": \"39465622-764a-445c-8a17-5d1371775c97\" ,\"Canvas Height\": \"768\", \"Canvas Width\": \"1024\"}","timestamp":"2017-08-25T14:25:03.181Z"}
{"level":"info","message":"{\"Canvas\": \"086c4522-2466-488f-95c8-e693b40ec51f\" ,\"Canvas Height\": \"768\", \"Canvas Width\": \"1024\"}","timestamp":"2017-08-25T14:25:03.184Z"}
{"level":"info","message":"{\"Canvas\": \"3bcc9315-acfd-4f58-81f8-f82de44a93dc\" ,\"Canvas Height\": \"978\", \"Canvas Width\": \"1200\"}","timestamp":"2017-08-25T14:25:38.896Z"}
{"level":"info","message":"{\"Canvas\": \"8d24ad54-2359-4be8-ae13-c074f2cf5571\" ,\"Canvas Height\": \"978\", \"Canvas Width\": \"1200\"}","timestamp":"2017-08-25T14:25:41.668Z"}
{"level":"info","message":"{\"Canvas\": \"662ddc0e-65da-4c34-a805-e1628b4d6c92\" ,\"Canvas Height\": \"768\", \"Canvas Width\": \"1024\"}","timestamp":"2017-08-25T14:25:41.782Z"}
{"level":"info","message":"{\"Canvas\": \"4bdb6e40-11df-42d2-b5d5-df22570c68eb\" ,\"Canvas Height\": \"768\", \"Canvas Width\": \"1024\"}","timestamp":"2017-08-25T14:25:41.790Z"}
{"level":"info","message":"{\"Canvas\": \"d41e82e4-530d-4a10-acf6-8f1380a0a00e\" ,\"Canvas Height\": \"768\", \"Canvas Width\": \"1024\"}","timestamp":"2017-08-25T14:25:41.792Z"}
{"level":"info","message":"{\"Canvas\": \"0b8db350-4668-4ab8-917a-e8d0497b9d65\" ,\"Canvas Height\": \"768\", \"Canvas Width\": \"1024\"}","timestamp":"2017-08-25T14:25:41.879Z"}
{"level":"info","message":"{\"Canvas\": \"73f10162-07e5-4be9-a477-6bafc7b68b49\" ,\"Canvas Height\": \"768\", \"Canvas Width\": \"1024\"}","timestamp":"2017-08-25T14:25:41.890Z"}
{"level":"info","message":"{\"Canvas\": \"9f553fb9-a171-4436-954a-0c00e0f8c08a\" ,\"Canvas Height\": \"768\", \"Canvas Width\": \"1024\"}","timestamp":"2017-08-25T14:25:41.900Z"}
{"level":"info","message":"{\"Canvas\": \"4af3422a-bf6b-4337-8981-37961aa6ba07\" ,\"Canvas Height\": \"768\", \"Canvas Width\": \"1024\"}","timestamp":"2017-08-25T14:25:41.901Z"}
{"level":"info","message":"{\"Canvas\": \"5d1a1ea8-cdf3-4574-8820-dbfa2dc441fe\" ,\"Canvas Height\": \"768\", \"Canvas Width\": \"1024\"}","timestamp":"2017-08-25T14:25:41.903Z"}
{"level":"info","message":"{\"Canvas\": \"dd290aae-be9d-4fbd-9f3c-e1e33394d0af\" ,\"Canvas Height\": \"768\", \"Canvas Width\": \"1024\"}","timestamp":"2017-08-25T14:25:41.905Z"}
{"level":"info","message":"{\"Canvas\": \"6c52175d-ac7a-4831-a133-dfe69d9e8b79\" ,\"Canvas Height\": \"768\", \"Canvas Width\": \"1024\"}","timestamp":"2017-08-25T14:25:46.908Z"}
{"level":"info","message":"{\"Canvas\": \"2b75a3d2-6ac7-4fd7-9590-8bf184ec7090\" ,\"Canvas Height\": \"768\", \"Canvas Width\": \"1024\"}","timestamp":"2017-08-25T14:25:46.924Z"}
{"level":"info","message":"{\"Canvas\": \"ec6d52ff-ca12-44d5-8758-b33d602f7d42\" ,\"Canvas Height\": \"978\", \"Canvas Width\": \"1200\"}","timestamp":"2017-08-25T14:25:49.357Z"}
{"level":"info","message":"{\"Canvas\": \"55effddd-300c-448c-bd62-d21a5c776874\" ,\"Canvas Height\": \"978\", \"Canvas Width\": \"1200\"}","timestamp":"2017-08-25T14:25:50.503Z"}
{"level":"info","message":"{\"Canvas\": \"561a0a3b-7d34-4bb8-a0ff-12758889432a\" ,\"Canvas Height\": \"978\", \"Canvas Width\": \"1200\"}","timestamp":"2017-08-25T14:25:50.903Z"}
{"level":"info","message":"{\"Canvas\": \"6e10554b-f369-426f-9abd-069f5c7b3544\" ,\"Canvas Height\": \"978\", \"Canvas Width\": \"1200\"}","timestamp":"2017-08-25T14:25:50.900Z"}
{"level":"info","message":"{\"Canvas\": \"9741a107-00b9-495d-afac-21be32e6de65\" ,\"Canvas Height\": \"978\", \"Canvas Width\": \"1200\"}","timestamp":"2017-08-25T14:28:23.849Z"}
{"level":"info","message":"{\"Canvas\": \"d6051955-2025-4618-8dc0-6c1b1aef9b22\" ,\"Canvas Height\": \"978\", \"Canvas Width\": \"1200\"}","timestamp":"2017-08-25T14:28:26.481Z"}
{"level":"info","message":"{\"Canvas\": \"d5d72bf7-dd24-4d89-a44e-ad11b5f8a05d\" ,\"Canvas Height\": \"768\", \"Canvas Width\": \"1024\"}","timestamp":"2017-08-25T14:28:26.602Z"}
{"level":"info","message":"{\"Canvas\": \"8e7febc4-1614-4eb3-a582-88342a5b151f\" ,\"Canvas Height\": \"768\", \"Canvas Width\": \"1024\"}","timestamp":"2017-08-25T14:28:26.610Z"}
{"level":"info","message":"{\"Canvas\": \"d0306199-b145-4ac5-bc5b-2f356c4cadd3\" ,\"Canvas Height\": \"768\", \"Canvas Width\": \"1024\"}","timestamp":"2017-08-25T14:28:26.612Z"}
{"level":"info","message":"{\"Canvas\": \"4fc936a9-8717-461f-b9b2-26690fcc1eda\" ,\"Canvas Height\": \"768\", \"Canvas Width\": \"1024\"}","timestamp":"2017-08-25T14:28:26.720Z"}
{"level":"info","message":"{\"Canvas\": \"f544ad06-283f-4752-b6c8-85aed7684826\" ,\"Canvas Height\": \"768\", \"Canvas Width\": \"1024\"}","timestamp":"2017-08-25T14:28:26.730Z"}
{"level":"info","message":"{\"Canvas\": \"c1ca429b-7fc1-4578-8e83-a79bded8ce40\" ,\"Canvas Height\": \"768\", \"Canvas Width\": \"1024\"}","timestamp":"2017-08-25T14:28:26.739Z"}
{"level":"info","message":"{\"Canvas\": \"a6ecc3cc-7d7b-4628-813b-1666cd84bc27\" ,\"Canvas Height\": \"768\", \"Canvas Width\": \"1024\"}","timestamp":"2017-08-25T14:28:26.741Z"}
{"level":"info","message":"{\"Canvas\": \"804193ed-4370-4a42-9a1d-d8a0e1400fda\" ,\"Canvas Height\": \"768\", \"Canvas Width\": \"1024\"}","timestamp":"2017-08-25T14:28:26.742Z"}
{"level":"info","message":"{\"Canvas\": \"2201308c-e04f-4fe2-975f-a8a993daa914\" ,\"Canvas Height\": \"768\", \"Canvas Width\": \"1024\"}","timestamp":"2017-08-25T14:28:26.744Z"}
{"level":"info","message":"{\"Canvas\": \"9d730ece-fb12-4642-bad8-6a53f25dfe4a\" ,\"Canvas Height\": \"768\", \"Canvas Width\": \"1024\"}","timestamp":"2017-08-25T14:28:29.748Z"}
{"level":"info","message":"{\"Canvas\": \"30600b90-b432-4235-800b-a504049fa018\" ,\"Canvas Height\": \"768\", \"Canvas Width\": \"1024\"}","timestamp":"2017-08-25T14:28:29.765Z"}
{"level":"info","message":"{\"Canvas\": \"0c400310-eaf7-4fc1-9cbf-159e63bbc9b1\" ,\"Canvas Height\": \"978\", \"Canvas Width\": \"1200\"}","timestamp":"2017-08-25T14:28:32.069Z"}
{"level":"info","message":"{\"Canvas\": \"ad623a0f-9629-4072-97a3-0da0e722bbe0\" ,\"Canvas Height\": \"978\", \"Canvas Width\": \"1200\"}","timestamp":"2017-08-25T14:28:33.598Z"}
{"level":"info","message":"{\"Canvas\": \"d9790611-a53e-4dd6-bcb3-92e1e198710f\" ,\"Canvas Height\": \"978\", \"Canvas Width\": \"1200\"}","timestamp":"2017-08-25T14:28:33.607Z"}
{"level":"info","message":"{\"Canvas\": \"6ef9434a-5bad-4f65-9b9f-aa1eff2bf89b\" ,\"Canvas Height\": \"978\", \"Canvas Width\": \"1200\"}","timestamp":"2017-08-25T14:28:33.748Z"}
{"level":"info","message":"{\"Canvas\": \"819eb1ef-c0f1-4447-bb32-f879f680807c\" ,\"Canvas Height\": \"978\", \"Canvas Width\": \"1200\"}","timestamp":"2017-08-25T14:29:01.157Z"}
{"level":"info","message":"{\"Canvas\": \"59efb5f8-cb8d-4869-b429-4c03aa7abd3d\" ,\"Canvas Height\": \"978\", \"Canvas Width\": \"1200\"}","timestamp":"2017-08-25T14:29:03.802Z"}
{"level":"info","message":"{\"Canvas\": \"f8610e05-1fa5-4f6d-b198-f9f2a96731f2\" ,\"Canvas Height\": \"768\", \"Canvas Width\": \"1024\"}","timestamp":"2017-08-25T14:29:03.914Z"}
{"level":"info","message":"{\"Canvas\": \"e2a06dbb-40fd-4976-9ec0-3f0136b882ed\" ,\"Canvas Height\": \"768\", \"Canvas Width\": \"1024\"}","timestamp":"2017-08-25T14:29:03.923Z"}
{"level":"info","message":"{\"Canvas\": \"c8a70338-d151-4fa8-b82b-7590cd246eb1\" ,\"Canvas Height\": \"768\", \"Canvas Width\": \"1024\"}","timestamp":"2017-08-25T14:29:03.926Z"}
{"level":"info","message":"{\"Canvas\": \"94997adc-3f96-495b-ac5e-4eeea8abf6ae\" ,\"Canvas Height\": \"768\", \"Canvas Width\": \"1024\"}","timestamp":"2017-08-25T14:29:04.009Z"}
{"level":"info","message":"{\"Canvas\": \"1fa53bae-07c3-428f-8f22-1119956a7751\" ,\"Canvas Height\": \"768\", \"Canvas Width\": \"1024\"}","timestamp":"2017-08-25T14:29:04.020Z"}
{"level":"info","message":"{\"Canvas\": \"3e589db8-78d5-4678-b0f9-3624ed854e71\" ,\"Canvas Height\": \"768\", \"Canvas Width\": \"1024\"}","timestamp":"2017-08-25T14:29:04.029Z"}
{"level":"info","message":"{\"Canvas\": \"f8629d7c-481d-463a-94ab-e818f664a143\" ,\"Canvas Height\": \"768\", \"Canvas Width\": \"1024\"}","timestamp":"2017-08-25T14:29:04.030Z"}
{"level":"info","message":"{\"Canvas\": \"00ce83ec-52d7-4fd0-9b0d-fb60af625033\" ,\"Canvas Height\": \"768\", \"Canvas Width\": \"1024\"}","timestamp":"2017-08-25T14:29:04.032Z"}
{"level":"info","message":"{\"Canvas\": \"2cd82215-fc0a-42fe-821c-f83ba5721fdb\" ,\"Canvas Height\": \"768\", \"Canvas Width\": \"1024\"}","timestamp":"2017-08-25T14:29:04.035Z"}
{"level":"info","message":"{\"Canvas\": \"dbe8b1b7-b2e8-4a5b-8e5d-7d79498590e0\" ,\"Canvas Height\": \"768\", \"Canvas Width\": \"1024\"}","timestamp":"2017-08-25T14:29:07.044Z"}
{"level":"info","message":"{\"Canvas\": \"d1997dc0-ead3-49ce-949e-a8a0c615ea41\" ,\"Canvas Height\": \"768\", \"Canvas Width\": \"1024\"}","timestamp":"2017-08-25T14:29:07.061Z"}
{"level":"info","message":"{\"Canvas\": \"e8f003cf-2cf0-46d1-ba26-d08adedeb77e\" ,\"Canvas Height\": \"978\", \"Canvas Width\": \"1200\"}","timestamp":"2017-08-25T14:29:09.322Z"}
{"level":"info","message":"{\"Canvas\": \"f2656904-7dd5-48d1-a509-9697724a3ab2\" ,\"Canvas Height\": \"978\", \"Canvas Width\": \"1200\"}","timestamp":"2017-08-25T14:29:10.582Z"}
{"level":"info","message":"{\"Canvas\": \"729f3016-3f55-4b53-947a-26a9dd825e32\" ,\"Canvas Height\": \"978\", \"Canvas Width\": \"1200\"}","timestamp":"2017-08-25T14:29:10.844Z"}
{"level":"info","message":"{\"Canvas\": \"dd2e5b30-6006-49c0-8f5d-1ec405cb6ed5\" ,\"Canvas Height\": \"978\", \"Canvas Width\": \"1200\"}","timestamp":"2017-08-25T14:29:11.153Z"}
{"level":"info","message":"{\"Canvas\": \"c1443d27-1542-4097-ab36-1aa5e1c1a1f3\" ,\"Canvas Height\": \"978\", \"Canvas Width\": \"1200\"}","timestamp":"2017-08-25T14:29:33.656Z"}
{"level":"info","message":"{\"Canvas\": \"8b3beb74-eb3c-4dff-9a48-4bfda1d60c55\" ,\"Canvas Height\": \"978\", \"Canvas Width\": \"1200\"}","timestamp":"2017-08-25T14:29:36.264Z"}
{"level":"info","message":"{\"Canvas\": \"4cb472f9-2068-472e-bde5-1f2c9d7a3717\" ,\"Canvas Height\": \"768\", \"Canvas Width\": \"1024\"}","timestamp":"2017-08-25T14:29:36.376Z"}
{"level":"info","message":"{\"Canvas\": \"e926c457-c974-496f-a51f-9ae2cc894f08\" ,\"Canvas Height\": \"768\", \"Canvas Width\": \"1024\"}","timestamp":"2017-08-25T14:29:36.385Z"}
{"level":"info","message":"{\"Canvas\": \"4fb8e789-5e0b-44b4-9e21-26dcbc3528d7\" ,\"Canvas Height\": \"768\", \"Canvas Width\": \"1024\"}","timestamp":"2017-08-25T14:29:36.387Z"}
{"level":"info","message":"{\"Canvas\": \"075b17e5-10eb-4991-b3a2-3709a50abb26\" ,\"Canvas Height\": \"768\", \"Canvas Width\": \"1024\"}","timestamp":"2017-08-25T14:29:36.475Z"}
{"level":"info","message":"{\"Canvas\": \"589317e6-370a-48c9-984b-e6547aed29ed\" ,\"Canvas Height\": \"768\", \"Canvas Width\": \"1024\"}","timestamp":"2017-08-25T14:29:36.487Z"}
{"level":"info","message":"{\"Canvas\": \"02c2ef89-bc2a-4893-88d0-7c4fcd4243ae\" ,\"Canvas Height\": \"768\", \"Canvas Width\": \"1024\"}","timestamp":"2017-08-25T14:29:36.496Z"}
{"level":"info","message":"{\"Canvas\": \"16d1d48e-911e-4726-a50e-5ec207cae0c8\" ,\"Canvas Height\": \"768\", \"Canvas Width\": \"1024\"}","timestamp":"2017-08-25T14:29:36.497Z"}
{"level":"info","message":"{\"Canvas\": \"703dd16a-5854-4c3a-a99b-33aff7eef0af\" ,\"Canvas Height\": \"768\", \"Canvas Width\": \"1024\"}","timestamp":"2017-08-25T14:29:36.499Z"}
{"level":"info","message":"{\"Canvas\": \"f1c27f00-14a9-43c5-9b0d-3fd2072bc8f7\" ,\"Canvas Height\": \"768\", \"Canvas Width\": \"1024\"}","timestamp":"2017-08-25T14:29:36.501Z"}
{"level":"info","message":"{\"Canvas\": \"c4ceb877-36a9-4391-99a8-b7a6c971cf0b\" ,\"Canvas Height\": \"768\", \"Canvas Width\": \"1024\"}","timestamp":"2017-08-25T14:29:39.509Z"}
{"level":"info","message":"{\"Canvas\": \"23f9cc16-6f88-4b73-9690-47a668630364\" ,\"Canvas Height\": \"768\", \"Canvas Width\": \"1024\"}","timestamp":"2017-08-25T14:29:39.526Z"}
{"level":"info","message":"{\"Canvas\": \"c1ef8f71-e952-4b76-b7f0-7c3d89d178fd\" ,\"Canvas Height\": \"978\", \"Canvas Width\": \"1200\"}","timestamp":"2017-08-25T14:29:41.796Z"}
{"level":"info","message":"{\"Canvas\": \"4ee38c72-8ae3-4b19-8d4e-9be64a4cf236\" ,\"Canvas Height\": \"978\", \"Canvas Width\": \"1200\"}","timestamp":"2017-08-25T14:29:43.185Z"}
{"level":"info","message":"{\"Canvas\": \"15279a04-1fc3-48fc-abce-86e3f67359c9\" ,\"Canvas Height\": \"978\", \"Canvas Width\": \"1200\"}","timestamp":"2017-08-25T14:29:43.322Z"}
{"level":"info","message":"{\"Canvas\": \"50f843cf-3b52-443b-8e1a-2be2ecc394b8\" ,\"Canvas Height\": \"978\", \"Canvas Width\": \"1200\"}","timestamp":"2017-08-25T14:29:43.363Z"}
{"level":"info","message":"{\"Canvas\": \"1eb2840a-894b-4d25-b3ac-04b103e28c91\" ,\"Canvas Height\": \"978\", \"Canvas Width\": \"1200\"}","timestamp":"2017-08-25T14:30:32.361Z"}
{"level":"info","message":"{\"Canvas\": \"70b31a20-24cd-4dd0-af9a-72813c79c7e8\" ,\"Canvas Height\": \"978\", \"Canvas Width\": \"1200\"}","timestamp":"2017-08-25T14:30:35.026Z"}
{"level":"info","message":"{\"Canvas\": \"61ab0aa0-d620-4f15-bb5f-e2b624885278\" ,\"Canvas Height\": \"768\", \"Canvas Width\": \"1024\"}","timestamp":"2017-08-25T14:30:35.150Z"}
{"level":"info","message":"{\"Canvas\": \"0fed9af3-3897-4452-b460-9ac6f4d3c20f\" ,\"Canvas Height\": \"768\", \"Canvas Width\": \"1024\"}","timestamp":"2017-08-25T14:30:35.159Z"}
{"level":"info","message":"{\"Canvas\": \"72df2905-cc6b-40a1-bf67-871b9532a99e\" ,\"Canvas Height\": \"768\", \"Canvas Width\": \"1024\"}","timestamp":"2017-08-25T14:30:35.160Z"}
{"level":"info","message":"{\"Canvas\": \"d350bff8-f14d-4c60-9b61-7b36b1ce39fa\" ,\"Canvas Height\": \"768\", \"Canvas Width\": \"1024\"}","timestamp":"2017-08-25T14:30:35.238Z"}
{"level":"info","message":"{\"Canvas\": \"d31626a0-0f76-4dd6-af19-cae5909c7a05\" ,\"Canvas Height\": \"768\", \"Canvas Width\": \"1024\"}","timestamp":"2017-08-25T14:30:35.250Z"}
{"level":"info","message":"{\"Canvas\": \"17047ac6-379d-4612-b6ad-c6b559bce73b\" ,\"Canvas Height\": \"768\", \"Canvas Width\": \"1024\"}","timestamp":"2017-08-25T14:30:35.260Z"}
{"level":"info","message":"{\"Canvas\": \"3168164e-4e4a-4435-8205-d51b38e479bc\" ,\"Canvas Height\": \"768\", \"Canvas Width\": \"1024\"}","timestamp":"2017-08-25T14:30:35.261Z"}
{"level":"info","message":"{\"Canvas\": \"2a03a126-0a3f-4276-b2c6-f96f73d8b276\" ,\"Canvas Height\": \"768\", \"Canvas Width\": \"1024\"}","timestamp":"2017-08-25T14:30:35.262Z"}
{"level":"info","message":"{\"Canvas\": \"a554f187-bdbd-4502-985b-a944b8bf56e3\" ,\"Canvas Height\": \"768\", \"Canvas Width\": \"1024\"}","timestamp":"2017-08-25T14:30:35.264Z"}
{"level":"info","message":"{\"Canvas\": \"dd0386d2-2146-4d9d-ae08-b7954b10a21d\" ,\"Canvas Height\": \"768\", \"Canvas Width\": \"1024\"}","timestamp":"2017-08-25T14:30:38.268Z"}
{"level":"info","message":"{\"Canvas\": \"cd6036e6-0618-4786-ae08-06523e885985\" ,\"Canvas Height\": \"768\", \"Canvas Width\": \"1024\"}","timestamp":"2017-08-25T14:30:38.287Z"}
{"level":"info","message":"{\"Canvas\": \"4f3008c5-c104-4436-9bd5-a9e3929b8642\" ,\"Canvas Height\": \"978\", \"Canvas Width\": \"1200\"}","timestamp":"2017-08-25T14:30:40.781Z"}
{"level":"info","message":"{\"Canvas\": \"882f1b84-c16b-4321-9738-176ede544cb9\" ,\"Canvas Height\": \"978\", \"Canvas Width\": \"1200\"}","timestamp":"2017-08-25T14:30:41.101Z"}
{"level":"info","message":"{\"Canvas\": \"75669389-e3d7-410a-84dc-e50c7edd3ab8\" ,\"Canvas Height\": \"978\", \"Canvas Width\": \"1200\"}","timestamp":"2017-08-25T14:30:42.272Z"}
{"level":"info","message":"{\"Canvas\": \"7b3fa06b-58b5-485d-b10f-446fc77bdef1\" ,\"Canvas Height\": \"978\", \"Canvas Width\": \"1200\"}","timestamp":"2017-08-25T14:30:42.340Z"}
{"level":"info","message":"{\"Canvas\": \"307d1228-aded-44ee-b5ae-53cd4091300b\" ,\"Canvas Height\": \"978\", \"Canvas Width\": \"1200\"}","timestamp":"2017-08-25T14:31:23.408Z"}
{"level":"info","message":"{\"Canvas\": \"78e01c59-f2d6-40ed-a74e-84c659888a1f\" ,\"Canvas Height\": \"978\", \"Canvas Width\": \"1200\"}","timestamp":"2017-08-25T14:31:25.967Z"}
{"level":"info","message":"{\"Canvas\": \"089d3b92-a69a-4e24-8135-1217d041eb07\" ,\"Canvas Height\": \"768\", \"Canvas Width\": \"1024\"}","timestamp":"2017-08-25T14:31:26.090Z"}
{"level":"info","message":"{\"Canvas\": \"60aa14f6-0fbe-427a-b35e-404e7db82126\" ,\"Canvas Height\": \"768\", \"Canvas Width\": \"1024\"}","timestamp":"2017-08-25T14:31:26.099Z"}
{"level":"info","message":"{\"Canvas\": \"7066b5d8-4ef3-4b3d-9c88-2164efa9715d\" ,\"Canvas Height\": \"768\", \"Canvas Width\": \"1024\"}","timestamp":"2017-08-25T14:31:26.101Z"}
{"level":"info","message":"{\"Canvas\": \"a9954bce-0390-45ba-b82c-6345dedcf732\" ,\"Canvas Height\": \"768\", \"Canvas Width\": \"1024\"}","timestamp":"2017-08-25T14:31:26.178Z"}
{"level":"info","message":"{\"Canvas\": \"b95ca152-10d8-4a65-b8c5-feb24a7ccba2\" ,\"Canvas Height\": \"768\", \"Canvas Width\": \"1024\"}","timestamp":"2017-08-25T14:31:26.189Z"}
{"level":"info","message":"{\"Canvas\": \"ad40338f-81b2-4da6-a905-72d617c5b492\" ,\"Canvas Height\": \"768\", \"Canvas Width\": \"1024\"}","timestamp":"2017-08-25T14:31:26.198Z"}
{"level":"info","message":"{\"Canvas\": \"81bc5d63-5738-4fe9-88c6-bffa088b752f\" ,\"Canvas Height\": \"768\", \"Canvas Width\": \"1024\"}","timestamp":"2017-08-25T14:31:26.199Z"}
{"level":"info","message":"{\"Canvas\": \"f7a16a21-6067-4d28-89a0-da8b1d332283\" ,\"Canvas Height\": \"768\", \"Canvas Width\": \"1024\"}","timestamp":"2017-08-25T14:31:26.201Z"}
{"level":"info","message":"{\"Canvas\": \"50a2cd99-3fab-4426-bd01-1a0204343893\" ,\"Canvas Height\": \"768\", \"Canvas Width\": \"1024\"}","timestamp":"2017-08-25T14:31:26.202Z"}
{"level":"info","message":"{\"Canvas\": \"ec940a4c-6e4c-400c-af1a-1dcbdbd257ee\" ,\"Canvas Height\": \"768\", \"Canvas Width\": \"1024\"}","timestamp":"2017-08-25T14:31:29.207Z"}
{"level":"info","message":"{\"Canvas\": \"8e8bac22-40ca-4c52-bf13-561da39298b4\" ,\"Canvas Height\": \"768\", \"Canvas Width\": \"1024\"}","timestamp":"2017-08-25T14:31:29.223Z"}
{"level":"info","message":"{\"Canvas\": \"734f2a7f-01d0-468f-9eb8-68b3c5e78b77\" ,\"Canvas Height\": \"978\", \"Canvas Width\": \"1200\"}","timestamp":"2017-08-25T14:31:31.543Z"}
{"level":"info","message":"{\"Canvas\": \"301d900c-7a93-4d62-9d1b-ee7caf280725\" ,\"Canvas Height\": \"978\", \"Canvas Width\": \"1200\"}","timestamp":"2017-08-25T14:31:33.119Z"}
{"level":"info","message":"{\"Canvas\": \"252ae5b7-3c26-4c4c-8969-51ddc629ce07\" ,\"Canvas Height\": \"978\", \"Canvas Width\": \"1200\"}","timestamp":"2017-08-25T14:31:33.150Z"}
{"level":"info","message":"{\"Canvas\": \"60a85fa2-9d5e-4b1f-83dc-417d25c0d64e\" ,\"Canvas Height\": \"978\", \"Canvas Width\": \"1200\"}","timestamp":"2017-08-25T14:31:33.352Z"}
{"level":"info","message":"{\"Canvas\": \"8711b984-21e7-470d-99c5-7a3dc66b79b8\" ,\"Canvas Height\": \"978\", \"Canvas Width\": \"1200\"}","timestamp":"2017-08-25T14:32:08.907Z"}
{"level":"info","message":"{\"Canvas\": \"4c080b23-54e8-4a80-8daa-faa0e77434c4\" ,\"Canvas Height\": \"978\", \"Canvas Width\": \"1200\"}","timestamp":"2017-08-25T14:32:11.556Z"}
{"level":"info","message":"{\"Canvas\": \"d453c41a-82dd-4ce2-a9a5-bc3ececb87ba\" ,\"Canvas Height\": \"768\", \"Canvas Width\": \"1024\"}","timestamp":"2017-08-25T14:32:11.678Z"}
{"level":"info","message":"{\"Canvas\": \"8655cd4f-ce7c-47d5-8270-7188de649aa3\" ,\"Canvas Height\": \"768\", \"Canvas Width\": \"1024\"}","timestamp":"2017-08-25T14:32:11.685Z"}
{"level":"info","message":"{\"Canvas\": \"b6e4937d-66e5-47a7-abb8-32384863cbbd\" ,\"Canvas Height\": \"768\", \"Canvas Width\": \"1024\"}","timestamp":"2017-08-25T14:32:11.687Z"}
{"level":"info","message":"{\"Canvas\": \"ef728604-0eee-4123-847a-9e34e66c5eab\" ,\"Canvas Height\": \"768\", \"Canvas Width\": \"1024\"}","timestamp":"2017-08-25T14:32:11.761Z"}
{"level":"info","message":"{\"Canvas\": \"99e4724f-b7e0-481d-a7ed-431ade436a60\" ,\"Canvas Height\": \"768\", \"Canvas Width\": \"1024\"}","timestamp":"2017-08-25T14:32:11.772Z"}
{"level":"info","message":"{\"Canvas\": \"bffb7a05-8348-4071-8e7e-0b62649241a4\" ,\"Canvas Height\": \"768\", \"Canvas Width\": \"1024\"}","timestamp":"2017-08-25T14:32:11.781Z"}
{"level":"info","message":"{\"Canvas\": \"94f3ba1b-e64b-4bc8-9846-2cfce173aa82\" ,\"Canvas Height\": \"768\", \"Canvas Width\": \"1024\"}","timestamp":"2017-08-25T14:32:11.781Z"}
{"level":"info","message":"{\"Canvas\": \"5811b379-a615-4df7-b0fd-11f9e1cc13ff\" ,\"Canvas Height\": \"768\", \"Canvas Width\": \"1024\"}","timestamp":"2017-08-25T14:32:11.784Z"}
{"level":"info","message":"{\"Canvas\": \"a4e8776c-9488-40dd-9e68-69357f6280c1\" ,\"Canvas Height\": \"768\", \"Canvas Width\": \"1024\"}","timestamp":"2017-08-25T14:32:11.785Z"}
{"level":"info","message":"{\"Canvas\": \"64d66b90-de13-47f6-bcb5-06cda21f9e2f\" ,\"Canvas Height\": \"768\", \"Canvas Width\": \"1024\"}","timestamp":"2017-08-25T14:32:14.789Z"}
{"level":"info","message":"{\"Canvas\": \"ed7821e7-aaf9-49fe-83c1-6650f99aa378\" ,\"Canvas Height\": \"768\", \"Canvas Width\": \"1024\"}","timestamp":"2017-08-25T14:32:14.807Z"}
{"level":"info","message":"{\"Canvas\": \"a18799de-a915-4a10-b038-fc09759591f4\" ,\"Canvas Height\": \"978\", \"Canvas Width\": \"1200\"}","timestamp":"2017-08-25T14:32:17.055Z"}
{"level":"info","message":"{\"Canvas\": \"7a33ab77-36b1-4759-b350-a91f5224dc70\" ,\"Canvas Height\": \"978\", \"Canvas Width\": \"1200\"}","timestamp":"2017-08-25T14:32:18.442Z"}
{"level":"info","message":"{\"Canvas\": \"75c93300-b3e2-43a6-b97d-a11a7964df85\" ,\"Canvas Height\": \"978\", \"Canvas Width\": \"1200\"}","timestamp":"2017-08-25T14:32:18.567Z"}
{"level":"info","message":"{\"Canvas\": \"e8f67af6-2a75-4c3f-a3ba-d7dce573227f\" ,\"Canvas Height\": \"978\", \"Canvas Width\": \"1200\"}","timestamp":"2017-08-25T14:32:18.865Z"}
{"level":"info","message":"{\"Canvas\": \"18e57251-44d4-45b4-ab17-b046ed080c88\" ,\"Canvas Height\": \"978\", \"Canvas Width\": \"1200\"}","timestamp":"2017-08-25T14:35:45.564Z"}
{"level":"info","message":"{\"Canvas\": \"674a780c-a7bb-40de-856a-b46c516ff579\" ,\"Canvas Height\": \"978\", \"Canvas Width\": \"1200\"}","timestamp":"2017-08-25T14:35:48.197Z"}
{"level":"info","message":"{\"Canvas\": \"079d5c55-245f-4ba1-a4b0-d8f76518ee5e\" ,\"Canvas Height\": \"768\", \"Canvas Width\": \"1024\"}","timestamp":"2017-08-25T14:35:48.323Z"}
{"level":"info","message":"{\"Canvas\": \"aa2d6641-2b67-4138-b98b-753555beeb7f\" ,\"Canvas Height\": \"768\", \"Canvas Width\": \"1024\"}","timestamp":"2017-08-25T14:35:48.331Z"}
{"level":"info","message":"{\"Canvas\": \"d47e238c-1dde-45ed-90f9-a4cccc2a1db1\" ,\"Canvas Height\": \"768\", \"Canvas Width\": \"1024\"}","timestamp":"2017-08-25T14:35:48.333Z"}
{"level":"info","message":"{\"Canvas\": \"0662e751-0714-4116-b055-0d84cb9fb247\" ,\"Canvas Height\": \"768\", \"Canvas Width\": \"1024\"}","timestamp":"2017-08-25T14:35:48.410Z"}
{"level":"info","message":"{\"Canvas\": \"1e65a50a-da0a-4f8b-a309-b2ded4d5043c\" ,\"Canvas Height\": \"768\", \"Canvas Width\": \"1024\"}","timestamp":"2017-08-25T14:35:48.421Z"}
{"level":"info","message":"{\"Canvas\": \"a1ff7414-41be-4e33-8d89-60ff13fd9837\" ,\"Canvas Height\": \"768\", \"Canvas Width\": \"1024\"}","timestamp":"2017-08-25T14:35:48.430Z"}
{"level":"info","message":"{\"Canvas\": \"769f00d5-a01f-444e-8644-0d4c5b7fa472\" ,\"Canvas Height\": \"768\", \"Canvas Width\": \"1024\"}","timestamp":"2017-08-25T14:35:48.431Z"}
{"level":"info","message":"{\"Canvas\": \"39993fed-4cd0-42a5-8fad-145490796333\" ,\"Canvas Height\": \"768\", \"Canvas Width\": \"1024\"}","timestamp":"2017-08-25T14:35:48.432Z"}
{"level":"info","message":"{\"Canvas\": \"f5446492-7113-450b-ae89-69f3cbe5adb4\" ,\"Canvas Height\": \"768\", \"Canvas Width\": \"1024\"}","timestamp":"2017-08-25T14:35:48.434Z"}
{"level":"info","message":"{\"Canvas\": \"590f2114-bdc3-4bb4-aed3-1a109d7ad5be\" ,\"Canvas Height\": \"768\", \"Canvas Width\": \"1024\"}","timestamp":"2017-08-25T14:35:51.439Z"}
{"level":"info","message":"{\"Canvas\": \"1b570793-f639-4dfa-90fb-aaa6ba727402\" ,\"Canvas Height\": \"768\", \"Canvas Width\": \"1024\"}","timestamp":"2017-08-25T14:35:51.457Z"}
{"level":"info","message":"{\"Canvas\": \"1e33904b-f03a-44c0-a928-5bb7e4286237\" ,\"Canvas Height\": \"978\", \"Canvas Width\": \"1200\"}","timestamp":"2017-08-25T14:35:53.705Z"}
{"level":"info","message":"{\"Canvas\": \"d1644e8c-fb9e-4b46-9eb3-253ea457b02e\" ,\"Canvas Height\": \"978\", \"Canvas Width\": \"1200\"}","timestamp":"2017-08-25T14:35:54.880Z"}
{"level":"info","message":"{\"Canvas\": \"0b8d1d2a-b1b2-4926-ab0f-1f1ddaaf3601\" ,\"Canvas Height\": \"978\", \"Canvas Width\": \"1200\"}","timestamp":"2017-08-25T14:35:55.248Z"}
{"level":"info","message":"{\"Canvas\": \"d301f084-3d94-4517-abd2-461ca18919eb\" ,\"Canvas Height\": \"978\", \"Canvas Width\": \"1200\"}","timestamp":"2017-08-25T14:35:55.350Z"}
{"level":"info","message":"{\"Canvas\": \"26a5b55d-62e3-401a-a8b1-b8111a97b9ec\" ,\"Canvas Height\": \"978\", \"Canvas Width\": \"1200\"}","timestamp":"2017-08-25T14:41:57.231Z"}
{"level":"info","message":"{\"Canvas\": \"cd2ffc85-14e4-402b-b1f5-c4cd95e5cd8b\" ,\"Canvas Height\": \"978\", \"Canvas Width\": \"1200\"}","timestamp":"2017-08-25T14:41:59.882Z"}
{"level":"info","message":"{\"Canvas\": \"9a826273-0af8-4b63-9e46-0e7325a31b86\" ,\"Canvas Height\": \"768\", \"Canvas Width\": \"1024\"}","timestamp":"2017-08-25T14:42:00.005Z"}
{"level":"info","message":"{\"Canvas\": \"3b8857ca-0a81-415b-92e7-6c9f19ee50f8\" ,\"Canvas Height\": \"768\", \"Canvas Width\": \"1024\"}","timestamp":"2017-08-25T14:42:00.014Z"}
{"level":"info","message":"{\"Canvas\": \"d43d1d05-6dbb-4d6b-b2b7-09c0bc7a7379\" ,\"Canvas Height\": \"768\", \"Canvas Width\": \"1024\"}","timestamp":"2017-08-25T14:42:00.016Z"}
{"level":"info","message":"{\"Canvas\": \"d0991a79-0230-48c0-8c1d-bc0547cc3c41\" ,\"Canvas Height\": \"768\", \"Canvas Width\": \"1024\"}","timestamp":"2017-08-25T14:42:00.095Z"}
{"level":"info","message":"{\"Canvas\": \"588965d2-b22c-4764-8b6f-1013c8bd0671\" ,\"Canvas Height\": \"768\", \"Canvas Width\": \"1024\"}","timestamp":"2017-08-25T14:42:00.106Z"}
{"level":"info","message":"{\"Canvas\": \"2eaf21ea-8c67-4c38-89f9-574761c65674\" ,\"Canvas Height\": \"768\", \"Canvas Width\": \"1024\"}","timestamp":"2017-08-25T14:42:00.116Z"}
{"level":"info","message":"{\"Canvas\": \"f4ee00af-c783-42f8-8c06-8ad2a3cb15c1\" ,\"Canvas Height\": \"768\", \"Canvas Width\": \"1024\"}","timestamp":"2017-08-25T14:42:00.117Z"}
{"level":"info","message":"{\"Canvas\": \"ea780926-8af2-41c5-94a4-e748d7250607\" ,\"Canvas Height\": \"768\", \"Canvas Width\": \"1024\"}","timestamp":"2017-08-25T14:42:00.119Z"}
{"level":"info","message":"{\"Canvas\": \"8247e9ce-25b3-4bf0-8043-9473af3bfb3f\" ,\"Canvas Height\": \"768\", \"Canvas Width\": \"1024\"}","timestamp":"2017-08-25T14:42:00.120Z"}
{"level":"info","message":"{\"Canvas\": \"4aac06b0-7037-4967-a2a6-acc245dc62fb\" ,\"Canvas Height\": \"768\", \"Canvas Width\": \"1024\"}","timestamp":"2017-08-25T14:42:03.125Z"}
{"level":"info","message":"{\"Canvas\": \"54d60d0e-fe77-4f07-ab45-0db2835d064b\" ,\"Canvas Height\": \"768\", \"Canvas Width\": \"1024\"}","timestamp":"2017-08-25T14:42:03.141Z"}
{"level":"info","message":"{\"Canvas\": \"8582425f-bd9d-4a48-ab73-d25e765f9935\" ,\"Canvas Height\": \"978\", \"Canvas Width\": \"1200\"}","timestamp":"2017-08-25T14:42:10.450Z"}
{"level":"info","message":"{\"Canvas\": \"9edc5974-0a35-4a28-ba61-39e7d6a2775d\" ,\"Canvas Height\": \"978\", \"Canvas Width\": \"1200\"}","timestamp":"2017-08-25T14:42:13.031Z"}
{"level":"info","message":"{\"Canvas\": \"f09cb230-8fba-4cdb-994d-9d830b8f6354\" ,\"Canvas Height\": \"978\", \"Canvas Width\": \"1200\"}","timestamp":"2017-08-25T14:42:15.397Z"}
{"level":"info","message":"{\"Canvas\": \"e1cd6491-688c-43e6-9875-c7c3ce3f858f\" ,\"Canvas Height\": \"978\", \"Canvas Width\": \"1200\"}","timestamp":"2017-08-25T14:42:17.888Z"}
{"level":"info","message":"{\"Canvas\": \"22822aea-549b-4283-a0e1-bea7a7c7b745\" ,\"Canvas Height\": \"978\", \"Canvas Width\": \"1200\"}","timestamp":"2017-08-25T14:42:31.565Z"}
{"level":"info","message":"{\"Canvas\": \"67b64d61-ae30-4eac-b2fe-a2c85d1ed963\" ,\"Canvas Height\": \"978\", \"Canvas Width\": \"1200\"}","timestamp":"2017-08-25T14:49:19.471Z"}
{"level":"info","message":"{\"Canvas\": \"c56eee9b-1834-4b5c-b1a6-0bce8426527c\" ,\"Canvas Height\": \"978\", \"Canvas Width\": \"1200\"}","timestamp":"2017-08-25T14:49:28.445Z"}
{"level":"info","message":"{\"Canvas\": \"b8466dd9-3d13-42b2-99b6-98b6feb7ce87\" ,\"Canvas Height\": \"978\", \"Canvas Width\": \"1200\"}","timestamp":"2017-08-25T14:49:31.214Z"}
{"level":"info","message":"{\"Canvas\": \"34bee2a5-6ce8-4931-a8fd-61cc84b64eaa\" ,\"Canvas Height\": \"768\", \"Canvas Width\": \"1024\"}","timestamp":"2017-08-25T14:49:31.329Z"}
{"level":"info","message":"{\"Canvas\": \"a070ea57-8ce7-4d91-9c63-b94879dcf4b9\" ,\"Canvas Height\": \"768\", \"Canvas Width\": \"1024\"}","timestamp":"2017-08-25T14:49:31.337Z"}
{"level":"info","message":"{\"Canvas\": \"590fa60f-4612-4ee7-81f7-fd7893057ee1\" ,\"Canvas Height\": \"768\", \"Canvas Width\": \"1024\"}","timestamp":"2017-08-25T14:49:31.339Z"}
{"level":"info","message":"{\"Canvas\": \"d1bfb650-3f2f-48ec-9c47-03289a701df2\" ,\"Canvas Height\": \"768\", \"Canvas Width\": \"1024\"}","timestamp":"2017-08-25T14:49:31.425Z"}
{"level":"info","message":"{\"Canvas\": \"a6a7eb47-b8f2-4127-83ca-d74fbdf73c2c\" ,\"Canvas Height\": \"768\", \"Canvas Width\": \"1024\"}","timestamp":"2017-08-25T14:49:31.435Z"}
{"level":"info","message":"{\"Canvas\": \"175631c1-c18a-4156-ad2f-44ca8c12364b\" ,\"Canvas Height\": \"768\", \"Canvas Width\": \"1024\"}","timestamp":"2017-08-25T14:49:31.445Z"}
{"level":"info","message":"{\"Canvas\": \"b51fdd11-1edf-4650-bf6c-336dc03ea8b8\" ,\"Canvas Height\": \"768\", \"Canvas Width\": \"1024\"}","timestamp":"2017-08-25T14:49:31.446Z"}
{"level":"info","message":"{\"Canvas\": \"bdd52414-4c8d-475b-92ad-37f250602ba9\" ,\"Canvas Height\": \"768\", \"Canvas Width\": \"1024\"}","timestamp":"2017-08-25T14:49:31.448Z"}
{"level":"info","message":"{\"Canvas\": \"a394dd68-3788-4652-9261-9c78542562ec\" ,\"Canvas Height\": \"768\", \"Canvas Width\": \"1024\"}","timestamp":"2017-08-25T14:49:31.449Z"}
{"level":"info","message":"{\"Canvas\": \"58298844-517e-4ff8-acb0-038831861a13\" ,\"Canvas Height\": \"768\", \"Canvas Width\": \"1024\"}","timestamp":"2017-08-25T14:49:34.455Z"}
{"level":"info","message":"{\"Canvas\": \"ea217ab7-2e47-47d7-853f-5b111b0dc9e6\" ,\"Canvas Height\": \"768\", \"Canvas Width\": \"1024\"}","timestamp":"2017-08-25T14:49:34.470Z"}
{"level":"info","message":"{\"Canvas\": \"120db2a4-04d6-432c-86a2-3bee3185cf55\" ,\"Canvas Height\": \"978\", \"Canvas Width\": \"1200\"}","timestamp":"2017-08-25T14:49:41.836Z"}
{"level":"info","message":"{\"Canvas\": \"754976c9-7f2c-4a90-a656-9e174b581aaf\" ,\"Canvas Height\": \"978\", \"Canvas Width\": \"1200\"}","timestamp":"2017-08-25T14:49:44.284Z"}
{"level":"info","message":"{\"Canvas\": \"95692af2-5155-4ef4-a2ae-dd25b60bac30\" ,\"Canvas Height\": \"978\", \"Canvas Width\": \"1200\"}","timestamp":"2017-08-25T14:49:46.695Z"}
{"level":"info","message":"{\"Canvas\": \"0b582544-6426-42ff-9778-e1037a78bb29\" ,\"Canvas Height\": \"978\", \"Canvas Width\": \"1200\"}","timestamp":"2017-08-25T14:49:49.051Z"}
{"level":"info","message":"{\"Canvas\": \"6e380c34-a75e-4504-9407-0d1c77d9b90b\" ,\"Canvas Height\": \"978\", \"Canvas Width\": \"1200\"}","timestamp":"2017-08-25T14:50:12.668Z"}
{"level":"info","message":"{\"Canvas\": \"dd535624-ebfa-476d-83cf-2d9d9f743966\" ,\"Canvas Height\": \"978\", \"Canvas Width\": \"1200\"}","timestamp":"2017-08-25T14:50:15.313Z"}
{"level":"info","message":"{\"Canvas\": \"4c8171a9-0590-45e4-a08f-dab28dc11c93\" ,\"Canvas Height\": \"768\", \"Canvas Width\": \"1024\"}","timestamp":"2017-08-25T14:50:15.455Z"}
{"level":"info","message":"{\"Canvas\": \"14d3b7f7-036e-4c59-bf00-86c57e24ed1b\" ,\"Canvas Height\": \"768\", \"Canvas Width\": \"1024\"}","timestamp":"2017-08-25T14:50:15.463Z"}
{"level":"info","message":"{\"Canvas\": \"2de8682d-7463-4efc-8b5c-b60961594b8b\" ,\"Canvas Height\": \"768\", \"Canvas Width\": \"1024\"}","timestamp":"2017-08-25T14:50:15.464Z"}
{"level":"info","message":"{\"Canvas\": \"44e18c29-f9cd-42b3-aea8-f92180f0f315\" ,\"Canvas Height\": \"768\", \"Canvas Width\": \"1024\"}","timestamp":"2017-08-25T14:50:15.537Z"}
{"level":"info","message":"{\"Canvas\": \"996294cc-7bc8-43bb-b724-d8beeac71cc6\" ,\"Canvas Height\": \"768\", \"Canvas Width\": \"1024\"}","timestamp":"2017-08-25T14:50:15.548Z"}
{"level":"info","message":"{\"Canvas\": \"d534fe78-f11f-4a25-a5f4-40f75fe015c3\" ,\"Canvas Height\": \"768\", \"Canvas Width\": \"1024\"}","timestamp":"2017-08-25T14:50:15.556Z"}
{"level":"info","message":"{\"Canvas\": \"154bc09a-30ce-4f7b-bd9a-fc9b7a824ec5\" ,\"Canvas Height\": \"768\", \"Canvas Width\": \"1024\"}","timestamp":"2017-08-25T14:50:15.557Z"}
{"level":"info","message":"{\"Canvas\": \"00e9c0ed-c01e-43c9-8b77-1dffdd2e6579\" ,\"Canvas Height\": \"768\", \"Canvas Width\": \"1024\"}","timestamp":"2017-08-25T14:50:15.564Z"}
{"level":"info","message":"{\"Canvas\": \"f625a381-d02e-4756-88e1-1520c8004101\" ,\"Canvas Height\": \"768\", \"Canvas Width\": \"1024\"}","timestamp":"2017-08-25T14:50:15.565Z"}
{"level":"info","message":"{\"Canvas\": \"230a4ad6-29f0-4c78-bd28-8ae8dd9b2743\" ,\"Canvas Height\": \"768\", \"Canvas Width\": \"1024\"}","timestamp":"2017-08-25T14:50:18.571Z"}
{"level":"info","message":"{\"Canvas\": \"85d830e4-91a7-4ceb-b052-d8b21d603916\" ,\"Canvas Height\": \"768\", \"Canvas Width\": \"1024\"}","timestamp":"2017-08-25T14:50:18.586Z"}
{"level":"info","message":"{\"Canvas\": \"735861ce-0539-417a-a10e-7773de95b4ec\" ,\"Canvas Height\": \"978\", \"Canvas Width\": \"1200\"}","timestamp":"2017-08-25T14:50:25.912Z"}
{"level":"info","message":"{\"Canvas\": \"7d7f9bc1-30c8-492c-bfc6-59fe1e2aa5f4\" ,\"Canvas Height\": \"978\", \"Canvas Width\": \"1200\"}","timestamp":"2017-08-25T14:50:28.651Z"}
{"level":"info","message":"{\"Canvas\": \"c115fde7-f9ec-4899-864f-30fdd23ba60f\" ,\"Canvas Height\": \"978\", \"Canvas Width\": \"1200\"}","timestamp":"2017-08-25T14:50:31.132Z"}
{"level":"info","message":"{\"Canvas\": \"a2edb755-9578-4104-8254-9385f03b05c3\" ,\"Canvas Height\": \"978\", \"Canvas Width\": \"1200\"}","timestamp":"2017-08-25T14:50:33.521Z"}
{"level":"info","message":"{\"Canvas\": \"0c91997c-e73b-49fb-b096-a81f794e0b43\" ,\"Canvas Height\": \"978\", \"Canvas Width\": \"1200\"}","timestamp":"2017-08-25T14:51:19.680Z"}
{"level":"info","message":"{\"Canvas\": \"16929100-9640-41d7-adbe-1fddb98782b5\" ,\"Canvas Height\": \"978\", \"Canvas Width\": \"1200\"}","timestamp":"2017-08-25T14:51:22.444Z"}
{"level":"info","message":"{\"Canvas\": \"71bec3a0-329f-4ce0-afe8-447cb007d017\" ,\"Canvas Height\": \"768\", \"Canvas Width\": \"1024\"}","timestamp":"2017-08-25T14:51:22.593Z"}
{"level":"info","message":"{\"Canvas\": \"2ad2fb5a-5dc7-4d15-a527-09e622eaae56\" ,\"Canvas Height\": \"768\", \"Canvas Width\": \"1024\"}","timestamp":"2017-08-25T14:51:22.601Z"}
{"level":"info","message":"{\"Canvas\": \"1d00c926-e264-4edc-a438-3ec1d1d873c8\" ,\"Canvas Height\": \"768\", \"Canvas Width\": \"1024\"}","timestamp":"2017-08-25T14:51:22.602Z"}
{"level":"info","message":"{\"Canvas\": \"10498374-4322-4bc0-9b92-971e54e32f1f\" ,\"Canvas Height\": \"768\", \"Canvas Width\": \"1024\"}","timestamp":"2017-08-25T14:51:22.677Z"}
{"level":"info","message":"{\"Canvas\": \"d3bec508-ee61-41e4-846c-3cda97182ab6\" ,\"Canvas Height\": \"768\", \"Canvas Width\": \"1024\"}","timestamp":"2017-08-25T14:51:22.687Z"}
{"level":"info","message":"{\"Canvas\": \"1f1cf38e-b15f-4c3b-ab47-1afa324459d9\" ,\"Canvas Height\": \"768\", \"Canvas Width\": \"1024\"}","timestamp":"2017-08-25T14:51:22.696Z"}
{"level":"info","message":"{\"Canvas\": \"6dc3b173-6607-419e-87fe-aad65b6a59c2\" ,\"Canvas Height\": \"768\", \"Canvas Width\": \"1024\"}","timestamp":"2017-08-25T14:51:22.696Z"}
{"level":"info","message":"{\"Canvas\": \"e737f063-53cf-4c21-95eb-29db26feb865\" ,\"Canvas Height\": \"768\", \"Canvas Width\": \"1024\"}","timestamp":"2017-08-25T14:51:22.699Z"}
{"level":"info","message":"{\"Canvas\": \"a294427c-6c44-4237-837e-aabb25210ff0\" ,\"Canvas Height\": \"768\", \"Canvas Width\": \"1024\"}","timestamp":"2017-08-25T14:51:22.700Z"}
{"level":"info","message":"{\"Canvas\": \"dfad4139-c090-481a-bb6d-6807f3c3cfd0\" ,\"Canvas Height\": \"768\", \"Canvas Width\": \"1024\"}","timestamp":"2017-08-25T14:51:25.704Z"}
{"level":"info","message":"{\"Canvas\": \"10ef8807-ef9a-413e-9f19-17e3c401a6ef\" ,\"Canvas Height\": \"768\", \"Canvas Width\": \"1024\"}","timestamp":"2017-08-25T14:51:25.719Z"}
{"level":"info","message":"{\"Canvas\": \"1c667507-4b73-431a-9d5c-6d79b05ccad6\" ,\"Canvas Height\": \"978\", \"Canvas Width\": \"1200\"}","timestamp":"2017-08-25T14:51:33.124Z"}
{"level":"info","message":"{\"Canvas\": \"b4629b80-5bfa-47dc-a5d1-3ccf2e5b94b4\" ,\"Canvas Height\": \"978\", \"Canvas Width\": \"1200\"}","timestamp":"2017-08-25T14:51:35.583Z"}
{"level":"info","message":"{\"Canvas\": \"cf2b71f0-a459-4092-8681-e60f93c5fde1\" ,\"Canvas Height\": \"978\", \"Canvas Width\": \"1200\"}","timestamp":"2017-08-25T14:51:38.002Z"}
{"level":"info","message":"{\"Canvas\": \"6088cf1c-a5cc-407e-b04b-c5a4109cdf66\" ,\"Canvas Height\": \"978\", \"Canvas Width\": \"1200\"}","timestamp":"2017-08-25T14:51:40.317Z"}
{"level":"info","message":"{\"Canvas\": \"fcfcf80e-e0b7-43e2-aed3-9d2831164a0b\" ,\"Canvas Height\": \"978\", \"Canvas Width\": \"1200\"}","timestamp":"2017-08-25T14:51:56.848Z"}
{"level":"info","message":"{\"Canvas\": \"3e089232-9b44-457d-b333-cf4723b9df32\" ,\"Canvas Height\": \"978\", \"Canvas Width\": \"1200\"}","timestamp":"2017-08-25T14:51:59.477Z"}
{"level":"info","message":"{\"Canvas\": \"2bae4801-69bc-4178-b779-cf5ee4c3eefc\" ,\"Canvas Height\": \"768\", \"Canvas Width\": \"1024\"}","timestamp":"2017-08-25T14:51:59.595Z"}
{"level":"info","message":"{\"Canvas\": \"e3f093af-7f64-45ff-844d-a86a8880e6a3\" ,\"Canvas Height\": \"768\", \"Canvas Width\": \"1024\"}","timestamp":"2017-08-25T14:51:59.603Z"}
{"level":"info","message":"{\"Canvas\": \"020ecdfb-82c4-4453-b5ba-3c4913641890\" ,\"Canvas Height\": \"768\", \"Canvas Width\": \"1024\"}","timestamp":"2017-08-25T14:51:59.605Z"}
{"level":"info","message":"{\"Canvas\": \"d572c3d8-b3b2-4de0-9746-82056690bfcb\" ,\"Canvas Height\": \"768\", \"Canvas Width\": \"1024\"}","timestamp":"2017-08-25T14:51:59.682Z"}
{"level":"info","message":"{\"Canvas\": \"1833f8ba-3d38-42c8-8e3c-9ab532904254\" ,\"Canvas Height\": \"768\", \"Canvas Width\": \"1024\"}","timestamp":"2017-08-25T14:51:59.693Z"}
{"level":"info","message":"{\"Canvas\": \"ddaa8474-62e2-4eff-b370-d2a1cee1ded8\" ,\"Canvas Height\": \"768\", \"Canvas Width\": \"1024\"}","timestamp":"2017-08-25T14:51:59.702Z"}
{"level":"info","message":"{\"Canvas\": \"42d13afd-92a7-4a55-a15e-d35b49be8d4c\" ,\"Canvas Height\": \"768\", \"Canvas Width\": \"1024\"}","timestamp":"2017-08-25T14:51:59.703Z"}
{"level":"info","message":"{\"Canvas\": \"f386ce69-7da4-4729-8137-ab0ffb024dd2\" ,\"Canvas Height\": \"768\", \"Canvas Width\": \"1024\"}","timestamp":"2017-08-25T14:51:59.705Z"}
{"level":"info","message":"{\"Canvas\": \"0b9ac1be-ca1d-44c0-9250-e285d8faeb0d\" ,\"Canvas Height\": \"768\", \"Canvas Width\": \"1024\"}","timestamp":"2017-08-25T14:51:59.707Z"}
{"level":"info","message":"{\"Canvas\": \"6cb5e1b7-9d68-476a-89d9-b46e2d35aa60\" ,\"Canvas Height\": \"768\", \"Canvas Width\": \"1024\"}","timestamp":"2017-08-25T14:52:02.710Z"}
{"level":"info","message":"{\"Canvas\": \"0ab819a9-330f-43f1-8ecd-03b443122a22\" ,\"Canvas Height\": \"768\", \"Canvas Width\": \"1024\"}","timestamp":"2017-08-25T14:52:02.724Z"}
{"level":"info","message":"{\"Canvas\": \"174aac91-d5d0-4686-93a9-b9846f97d109\" ,\"Canvas Height\": \"978\", \"Canvas Width\": \"1200\"}","timestamp":"2017-08-25T14:52:10.041Z"}
{"level":"info","message":"{\"Canvas\": \"94ababe3-fe30-435d-a527-7c93919f3300\" ,\"Canvas Height\": \"978\", \"Canvas Width\": \"1200\"}","timestamp":"2017-08-25T14:52:12.503Z"}
{"level":"info","message":"{\"Canvas\": \"927e97b1-b0a4-46ee-972c-79916047976a\" ,\"Canvas Height\": \"978\", \"Canvas Width\": \"1200\"}","timestamp":"2017-08-25T14:52:14.898Z"}
{"level":"info","message":"{\"Canvas\": \"2c6a02df-9039-4a86-adb5-99266172e665\" ,\"Canvas Height\": \"978\", \"Canvas Width\": \"1200\"}","timestamp":"2017-08-25T14:52:17.246Z"}
{"level":"info","message":"{\"Canvas\": \"abc20e3e-1460-4035-ae77-f87f34944eac\" ,\"Canvas Height\": \"978\", \"Canvas Width\": \"1200\"}","timestamp":"2017-08-25T14:55:13.836Z"}
{"level":"info","message":"{\"Canvas\": \"e86afbc8-119e-470b-8a6f-21a5287ad3a2\" ,\"Canvas Height\": \"1000\", \"Canvas Width\": \"584\"}","timestamp":"2017-08-25T14:57:55.001Z"}
{"level":"info","message":"{\"Canvas\": \"f85f73cd-58b7-4758-8175-e9617293b0e3\" ,\"Canvas Height\": \"1000\", \"Canvas Width\": \"584\"}","timestamp":"2017-08-25T14:59:15.468Z"}
