{"level":"info","message":"{\"Card\": \"837ec9dc-e834-493c-b394-3bb78a07e9eb\", \"start\": { \"top\": \"361\", \"left\": \"272\"}, \"stop\":{\"top\":269, \"left\": 382}}","timestamp":"2017-08-25T14:42:44.545Z"}
{"level":"info","message":"{\"Card\": \"7fd4d64c-c0ab-4747-97e0-234f03929590\", \"start\": { \"top\": \"359\", \"left\": \"191\"}, \"stop\":{\"top\":50, \"left\": 50}}","timestamp":"2017-08-25T14:55:22.261Z"}
{"level":"info","message":"{\"Card\": \"225ecb8e-aabd-4357-961b-e5f2de4198bd\", \"start\": { \"top\": \"359\", \"left\": \"191\"}, \"stop\":{\"top\":50, \"left\": 50}}","timestamp":"2017-08-25T14:57:58.886Z"}
{"level":"info","message":"{\"Card\": \"880501fa-8b26-4019-bf69-ecd9066a5553\", \"start\": { \"top\": \"359\", \"left\": \"191\"}, \"stop\":{\"top\":50, \"left\": 50}}","timestamp":"2017-08-25T14:59:17.974Z"}
{"level":"info","message":"{\"Card\": \"f638345f-0b59-4c87-b439-8028b8bc160c\", \"start\": { \"top\": \"348\", \"left\": \"371\"}, \"stop\":{\"top\":50, \"left\": 50}}","timestamp":"2017-08-27T03:45:12.650Z"}
{"level":"info","message":"{\"Card\": \"fbf92458-5053-4b3f-9094-1b1a5a047f1c\", \"start\": { \"top\": \"348\", \"left\": \"329\"}, \"stop\":{\"top\":50, \"left\": 50}}","timestamp":"2017-08-27T03:48:52.105Z"}
{"level":"info","message":"{\"Card\": \"ebc4c296-61cf-40ea-8603-08b32cd0bd07\", \"start\": { \"top\": \"348\", \"left\": \"329\"}, \"stop\":{\"top\":50, \"left\": 50}}","timestamp":"2017-08-27T03:49:43.249Z"}
{"level":"info","message":"{\"Card\": \"4f675439-ffc7-427b-ba21-74d887b13872\", \"start\": { \"top\": \"348\", \"left\": \"329\"}, \"stop\":{\"top\":50, \"left\": 50}}","timestamp":"2017-08-27T03:50:04.184Z"}
{"level":"info","message":"{\"Card\": \"eab86f0f-7cfa-4bf4-8a89-eb4bd48e7e60\", \"start\": { \"top\": \"384\", \"left\": \"417.5\"}, \"stop\":{\"top\":423, \"left\": 417.5}}","timestamp":"2017-08-27T03:54:36.583Z"}
{"level":"info","message":"{\"Card\": \"297e5f6e-c997-496e-ae6e-5ce7fd38b0b0\", \"start\": { \"top\": \"384\", \"left\": \"417.5\"}, \"stop\":{\"top\":406, \"left\": 417.5}}","timestamp":"2017-08-27T03:55:45.081Z"}
{"level":"info","message":"{\"Card\": \"a08ac261-28a6-4dd8-80e7-bd7b2aebef93\", \"start\": { \"top\": \"384\", \"left\": \"417.5\"}, \"stop\":{\"top\":442, \"left\": 422.5}}","timestamp":"2017-08-27T03:56:12.601Z"}
{"level":"info","message":"{\"Card\": \"4fe4a417-46a3-4d00-a67c-06c475bcb6ab\", \"start\": { \"top\": \"384\", \"left\": \"417.5\"}, \"stop\":{\"top\":50, \"left\": 50}}","timestamp":"2017-08-27T04:10:49.900Z"}
{"level":"info","message":"{\"Card\": \"2b3d1ea4-0086-4c8c-a800-e2c06d41be54\", \"start\": { \"top\": \"384\", \"left\": \"417.5\"}, \"stop\":{\"top\":408, \"left\": 430.5}}","timestamp":"2017-08-27T04:35:22.585Z"}
{"level":"info","message":"{\"Card\": \"2b3d1ea4-0086-4c8c-a800-e2c06d41be54\", \"start\": { \"top\": \"408\", \"left\": \"430.5\"}, \"stop\":{\"top\":50, \"left\": 50}}","timestamp":"2017-08-27T04:35:26.328Z"}
{"level":"info","message":"{\"Card\": \"16704c52-9ce0-4a59-9486-b80628605069\", \"start\": { \"top\": \"384\", \"left\": \"417.5\"}, \"stop\":{\"top\":50, \"left\": 50}}","timestamp":"2017-08-27T04:40:14.959Z"}
{"level":"info","message":"{\"Card\": \"52aaa705-9014-47a9-aae4-a83124f6d9ea\", \"start\": { \"top\": \"384\", \"left\": \"417.5\"}, \"stop\":{\"top\":386, \"left\": 498.5}}","timestamp":"2017-08-27T04:56:57.990Z"}
{"level":"info","message":"{\"Card\": \"ab6ff11b-8683-442c-9964-2894f4c0e0b4\", \"start\": { \"top\": \"384\", \"left\": \"417.5\"}, \"stop\":{\"top\":397, \"left\": 418.5}}","timestamp":"2017-08-27T04:57:25.254Z"}
{"level":"info","message":"{\"Card\": \"8ce60974-410a-44b7-86ed-258195459a75\", \"start\": { \"top\": \"384\", \"left\": \"417.5\"}, \"stop\":{\"top\":398, \"left\": 425.5}}","timestamp":"2017-08-27T04:58:44.017Z"}
{"level":"info","message":"{\"Card\": \"5497c04c-1806-45a9-9215-c3211c6b00f3\", \"start\": { \"top\": \"384\", \"left\": \"417.5\"}, \"stop\":{\"top\":50, \"left\": 50}}","timestamp":"2017-08-27T04:59:20.944Z"}
{"level":"info","message":"{\"Card\": \"1c9e6086-972b-4b01-a905-2318205d98b4\", \"start\": { \"top\": \"384\", \"left\": \"417.5\"}, \"stop\":{\"top\":50, \"left\": 50}}","timestamp":"2017-08-27T05:00:19.761Z"}
{"level":"info","message":"{\"Card\": \"05158d8a-8b97-4681-b836-c4d4e1180f6e\", \"start\": { \"top\": \"384\", \"left\": \"417.5\"}, \"stop\":{\"top\":50, \"left\": 50}}","timestamp":"2017-08-27T05:02:38.205Z"}
{"level":"info","message":"{\"Card\": \"4e1bff1f-fea5-4773-b22c-dac4c131f313\", \"start\": { \"top\": \"384\", \"left\": \"417.5\"}, \"stop\":{\"top\":50, \"left\": 50}}","timestamp":"2017-08-27T05:03:20.961Z"}
{"level":"info","message":"{\"Card\": \"8c32ca32-f741-4b18-900b-7dad197682ae\", \"start\": { \"top\": \"384\", \"left\": \"417.5\"}, \"stop\":{\"top\":50, \"left\": 50}}","timestamp":"2017-08-27T05:03:35.144Z"}
{"level":"info","message":"{\"Card\": \"7e1d6dfa-c88a-409f-97b5-105923daf257\", \"start\": { \"top\": \"384\", \"left\": \"417.5\"}, \"stop\":{\"top\":50, \"left\": 50}}","timestamp":"2017-08-27T05:04:05.408Z"}
{"level":"info","message":"{\"Card\": \"6f72e030-cb65-4dce-b16e-fe982bc04d24\", \"start\": { \"top\": \"384\", \"left\": \"417.5\"}, \"stop\":{\"top\":50, \"left\": 50}}","timestamp":"2017-08-27T05:05:41.507Z"}
{"level":"info","message":"{\"Card\": \"eba0403b-b84c-4db2-91ab-911349b9c6bf\", \"start\": { \"top\": \"384\", \"left\": \"417.5\"}, \"stop\":{\"top\":50, \"left\": 50}}","timestamp":"2017-08-27T05:09:34.450Z"}
{"level":"info","message":"{\"Card\": \"c8fffed9-d178-434d-a1bc-d499557eddb5\", \"start\": { \"top\": \"384\", \"left\": \"417.5\"}, \"stop\":{\"top\":50, \"left\": 50}}","timestamp":"2017-08-27T05:09:54.421Z"}
{"level":"info","message":"{\"Card\": \"10371795-dda7-44ad-97fc-d0c77c3951a5\", \"start\": { \"top\": \"384\", \"left\": \"417.5\"}, \"stop\":{\"top\":50, \"left\": 50}}","timestamp":"2017-08-27T05:10:27.072Z"}
{"level":"info","message":"{\"Card\": \"0ea3cebc-0c43-4f0f-a355-7b8190707740\", \"start\": { \"top\": \"384\", \"left\": \"417.5\"}, \"stop\":{\"top\":50, \"left\": 50}}","timestamp":"2017-08-27T05:11:15.378Z"}
{"level":"info","message":"{\"Card\": \"99d504ed-6e8c-4585-b284-961ca8450fd4\", \"start\": { \"top\": \"384\", \"left\": \"417.5\"}, \"stop\":{\"top\":50, \"left\": 50}}","timestamp":"2017-08-27T05:48:27.023Z"}
{"level":"info","message":"{\"Card\": \"a34bc84f-e86f-4b83-9dcf-bd2870e75256\", \"start\": { \"top\": \"384\", \"left\": \"417.5\"}, \"stop\":{\"top\":50, \"left\": 50}}","timestamp":"2017-08-27T05:49:05.064Z"}
{"level":"info","message":"{\"Card\": \"23f43e58-0e29-44c6-8322-c84e62431486\", \"start\": { \"top\": \"348\", \"left\": \"177.5\"}, \"stop\":{\"top\":50, \"left\": 50}}","timestamp":"2017-09-04T00:28:42.256Z"}
{"level":"info","message":"{\"Card\": \"c0ca4584-ee6a-4f3f-8e5a-6bd14bbafb47\", \"start\": { \"top\": \"348\", \"left\": \"177.5\"}, \"stop\":{\"top\":50, \"left\": 50}}","timestamp":"2017-09-04T00:41:29.362Z"}
{"level":"info","message":"{\"Card\": \"4892dc78-3b96-4752-ac77-163e2a0e1d0f\", \"start\": { \"top\": \"348\", \"left\": \"177.5\"}, \"stop\":{\"top\":50, \"left\": 50}}","timestamp":"2017-09-04T00:41:38.878Z"}
{"level":"info","message":"{\"Card\": \"4a994ea6-e80b-4f45-9bb1-5646d8e12e41\", \"start\": { \"top\": \"348\", \"left\": \"177.5\"}, \"stop\":{\"top\":50, \"left\": 50}}","timestamp":"2017-09-04T00:43:56.747Z"}
{"level":"info","message":"{\"Card\": \"d6e4c3c0-8be7-498c-9ec3-6a4a92e4c7c8\", \"start\": { \"top\": \"348\", \"left\": \"177.5\"}, \"stop\":{\"top\":50, \"left\": 50}}","timestamp":"2017-09-04T00:44:56.211Z"}
{"level":"info","message":"{\"Card\": \"4275fbb6-f61f-4f90-8785-2454b3681474\", \"start\": { \"top\": \"348\", \"left\": \"177.5\"}, \"stop\":{\"top\":50, \"left\": 50}}","timestamp":"2017-09-04T00:45:39.200Z"}
{"level":"info","message":"{\"Card\": \"b1e73248-b6b9-4481-b581-030f5a16d721\", \"start\": { \"top\": \"257\", \"left\": \"359.5\"}, \"stop\":{\"top\":50, \"left\": 50}}","timestamp":"2017-09-04T00:46:46.842Z"}
{"level":"info","message":"{\"Card\": \"ae02abb6-443e-42d7-a39f-7f3629298b5e\", \"start\": { \"top\": \"257\", \"left\": \"270\"}, \"stop\":{\"top\":50, \"left\": 50}}","timestamp":"2017-09-04T00:52:26.622Z"}
{"level":"info","message":"{\"Card\": \"a66389ca-29bc-4783-9413-aacceeca2394\", \"start\": { \"top\": \"348\", \"left\": \"287.5\"}, \"stop\":{\"top\":50, \"left\": 50}}","timestamp":"2017-09-04T00:53:24.149Z"}
{"level":"info","message":"{\"Card\": \"e2c256d3-b717-4dd6-a5d9-6a8cfcb3d052\", \"start\": { \"top\": \"348\", \"left\": \"287.5\"}, \"stop\":{\"top\":50, \"left\": 50}}","timestamp":"2017-09-04T01:05:18.165Z"}
{"level":"info","message":"{\"Card\": \"4436a87a-4b6a-437f-98ac-1673dd5ceb70\", \"start\": { \"top\": \"348\", \"left\": \"287.5\"}, \"stop\":{\"top\":50, \"left\": 50}}","timestamp":"2017-09-04T01:06:31.337Z"}
{"level":"info","message":"{\"Card\": \"5c68e0b9-b649-4730-9de1-dd7f29cf8604\", \"start\": { \"top\": \"348\", \"left\": \"287.5\"}, \"stop\":{\"top\":50, \"left\": 50}}","timestamp":"2017-09-04T02:15:53.050Z"}
{"level":"info","message":"{\"Card\": \"5cfdaa7f-650c-4d90-b710-12b4fa7db0aa\", \"start\": { \"top\": \"348\", \"left\": \"287.5\"}, \"stop\":{\"top\":50, \"left\": 50}}","timestamp":"2017-09-04T02:16:23.346Z"}
{"level":"info","message":"{\"Card\": \"6d4c224a-8496-400e-a7a5-1b2aaefde655\", \"start\": { \"top\": \"348\", \"left\": \"287.5\"}, \"stop\":{\"top\":50, \"left\": 50}}","timestamp":"2017-09-04T02:16:47.333Z"}
{"level":"info","message":"{\"Card\": \"8a258471-645c-47d4-b9a8-5e89fe07a744\", \"start\": { \"top\": \"348\", \"left\": \"287.5\"}, \"stop\":{\"top\":50, \"left\": 50}}","timestamp":"2017-09-04T03:01:30.119Z"}
{"level":"info","message":"{\"Card\": \"8b17f945-5f63-4b19-980e-8b7ce837b352\", \"start\": { \"top\": \"348\", \"left\": \"287.5\"}, \"stop\":{\"top\":50, \"left\": 50}}","timestamp":"2017-09-04T03:02:51.133Z"}
{"level":"info","message":"{\"Card\": \"1c6715c0-99c1-407d-a320-96723e30b57e\", \"start\": { \"top\": \"348\", \"left\": \"289\"}, \"stop\":{\"top\":220, \"left\": 329}}","timestamp":"2017-09-06T03:39:31.338Z"}
{"level":"info","message":"{\"Card\": \"72eb0a1e-cb85-407e-b203-8b58cb09b930\", \"start\": { \"top\": \"348\", \"left\": \"289\"}, \"stop\":{\"top\":50, \"left\": 50}}","timestamp":"2017-09-06T03:39:39.997Z"}
{"level":"info","message":"{\"Card\": \"fa591661-b04e-432a-8018-ad34b611d4d8\", \"start\": { \"top\": \"348\", \"left\": \"287.5\"}, \"stop\":{\"top\":50, \"left\": 50}}","timestamp":"2017-09-06T03:51:30.384Z"}
{"level":"info","message":"{\"Card\": \"220e7ec3-2b36-4bfa-b557-609a1034c967\", \"start\": { \"top\": \"348\", \"left\": \"289\"}, \"stop\":{\"top\":253, \"left\": 291}}","timestamp":"2017-09-06T04:04:05.608Z"}
{"level":"info","message":"{\"Card\": \"d56234f3-5bc9-40d0-bc7b-4dfeb9986c23\", \"start\": { \"top\": \"348\", \"left\": \"289\"}, \"stop\":{\"top\":326, \"left\": 320}}","timestamp":"2017-09-06T05:04:49.042Z"}
{"level":"info","message":"{\"Card\": \"64f5972b-fcdd-4313-a150-68ccb6f4e31e\", \"start\": { \"top\": \"348\", \"left\": \"289\"}, \"stop\":{\"top\":460, \"left\": 483}}","timestamp":"2017-09-06T05:12:13.095Z"}
{"level":"info","message":"{\"Card\": \"5f322130-0d33-4c9d-8b37-b8bf647b98e0\", \"start\": { \"top\": \"348\", \"left\": \"289\"}, \"stop\":{\"top\":370, \"left\": 350}}","timestamp":"2017-09-06T05:17:54.778Z"}
{"level":"info","message":"{\"Card\": \"5f322130-0d33-4c9d-8b37-b8bf647b98e0\", \"start\": { \"top\": \"370\", \"left\": \"350\"}, \"stop\":{\"top\":311, \"left\": 264}}","timestamp":"2017-09-06T05:17:57.229Z"}
{"level":"info","message":"{\"Card\": \"5e0b742a-6051-46b3-bd4e-e12fd0401dd8\", \"start\": { \"top\": \"348\", \"left\": \"254.5\"}, \"stop\":{\"top\":270, \"left\": 212.5}}","timestamp":"2017-09-11T03:13:50.984Z"}
{"level":"info","message":"{\"Card\": \"ae56bfbf-0b92-4752-a29d-ba61a9fbdc8e\", \"start\": { \"top\": \"348\", \"left\": \"173.5\"}, \"stop\":{\"top\":289, \"left\": 183.5}}","timestamp":"2017-09-13T06:26:21.318Z"}
{"level":"info","message":"{\"Card\": \"3a0e6b88-10d3-48a4-aec0-2d6a748f7787\", \"start\": { \"top\": \"348\", \"left\": \"173.5\"}, \"stop\":{\"top\":242, \"left\": 122.5}}","timestamp":"2017-09-14T23:41:00.911Z"}
{"level":"info","message":"{\"Card\": \"bf0bf2e6-2da7-4de2-83e7-171e77221eb7\", \"start\": { \"top\": \"340.5\", \"left\": \"173.5\"}, \"stop\":{\"top\":552.5, \"left\": 180.5}}","timestamp":"2017-09-15T00:04:02.333Z"}
{"level":"info","message":"{\"Card\": \"2a4a0eb4-8190-432f-bbd9-3792ca4524ae\", \"start\": { \"top\": \"348\", \"left\": \"322\"}, \"stop\":{\"top\":394, \"left\": 83}}","timestamp":"2017-09-15T14:58:03.574Z"}
{"level":"info","message":"{\"Card\": \"378b55d3-d729-40ba-ae2a-624cdf82dac3\", \"start\": { \"top\": \"348\", \"left\": \"322\"}, \"stop\":{\"top\":389, \"left\": 346}}","timestamp":"2017-09-15T15:05:05.877Z"}
{"level":"info","message":"{\"Card\": \"09e4b1d8-6825-4343-881f-4271bc4e78f3\", \"start\": { \"top\": \"384\", \"left\": \"496\"}, \"stop\":{\"top\":168, \"left\": 152}}","timestamp":"2017-09-17T14:02:25.652Z"}
{"level":"info","message":"{\"Card\": \"66b2b734-062a-4c98-8108-8497f4d8d21b\", \"start\": { \"top\": \"384\", \"left\": \"496\"}, \"stop\":{\"top\":329, \"left\": 521}}","timestamp":"2017-09-17T14:10:04.081Z"}
{"level":"info","message":"{\"Card\": \"f5a49692-c563-4e5b-8288-3e357cf28ba4\", \"start\": { \"top\": \"384\", \"left\": \"496\"}, \"stop\":{\"top\":451, \"left\": 324}}","timestamp":"2017-09-17T14:15:32.276Z"}
{"level":"info","message":"{\"Card\": \"737ad858-e429-4b1a-be8c-08f6b21e95ac\", \"start\": { \"top\": \"384\", \"left\": \"496\"}, \"stop\":{\"top\":301, \"left\": 478}}","timestamp":"2017-09-17T14:23:15.810Z"}
{"level":"info","message":"{\"Card\": \"0a6cb023-940f-4d7a-bc13-308d2072091f\", \"start\": { \"top\": \"384\", \"left\": \"496\"}, \"stop\":{\"top\":257, \"left\": 257}}","timestamp":"2017-09-17T14:37:09.695Z"}
{"level":"info","message":"{\"Card\": \"0a6cb023-940f-4d7a-bc13-308d2072091f\", \"start\": { \"top\": \"257\", \"left\": \"257\"}, \"stop\":{\"top\":232, \"left\": 230}}","timestamp":"2017-09-17T14:37:14.099Z"}
{"level":"info","message":"{\"Card\": \"cf9b55f8-db11-4d3e-9d0f-de8ec11fe028\", \"start\": { \"top\": \"384\", \"left\": \"496\"}, \"stop\":{\"top\":414, \"left\": 560}}","timestamp":"2017-09-17T14:43:50.524Z"}
{"level":"info","message":"{\"Card\": \"63ef99f7-0ac9-4846-8f60-f8d7ca1d7f95\", \"start\": { \"top\": \"384\", \"left\": \"496\"}, \"stop\":{\"top\":241, \"left\": 360}}","timestamp":"2017-09-17T14:44:01.015Z"}
{"level":"info","message":"{\"Card\": \"2c304bf1-b863-4daa-b1a8-86743c8a338e\", \"start\": { \"top\": \"384\", \"left\": \"496\"}, \"stop\":{\"top\":110, \"left\": 647}}","timestamp":"2017-09-17T15:28:05.455Z"}
{"level":"info","message":"{\"Card\": \"2c304bf1-b863-4daa-b1a8-86743c8a338e\", \"start\": { \"top\": \"110\", \"left\": \"647\"}, \"stop\":{\"top\":119, \"left\": 458}}","timestamp":"2017-09-17T15:28:09.617Z"}
{"level":"info","message":"{\"Card\": \"b4f2de0f-e01c-4b3f-87e3-d83196ff3809\", \"start\": { \"top\": \"348\", \"left\": \"256\"}, \"stop\":{\"top\":151, \"left\": 340}}","timestamp":"2017-09-18T04:37:08.355Z"}
{"level":"info","message":"{\"Card\": \"52c4d5ab-c61c-4477-9515-6d0ec0dc9710\", \"start\": { \"top\": \"348\", \"left\": \"256\"}, \"stop\":{\"top\":268, \"left\": 30}}","timestamp":"2017-09-18T04:37:12.198Z"}
{"level":"info","message":"{\"Card\": \"71ce308b-9861-4e4b-b9de-e11f1e42cad5\", \"start\": { \"top\": \"348\", \"left\": \"256\"}, \"stop\":{\"top\":460, \"left\": 508}}","timestamp":"2017-09-18T04:39:08.905Z"}
{"level":"info","message":"{\"Card\": \"4c6ada76-04a1-406f-b476-362fadccd8d7\", \"start\": { \"top\": \"348\", \"left\": \"256\"}, \"stop\":{\"top\":385, \"left\": 447}}","timestamp":"2017-09-18T04:39:22.740Z"}
{"level":"info","message":"{\"Card\": \"4c6ada76-04a1-406f-b476-362fadccd8d7\", \"start\": { \"top\": \"385\", \"left\": \"447\"}, \"stop\":{\"top\":374, \"left\": 495}}","timestamp":"2017-09-18T04:39:23.527Z"}
{"level":"info","message":"{\"Card\": \"d0c4bc39-2e73-4b45-8102-8d6550939e57\", \"start\": { \"top\": \"348\", \"left\": \"256\"}, \"stop\":{\"top\":233, \"left\": 478}}","timestamp":"2017-09-18T04:46:34.877Z"}
{"level":"info","message":"{\"Card\": \"dd68b4c6-309c-47bf-9541-9eafde7bdfea\", \"start\": { \"top\": \"348\", \"left\": \"256\"}, \"stop\":{\"top\":215, \"left\": 43}}","timestamp":"2017-09-18T04:46:37.742Z"}
{"level":"info","message":"{\"Card\": \"bcb3f50e-5b8a-47ef-807e-0654f51989aa\", \"start\": { \"top\": \"348\", \"left\": \"256\"}, \"stop\":{\"top\":203, \"left\": 471}}","timestamp":"2017-09-18T04:49:03.423Z"}
{"level":"info","message":"{\"Card\": \"af169e50-77c3-414e-9b64-e2d36af27f39\", \"start\": { \"top\": \"348\", \"left\": \"256\"}, \"stop\":{\"top\":184, \"left\": 44}}","timestamp":"2017-09-18T04:55:58.408Z"}
{"level":"info","message":"{\"Card\": \"b970d6d9-d320-4fdb-b70d-97b2f2ee3b6b\", \"start\": { \"top\": \"348\", \"left\": \"256\"}, \"stop\":{\"top\":99, \"left\": 399}}","timestamp":"2017-09-18T05:35:10.296Z"}
{"level":"info","message":"{\"Card\": \"93ec777a-6c82-44e7-a592-491dc906fac7\", \"start\": { \"top\": \"348\", \"left\": \"256\"}, \"stop\":{\"top\":198, \"left\": 493}}","timestamp":"2017-09-18T05:37:35.757Z"}
{"level":"info","message":"{\"Card\": \"c317415e-1107-445d-adbc-8ab6a9662b22\", \"start\": { \"top\": \"348\", \"left\": \"256\"}, \"stop\":{\"top\":305, \"left\": 431}}","timestamp":"2017-11-04T05:38:03.488Z"}
{"level":"info","message":"{\"Card\": \"c317415e-1107-445d-adbc-8ab6a9662b22\", \"start\": { \"top\": \"305\", \"left\": \"431\"}, \"stop\":{\"top\":311, \"left\": 138}}","timestamp":"2017-11-04T05:38:16.220Z"}
{"level":"info","message":"{\"Card\": \"faa924fe-63ee-4c85-9b35-6b920bd6fd7a\", \"start\": { \"top\": \"348\", \"left\": \"256\"}, \"stop\":{\"top\":242, \"left\": 278}}","timestamp":"2017-11-04T06:17:53.393Z"}
{"level":"info","message":"{\"Card\": \"5d9f719a-39e8-44f1-b6d8-889710715ca6\", \"start\": { \"top\": \"348\", \"left\": \"256\"}, \"stop\":{\"top\":232, \"left\": 216}}","timestamp":"2017-11-04T06:18:42.189Z"}
