{"level":"info","message":"{\"Stack\": \"cbc94ac8-2d6c-4956-9021-9684c21c3192\" ,\"Bottom Card\": \"08333e35-040b-4006-9743-24043b927104\", \"Top Card\": \"b9858965-560c-4944-9ab3-249780454110\"}","timestamp":"2017-08-27T05:19:04.432Z"}
{"level":"info","message":"{\"Stack\": \"4f7d0279-8abd-41ed-93eb-1fd75ee2346a\" ,\"Bottom Card\": \"c899cbaa-7ad2-4904-b8fd-b3ed8a947e84\", \"Top Card\": \"9bd49790-670e-458e-a594-84b19976cecf\"}","timestamp":"2017-08-27T05:20:54.231Z"}
{"level":"info","message":"{\"Stack\": \"e1176a7f-e02c-4d0f-acf3-2ebb7a7a1a2b\" ,\"Bottom Card\": \"85ace949-bc05-4d85-a93b-2f1726db8e2f\", \"Top Card\": \"2b144599-908b-46bc-b7ba-f05f1fa9099e\"}","timestamp":"2017-08-27T05:21:08.086Z"}
{"level":"info","message":"{\"Stack\": \"5358cc7f-9f45-43b9-be5c-c7610ea67157\" ,\"Bottom Card\": \"05f9fe2b-913f-4c55-b8fd-fabe60cef132\", \"Top Card\": \"75a2bbfa-4556-4abf-8ca8-2ca60dbf992b\"}","timestamp":"2017-08-27T05:22:28.628Z"}
{"level":"info","message":"{\"Stack\": \"77afd872-cb5f-43ce-9cd1-f67ca034658d\" ,\"Bottom Card\": \"b28b71ee-a08b-4453-990a-edce6a8e878c\", \"Top Card\": \"e0e53d30-ae8d-4c4b-9604-120e0c7dbd48\"}","timestamp":"2017-08-27T05:26:42.713Z"}
{"level":"info","message":"{\"Stack\": \"b07ffe39-d241-4f04-95f1-d0709f8b1364\" ,\"Bottom Card\": \"4d22af75-351e-4db1-b201-511a31fba61e\", \"Top Card\": \"d612506e-8f93-47c4-b483-27be66ec8957\"}","timestamp":"2017-08-27T05:40:05.755Z"}
{"level":"info","message":"{\"Stack\": \"8055415a-281d-43fc-be31-87ae7206efb5\" ,\"Bottom Card\": \"fc8a7823-d308-4480-8630-761326aab353\", \"Top Card\": \"99d504ed-6e8c-4585-b284-961ca8450fd4\"}","timestamp":"2017-08-27T05:48:27.022Z"}
{"level":"info","message":"{\"Stack\": \"48268ccd-09b7-41df-9566-80b9d68a99d1\" ,\"Bottom Card\": \"199971cc-39a4-43a8-b2f2-16b088b31393\", \"Top Card\": \"a34bc84f-e86f-4b83-9dcf-bd2870e75256\"}","timestamp":"2017-08-27T05:49:05.063Z"}
{"level":"info","message":"{\"Stack\": \"57d8582d-377a-4a50-ae0a-b2e01e332347\" ,\"Bottom Card\": \"05794a27-655a-4694-ac55-b0d30fb16956\", \"Top Card\": \"71a1873e-4606-49fd-ac9a-8c720159156a\"}","timestamp":"2017-08-30T23:49:36.802Z"}
{"level":"info","message":"{\"Stack\": \"4c47eda0-c95a-48ad-88b0-98995fa5db32\" ,\"Bottom Card\": \"89513be0-085f-463a-86c2-ec6bbcd5ebd8\", \"Top Card\": \"170ff4bd-09fd-4785-85e7-c782e0572183\"}","timestamp":"2017-09-04T00:27:26.029Z"}
{"level":"info","message":"{\"Stack\": \"0b1a5f44-7497-4017-814c-703fa6ac1038\" ,\"Bottom Card\": \"99965639-f193-4211-bae4-065682b5d939\", \"Top Card\": \"23f43e58-0e29-44c6-8322-c84e62431486\"}","timestamp":"2017-09-04T00:28:42.255Z"}
{"level":"info","message":"{\"Stack\": \"2e2960a2-5b00-40b3-a61c-6ff3c66df7e4\" ,\"Bottom Card\": \"74dfabe5-f729-4f24-ae41-8de60f8ae6b7\", \"Top Card\": \"247896a1-ffce-4b33-aaa7-dc1a0f1b04c7\"}","timestamp":"2017-09-04T00:36:03.776Z"}
{"level":"info","message":"{\"Stack\": \"768160a0-998c-4999-85d2-3c26197ebcdf\" ,\"Bottom Card\": \"b7ec9145-dade-48c8-9f17-b8267c461190\", \"Top Card\": \"a7a7db93-ffb4-4501-be95-726d5a120a8c\"}","timestamp":"2017-09-04T00:38:27.209Z"}
{"level":"info","message":"{\"Stack\": \"e2a6f09f-0bff-4cef-8eda-c9b122cc6143\" ,\"Bottom Card\": \"2a9f84f1-4d1b-4b2d-876a-a2bb0b67ac49\", \"Top Card\": \"b39288d1-dc27-43d5-9eb4-979c816aefe7\"}","timestamp":"2017-09-04T00:41:11.567Z"}
{"level":"info","message":"{\"Stack\": \"a02ff84c-0dab-45a2-b62c-c785d159a6b8\" ,\"Bottom Card\": \"c97fb906-b8a9-4047-ba56-d9ab8fd287e1\", \"Top Card\": \"c0ca4584-ee6a-4f3f-8e5a-6bd14bbafb47\"}","timestamp":"2017-09-04T00:41:29.360Z"}
{"level":"info","message":"{\"Stack\": \"094f21a1-043f-4bd7-87c3-00cbd7d718f5\" ,\"Bottom Card\": \"8c0aee35-beb7-4915-acc7-d9be7a104cb7\", \"Top Card\": \"4892dc78-3b96-4752-ac77-163e2a0e1d0f\"}","timestamp":"2017-09-04T00:41:38.877Z"}
{"level":"info","message":"{\"Stack\": \"5d4847ed-3555-447e-95b9-76f1118967a9\" ,\"Bottom Card\": \"33490109-0ac0-4d5b-b16b-9c7d50e79780\", \"Top Card\": \"4a994ea6-e80b-4f45-9bb1-5646d8e12e41\"}","timestamp":"2017-09-04T00:43:56.746Z"}
{"level":"info","message":"{\"Stack\": \"208bf61d-c8bf-42e9-a6c6-a8120a1c99ab\" ,\"Bottom Card\": \"5b791920-14d3-4ef6-b38a-cf56e690548b\", \"Top Card\": \"d6e4c3c0-8be7-498c-9ec3-6a4a92e4c7c8\"}","timestamp":"2017-09-04T00:44:56.210Z"}
{"level":"info","message":"{\"Stack\": \"41717167-bbcf-4cf5-ae08-3cc96811d749\" ,\"Bottom Card\": \"39ee37b6-8076-4a7a-9289-cfe880a17eee\", \"Top Card\": \"4275fbb6-f61f-4f90-8785-2454b3681474\"}","timestamp":"2017-09-04T00:45:39.199Z"}
{"level":"info","message":"{\"Stack\": \"2a7243ac-b043-40d4-ab2c-42d7a910bba1\" ,\"Bottom Card\": \"c2f5ebc2-7a30-4b7d-bd61-29502f5e93fa\", \"Top Card\": \"b1e73248-b6b9-4481-b581-030f5a16d721\"}","timestamp":"2017-09-04T00:46:46.841Z"}
{"level":"info","message":"{\"Stack\": \"bf20be33-b7e9-4b50-9b66-e17cf2bfb4b5\" ,\"Bottom Card\": \"06da3130-dff6-4eda-8254-cffc13329e84\", \"Top Card\": \"ae02abb6-443e-42d7-a39f-7f3629298b5e\"}","timestamp":"2017-09-04T00:52:26.621Z"}
{"level":"info","message":"{\"Stack\": \"b9c1f5eb-6b8d-4df4-91c4-7afa124e2f77\" ,\"Bottom Card\": \"4c9fdacc-92f1-4ace-9e57-e478bf7e7a57\", \"Top Card\": \"a66389ca-29bc-4783-9413-aacceeca2394\"}","timestamp":"2017-09-04T00:53:24.148Z"}
{"level":"info","message":"{\"Stack\": \"809aa25b-a802-403c-bb49-ebfbbacc6d37\" ,\"Bottom Card\": \"1e5b9fe7-8251-4468-97cf-60814a7821d4\", \"Top Card\": \"e2c256d3-b717-4dd6-a5d9-6a8cfcb3d052\"}","timestamp":"2017-09-04T01:05:18.164Z"}
{"level":"info","message":"{\"Stack\": \"244495cd-f8bb-48e6-91b6-e1ce268a8d2e\" ,\"Bottom Card\": \"b773e03c-8bb9-4718-9754-091e43dcfabc\", \"Top Card\": \"4436a87a-4b6a-437f-98ac-1673dd5ceb70\"}","timestamp":"2017-09-04T01:06:31.336Z"}
{"level":"info","message":"{\"Stack\": \"88b5f692-2017-46bc-9700-95f10569d978\" ,\"Bottom Card\": \"64d27c31-4a52-4ee4-8fcd-16ef330084bf\", \"Top Card\": \"5c68e0b9-b649-4730-9de1-dd7f29cf8604\"}","timestamp":"2017-09-04T02:15:53.049Z"}
{"level":"info","message":"{\"Stack\": \"abd2797d-9971-47eb-9a83-925f2328a8a9\" ,\"Bottom Card\": \"d2d5ea99-27b4-4efe-8efe-0e567e687b14\", \"Top Card\": \"5cfdaa7f-650c-4d90-b710-12b4fa7db0aa\"}","timestamp":"2017-09-04T02:16:23.345Z"}
{"level":"info","message":"{\"Stack\": \"b210a02b-e17d-4def-b31e-0e445fa30480\" ,\"Bottom Card\": \"f800c7c3-7e2a-465e-b506-c14c19078daa\", \"Top Card\": \"6d4c224a-8496-400e-a7a5-1b2aaefde655\"}","timestamp":"2017-09-04T02:16:47.332Z"}
{"level":"info","message":"{\"Stack\": \"d1b2ac98-b39a-4a9f-8c86-0c87998cec95\" ,\"Bottom Card\": \"798c51d1-8a90-46e9-aeca-8b6525ac5fa1\", \"Top Card\": \"f67c9f66-f313-4a68-a791-a69868d428b6\"}","timestamp":"2017-09-04T02:22:24.500Z"}
{"level":"info","message":"{\"Stack\": \"d5648f9c-049e-46f9-9455-77a86f28ccc1\" ,\"Bottom Card\": \"1250d1b0-6c08-4c33-94c7-cc8163cb0520\", \"Top Card\": \"9f0a5697-15bd-4351-9ffc-86ead935d7e7\"}","timestamp":"2017-09-04T02:24:14.177Z"}
{"level":"info","message":"{\"Stack\": \"275b7213-3a04-4bcb-8ee2-bc5f0a3d6e6a\" ,\"Bottom Card\": \"e713803d-1e6d-4194-a5fd-4aed459b8cda\", \"Top Card\": \"95489d73-889b-4933-8136-0dcdc80f8154\"}","timestamp":"2017-09-04T02:25:31.774Z"}
{"level":"info","message":"{\"Stack\": \"89b98936-26f0-4042-8fdd-70f736d0bc75\" ,\"Bottom Card\": \"dcbdbab0-c5c5-4317-9f13-e2681e2be4c5\", \"Top Card\": \"e2272c3b-1cab-48d7-a00d-e723665d77be\"}","timestamp":"2017-09-04T02:25:57.831Z"}
{"level":"info","message":"{\"Stack\": \"6663071c-8bc4-4435-b284-7a5915b2483a\" ,\"Bottom Card\": \"2302ad98-b220-4d48-8efb-dcd9d150155d\", \"Top Card\": \"c119c39a-2326-4bc2-ba91-ce4ff6036e81\"}","timestamp":"2017-09-04T02:26:58.983Z"}
{"level":"info","message":"{\"Stack\": \"c920a805-dbf1-40cf-9b1f-13e854ddd44c\" ,\"Bottom Card\": \"b49b4dea-cc6d-41f5-95e5-e288c7109bb6\", \"Top Card\": \"5bbf015d-ec8d-42b3-af6f-9f6031d754e3\"}","timestamp":"2017-09-04T02:29:04.411Z"}
{"level":"info","message":"{\"Stack\": \"b0c25429-6392-4f46-836d-a0e3a9ff5988\" ,\"Bottom Card\": \"ce1ce47e-89b4-42a7-b6b2-21d077116337\", \"Top Card\": \"167977eb-fd78-4ba2-bd30-218e69aa848d\"}","timestamp":"2017-09-04T02:30:48.957Z"}
{"level":"info","message":"{\"Stack\": \"933e3519-ff61-44c7-89ff-60ffedd62334\" ,\"Bottom Card\": \"4ce0e5b1-b8eb-4c38-8d48-5bb182222b85\", \"Top Card\": \"1c9502c8-d4cc-42f7-8575-6159b684f22e\"}","timestamp":"2017-09-04T02:32:13.744Z"}
{"level":"info","message":"{\"Stack\": \"855fce34-b6b8-4e3b-8ce9-30e01bddf0f1\" ,\"Bottom Card\": \"8e6a8642-4299-4773-9dc1-ba95a3e90ea1\", \"Top Card\": \"6e830649-1dd0-40b6-b439-95c21ec4eaf9\"}","timestamp":"2017-09-04T02:33:02.995Z"}
{"level":"info","message":"{\"Stack\": \"bb7daa5c-1fda-4e03-a926-064519b5abb7\" ,\"Bottom Card\": \"30bbcda9-25fa-4d50-8ec8-391759d2849f\", \"Top Card\": \"c59b41a0-ec4d-4258-9f7c-a9d9258f23b1\"}","timestamp":"2017-09-04T02:33:28.332Z"}
{"level":"info","message":"{\"Stack\": \"d3ef8b50-2954-4dd1-a08b-be187271a8d8\" ,\"Bottom Card\": \"db37564f-8f4c-4a52-9f41-a17800327ece\", \"Top Card\": \"daaede4d-89ef-4f8f-86be-fc6beceedc0c\"}","timestamp":"2017-09-04T02:35:57.511Z"}
{"level":"info","message":"{\"Stack\": \"64440f9f-5581-4e91-953e-50461d2523b6\" ,\"Bottom Card\": \"ba1e3d34-500d-4a26-b85a-f93f2f1996d0\", \"Top Card\": \"41b632d9-cbd2-4e47-836c-9f432c567a43\"}","timestamp":"2017-09-04T02:37:57.872Z"}
{"level":"info","message":"{\"Stack\": \"cf59ca6c-d1cd-4402-a356-023fdb6b5fd2\" ,\"Bottom Card\": \"223948e2-7ecf-413c-b9d4-17185c780537\", \"Top Card\": \"9d352d03-519b-4efe-917c-58fd05a091d3\"}","timestamp":"2017-09-04T02:39:35.158Z"}
{"level":"info","message":"{\"Stack\": \"3487f871-f7eb-4c81-9268-9a0d8618e8c8\" ,\"Bottom Card\": \"b7bc4839-fa35-4a1f-9bde-85a0d1dbaadf\", \"Top Card\": \"664b09c6-191c-434e-82e6-676926893f6d\"}","timestamp":"2017-09-04T02:41:46.438Z"}
{"level":"info","message":"{\"Stack\": \"291b1696-5de1-48bc-906f-469132fdc55f\" ,\"Bottom Card\": \"9bbf7d50-566d-46e9-ad3b-ad2500c53af9\", \"Top Card\": \"a4cc342b-098d-4ffb-a842-77a1e3ab4d1d\"}","timestamp":"2017-09-04T02:42:33.469Z"}
{"level":"info","message":"{\"Stack\": \"b7517997-2360-4d12-9aba-7ae58d5e5be3\" ,\"Bottom Card\": \"4f14ebd0-1eee-493f-a00c-845708bb0bc5\", \"Top Card\": \"7ee09a2b-a79f-41a7-a48b-1ef372850cc3\"}","timestamp":"2017-09-04T02:43:01.120Z"}
{"level":"info","message":"{\"Stack\": \"59381ecc-d428-432c-8c75-964b100b905d\" ,\"Bottom Card\": \"0169dc1d-6881-4fea-ad5d-cfaf9ee33c2c\", \"Top Card\": \"a7fe6384-4045-4a1b-b3b9-90d50380c731\"}","timestamp":"2017-09-04T02:43:43.161Z"}
{"level":"info","message":"{\"Stack\": \"c4061363-49e1-4a01-8ceb-2a09458e1214\" ,\"Bottom Card\": \"0e015913-f4dc-47a2-b0da-19ca357708a2\", \"Top Card\": \"5199472b-7c43-4db8-a360-12c88a6b82f0\"}","timestamp":"2017-09-04T02:44:27.794Z"}
{"level":"info","message":"{\"Stack\": \"2012ba8d-2b00-4d7f-b6b8-d0aae653aca7\" ,\"Bottom Card\": \"c3768218-3ded-4837-acb7-dc85580dea5b\", \"Top Card\": \"fd77fb6a-3f91-4d20-b092-e40c519d9acd\"}","timestamp":"2017-09-04T02:46:40.344Z"}
{"level":"info","message":"{\"Stack\": \"86e58c23-57ff-4429-b4a3-aac647c5e310\" ,\"Bottom Card\": \"a83bb649-f304-4daa-86fc-4d4b66c426af\", \"Top Card\": \"7ddb829c-7ad2-438e-863d-eac664218d92\"}","timestamp":"2017-09-04T02:54:44.475Z"}
{"level":"info","message":"{\"Stack\": \"19a0f8ff-502f-409e-a944-777f5c2ee3d4\" ,\"Bottom Card\": \"f01a3e2b-0ed4-4e4a-8a9c-bac521385e68\", \"Top Card\": \"49cf816b-2f2c-497e-b335-68a1ef145e86\"}","timestamp":"2017-09-04T02:56:28.697Z"}
{"level":"info","message":"{\"Stack\": \"05b317ed-c487-4c8f-9c40-a6a0e1c719a5\" ,\"Bottom Card\": \"33a69f8e-d0cb-4ec2-b507-d160886508cb\", \"Top Card\": \"5ec55ec4-b4d2-481e-8e7b-085ccecf7411\"}","timestamp":"2017-09-04T02:59:22.050Z"}
{"level":"info","message":"{\"Stack\": \"2c4f49d8-e90c-4483-8199-8368accc224f\" ,\"Bottom Card\": \"ba05e1d0-1581-48a9-a09f-ce8bd3405e8f\", \"Top Card\": \"4075001c-6feb-40c0-bc30-fc58087a120d\"}","timestamp":"2017-09-04T02:59:51.918Z"}
{"level":"info","message":"{\"Stack\": \"cef1d178-da52-4592-88ec-8e64b6b6dc29\" ,\"Bottom Card\": \"c4b7383b-0b24-4f39-935f-5ac6f8710baa\", \"Top Card\": \"7b76dd3e-70f2-4003-90d9-dc25f86e67c4\"}","timestamp":"2017-09-04T03:00:42.899Z"}
{"level":"info","message":"{\"Stack\": \"3a435c52-75b0-4194-95fa-94c52ec21ea7\" ,\"Bottom Card\": \"d8fbfec7-78a6-49a7-9f7e-8fe762bddd8a\", \"Top Card\": \"98eca61a-e6b2-4178-a7e2-a94427635dee\"}","timestamp":"2017-09-04T03:01:04.644Z"}
{"level":"info","message":"{\"Stack\": \"4943b914-f95b-4d70-9fbb-c6d702f49bb2\" ,\"Bottom Card\": \"9a62375f-5b16-4e9a-9ad1-93ef41c41993\", \"Top Card\": \"8a258471-645c-47d4-b9a8-5e89fe07a744\"}","timestamp":"2017-09-04T03:01:30.118Z"}
{"level":"info","message":"{\"Stack\": \"7446fd5f-8433-4bbb-a48b-d9c48acb9c2a\" ,\"Bottom Card\": \"13f7cef5-5f54-4e95-bb26-08d864275d8a\", \"Top Card\": \"123ab85a-109a-47db-a225-03eb18bc961b\"}","timestamp":"2017-09-04T03:01:48.377Z"}
{"level":"info","message":"{\"Stack\": \"0612e165-0138-4afd-b86b-3b3655623288\" ,\"Bottom Card\": \"3cbe1b3c-7091-4d1d-8ca5-4f6203a86d82\", \"Top Card\": \"8b17f945-5f63-4b19-980e-8b7ce837b352\"}","timestamp":"2017-09-04T03:02:51.132Z"}
{"level":"info","message":"{\"Stack\": \"3e3ff11a-d48c-420b-bbf7-fc02db983e63\" ,\"Bottom Card\": \"76667fef-0e2d-4c0d-84f8-512a4da8dca3\", \"Top Card\": \"1515255f-1151-44af-a766-ea08116e29c9\"}","timestamp":"2017-09-04T03:05:58.613Z"}
{"level":"info","message":"{\"Stack\": \"7f80b7e8-7d3b-4d40-ae02-7abc01662823\" ,\"Bottom Card\": \"f58a51cb-11e8-44db-9fdc-42988e4f5806\", \"Top Card\": \"130f3bbb-0dc8-4e49-9216-da7768f23040\"}","timestamp":"2017-09-04T03:07:28.018Z"}
{"level":"info","message":"{\"Stack\": \"ec25fc82-e3dc-4ef8-ae00-ef398be94db4\" ,\"Bottom Card\": \"fd1d5030-97b3-4527-865d-52a380e7e4b4\", \"Top Card\": \"a53713e1-d593-4cac-97d9-093ca1d4af4c\"}","timestamp":"2017-09-04T03:08:46.995Z"}
{"level":"info","message":"{\"Stack\": \"bbea0c60-4cce-4344-95b6-f6c94361757c\" ,\"Bottom Card\": \"b9fe49b5-0012-4058-a63b-b0a19717e04f\", \"Top Card\": \"af5a11bf-a0c4-45ad-84f2-8633e703e4f2\"}","timestamp":"2017-09-04T03:25:15.524Z"}
{"level":"info","message":"{\"Stack\": \"d5f680df-45cc-4979-988d-7cfb83be11f9\" ,\"Bottom Card\": \"cfbc3f71-d4fb-41de-af15-9184d1d4945c\", \"Top Card\": \"abc97b79-360c-491c-8867-fd2ededba63a\"}","timestamp":"2017-09-04T03:25:48.387Z"}
{"level":"info","message":"{\"Stack\": \"37466beb-1dc4-41b6-b492-5003ee0abb2f\" ,\"Bottom Card\": \"f5a29056-0fe4-48d0-be2e-43802609cbe4\", \"Top Card\": \"a1232a41-8e07-43fc-91e6-3faeb8fa8e3f\"}","timestamp":"2017-09-04T03:27:37.164Z"}
{"level":"info","message":"{\"Stack\": \"283a1e95-a2de-4da7-afdf-1058734dd6ff\" ,\"Bottom Card\": \"1c6715c0-99c1-407d-a320-96723e30b57e\", \"Top Card\": \"72eb0a1e-cb85-407e-b203-8b58cb09b930\"}","timestamp":"2017-09-06T03:39:39.996Z"}
{"level":"info","message":"{\"Stack\": \"98a93a66-8e73-4cc3-8de6-fdd2d3911dd0\" ,\"Bottom Card\": \"34434968-2f54-430b-a9be-1062f13867dc\", \"Top Card\": \"60b150dc-513b-4723-95b9-1d4ed6fb9e41\"}","timestamp":"2017-09-06T03:42:56.093Z"}
{"level":"info","message":"{\"Stack\": \"133dfb71-aefd-4c05-a7be-7e56af2a663f\" ,\"Bottom Card\": \"dcca52a9-d6ef-40f4-b367-4ea901447ea4\", \"Top Card\": \"fa591661-b04e-432a-8018-ad34b611d4d8\"}","timestamp":"2017-09-06T03:51:30.383Z"}
{"level":"info","message":"{\"Stack\": \"722b131a-b5fd-40d1-97f9-2408a237cdf9\" ,\"Bottom Card\": \"550c87ec-ca78-4885-a49c-c445408f53a4\", \"Top Card\": \"b53b94f2-3197-4e65-b867-9d3b8577b1e1\"}","timestamp":"2017-09-06T03:51:57.357Z"}
{"level":"info","message":"{\"Stack\": \"3377936e-62f6-4472-a0a0-5405433ec08e\" ,\"Bottom Card\": \"a46fc00b-7e42-45da-8404-5bdfae915beb\", \"Top Card\": \"e6a77415-b1e8-4ade-9ca1-bd59a24ff113\"}","timestamp":"2017-09-15T03:30:07.918Z"}
{"level":"info","message":"{\"Stack\": \"b9fc9b9b-8c29-47e7-b0d0-130a2053ea8b\" ,\"Bottom Card\": \"fe51e406-5b23-4efa-aa66-f86da8fc49fc\", \"Top Card\": \"69dccbf4-425b-41a9-96dd-e16132b3e4a8\"}","timestamp":"2017-09-15T03:56:42.857Z"}
{"level":"info","message":"{\"Stack\": \"7e789b67-bc2e-4db8-8fcc-38402f02373b\" ,\"Bottom Card\": \"62a14fe7-a2be-46be-bfc6-7cb450ebb8c4\", \"Top Card\": \"3151df4f-25f2-4979-9b3c-166d474f1ee7\"}","timestamp":"2017-09-15T04:08:51.396Z"}
{"level":"info","message":"{\"Stack\": \"e68e73f6-b30b-481d-bdcd-fd045c801ffd\" ,\"Bottom Card\": \"762aae5f-fd8b-440e-9a73-f6bb251808e6\", \"Top Card\": \"15fbece6-bf0b-4017-8137-e714df0163e8\"}","timestamp":"2017-09-15T04:17:20.187Z"}
{"level":"info","message":"{\"Stack\": \"25103aaa-ee23-41cc-a091-bb48e4faab2a\" ,\"Bottom Card\": \"914d4c61-86a3-489a-8563-2a22bb915472\", \"Top Card\": \"74a164f0-8dce-45d1-a9e8-67af0c5c4502\"}","timestamp":"2017-09-15T14:28:19.621Z"}
{"level":"info","message":"{\"Stack\": \"36b96a4d-9627-4b62-b7c1-4398243759b9\" ,\"Bottom Card\": \"9e5eca9f-93b6-4aec-a993-153ade3de5ac\", \"Top Card\": \"4380e07e-30cb-4cf2-a214-a271bbda3990\"}","timestamp":"2017-09-15T14:35:02.338Z"}
{"level":"info","message":"{\"Stack\": \"95f65280-f09a-4374-8d7b-929cb171a02a\" ,\"Bottom Card\": \"0d9b547d-0d15-402f-99d8-74750b540172\", \"Top Card\": \"99e022b8-5fee-4001-8b29-8784d8bb9981\"}","timestamp":"2017-09-15T14:35:49.876Z"}
{"level":"info","message":"{\"Stack\": \"0639645d-71a5-4be5-ae01-5805deb4cfce\" ,\"Bottom Card\": \"4c463575-d4ff-4696-8a3b-e24bdd91c462\", \"Top Card\": \"1fa2dbbd-babc-47cd-8ab0-20f40c5f7e05\"}","timestamp":"2017-09-16T00:29:04.742Z"}
{"level":"info","message":"{\"Stack\": \"e4183cd8-112d-407a-8af9-caf6b46f5b3d\" ,\"Bottom Card\": \"3d23fd60-966f-4e26-88b9-e72bb0bf99c7\", \"Top Card\": \"1d0e68fb-3c08-4956-bc79-9f042ba805fc\"}","timestamp":"2017-09-17T15:43:41.091Z"}
{"level":"info","message":"{\"Stack\": \"30ada229-4ebd-4268-a0a0-ca44a3dea9d7\" ,\"Bottom Card\": \"1a27b5f3-ca17-4f63-af28-a35cd0eef7bf\", \"Top Card\": \"1f0b5017-f497-48ab-aec8-c16353864501\"}","timestamp":"2017-09-17T15:45:32.013Z"}
{"level":"info","message":"{\"Stack\": \"67ffd42d-da1f-4cf4-851e-251a2f2b6b53\" ,\"Bottom Card\": \"1f5c7a2f-cf75-46df-9ad8-4b44a962611a\", \"Top Card\": \"42b64898-be15-45b2-8538-5e4c4c0484b9\"}","timestamp":"2017-09-18T04:50:15.092Z"}
{"level":"info","message":"{\"Stack\": \"eb6435ec-e5ad-41e8-95cd-c20055cb02ac\" ,\"Bottom Card\": \"88a68bb8-142e-4f7b-8a49-a51389b4a8ce\", \"Top Card\": \"125a9d80-7b65-4398-8b36-423fbdd04b63\"}","timestamp":"2017-09-18T04:53:39.137Z"}
{"level":"info","message":"{\"Stack\": \"84e70f52-b406-45d7-b1d9-d00bbd1f78c8\" ,\"Bottom Card\": \"a617770e-bc6e-48fa-b14f-357da58c8b38\", \"Top Card\": \"624ae855-41eb-4370-8fef-839d3f5c9473\"}","timestamp":"2017-09-18T04:55:28.604Z"}
{"level":"info","message":"{\"Stack\": \"733d1843-441a-4156-8c8f-eb134951cd79\" ,\"Bottom Card\": \"a422e15b-5a39-4de0-b779-ddd97e1b8ae1\", \"Top Card\": \"112597fd-2908-4ef2-917f-3645bb78b5cf\"}","timestamp":"2017-09-18T05:00:17.227Z"}
{"level":"info","message":"{\"Stack\": \"a7c0bee4-78f5-4dbc-abc3-1e456d44bd57\" ,\"Bottom Card\": \"faa276c2-33b1-4ca7-882a-1660337228a0\", \"Top Card\": \"4f2b38ff-0d0a-4a8d-9c9d-4193d8d4be88\"}","timestamp":"2017-09-18T05:20:34.512Z"}
{"level":"info","message":"{\"Stack\": \"a5c2aa1a-f83e-43d8-b037-03a010f7d112\" ,\"Bottom Card\": \"e14701ab-e416-4e7e-9dbd-5d05bb02e87b\", \"Top Card\": \"5530689d-e42a-4b44-b7e5-787b4b8186e4\"}","timestamp":"2017-09-18T05:25:58.608Z"}
{"level":"info","message":"{\"Stack\": \"b0e994f7-85f3-4172-b953-6a9a7c33ea13\" ,\"Bottom Card\": \"007a8939-0f87-49dc-b90a-704da887eb62\", \"Top Card\": \"2c740a28-d560-4f79-9703-9685826500a7\"}","timestamp":"2017-09-18T05:28:36.816Z"}
{"level":"info","message":"{\"Stack\": \"a55db1f2-0d8a-4db5-9e01-09be442f1ee9\" ,\"Bottom Card\": \"003a11b4-cc16-412e-8284-9acb89857160\", \"Top Card\": \"d7d95dcc-5b27-42df-9ee9-2fe430f83237\"}","timestamp":"2017-09-18T05:29:29.283Z"}
{"level":"info","message":"{\"Stack\": \"1d73bb4f-bd20-491f-a294-fa01272fec3f\" ,\"Bottom Card\": \"af0dbd90-089f-4017-952b-5b0ad4940483\", \"Top Card\": \"12a717b2-bf70-445c-b482-4bc33ef64264\"}","timestamp":"2017-09-18T05:30:17.825Z"}
{"level":"info","message":"{\"Stack\": \"68a82cd5-5aa0-4796-80ce-1b23f8cfaf36\" ,\"Bottom Card\": \"7666645b-a762-47a3-abf1-f28c9208fa18\", \"Top Card\": \"2c770112-5a41-4cda-80c4-806ab96eca8f\"}","timestamp":"2017-09-18T05:31:02.976Z"}
{"level":"info","message":"{\"Stack\": \"71e165c4-d3ef-4dd9-8970-bb103890ad03\" ,\"Bottom Card\": \"e2452839-49b1-45dc-8d3e-bf981df8544a\", \"Top Card\": \"a6aa5585-6762-42e7-bec5-1db32873a32e\"}","timestamp":"2017-09-18T05:33:27.803Z"}
{"level":"info","message":"{\"Stack\": \"f53b2790-3923-47a4-90d7-c6156665d5f2\" ,\"Bottom Card\": \"76debb9b-1967-4622-80e0-83367fa1f626\", \"Top Card\": \"6ca802cf-0b5a-47ec-bb14-ce512c28eb30\"}","timestamp":"2017-09-18T05:35:44.093Z"}
{"level":"info","message":"{\"Stack\": \"9cc8ed3a-bbf3-408d-98af-12eabb469cb6\" ,\"Bottom Card\": \"4432d519-f14b-4ad8-811d-8b535e126388\", \"Top Card\": \"171b8f52-ea57-45e7-a18d-89d3f9cef4be\"}","timestamp":"2017-09-18T05:38:25.342Z"}
{"level":"info","message":"{\"Stack\": \"13142475-63d1-4929-b1d9-761a42556d9b\" ,\"Bottom Card\": \"3bec8365-7580-4d03-831b-0f1fd8f8abff\", \"Top Card\": \"86450eba-fa80-4272-af5a-3dec9a0d95e5\"}","timestamp":"2017-11-04T05:29:59.808Z"}
{"level":"info","message":"{\"Stack\": \"65d02116-d05b-4339-9343-1e30c230db4d\" ,\"Bottom Card\": \"e71cffe2-9b80-42a6-a998-d3bb6dc714cf\", \"Top Card\": \"84dd9a00-c795-433f-8d9e-9a28e88aff12\"}","timestamp":"2017-11-04T05:35:37.835Z"}
{"level":"info","message":"{\"Stack\": \"e756f2dd-22cd-401e-a068-1281f4187b25\" ,\"Bottom Card\": \"e5702f59-b837-4edc-94ac-5805ad3507e0\", \"Top Card\": \"3899a48e-8f76-4607-a384-0f37e0b6f157\"}","timestamp":"2017-11-04T05:37:00.573Z"}
{"level":"info","message":"{\"Stack\": \"e54c0c63-942e-4569-a331-b6878aaf2268\" ,\"Bottom Card\": \"84f0acec-af6e-4613-b60c-2b658e412b17\", \"Top Card\": \"117ead29-ab9d-4e88-abbc-b353d87d8dd1\"}","timestamp":"2017-11-04T06:23:32.598Z"}
{"level":"info","message":"{\"Stack\": \"b3041523-9b08-4de7-a437-779ec920d510\" ,\"Bottom Card\": \"f047258e-6c86-40cf-b13c-a54ddc0b7155\", \"Top Card\": \"102b5e5a-fa66-4438-80c2-da2fe3fc5fec\"}","timestamp":"2017-11-04T06:24:52.781Z"}
{"level":"info","message":"{\"Stack\": \"e43cfcbd-ba91-4a59-8263-cccfa07116c8\" ,\"Bottom Card\": \"777d8937-d072-4c82-8a21-9de898840e34\", \"Top Card\": \"985f014b-bee8-48fd-8c8f-ec7f2179b0b7\"}","timestamp":"2017-11-04T06:28:05.973Z"}
{"level":"info","message":"{\"Stack\": \"3f8d2515-a9ad-42f4-a984-bab81e0c38b0\" ,\"Bottom Card\": \"47f1af9a-9635-4c02-b7bd-1b0c733c5a64\", \"Top Card\": \"c6d9fe54-7b92-4dba-9f60-8861b6012632\"}","timestamp":"2017-11-04T06:42:58.932Z"}
