{"level":"info","message":"{\"CardId\": \"710d2248-c720-461a-9d05-21486a25cbde\" ,\"StackId\": \"c9e94117-685d-4639-8d3c-48d06d0df631\", ","timestamp":"2017-09-04T03:05:58.597Z"}
{"level":"info","message":"{\"CardId\": \"b4482608-4f05-4342-b5b9-6b5839519d89\" ,\"StackId\": \"2fa9ba3b-4939-44f1-ad9c-07665a2216c4\", ","timestamp":"2017-09-04T03:07:27.998Z"}
{"level":"info","message":"{\"CardId\": \"b4482608-4f05-4342-b5b9-6b5839519d89\" ,\"StackId\": \"5c0616cf-3c1d-47f0-a62b-2fcb74504f76\", ","timestamp":"2017-09-04T03:07:28.046Z"}
{"level":"info","message":"{\"CardId\": \"a494347c-0cdd-412a-9416-8301ba0163d3\" ,\"StackId\": \"9f585847-48cb-4253-a035-388c532ce69f\", ","timestamp":"2017-09-04T03:08:46.979Z"}
{"level":"info","message":"{\"CardId\": \"a494347c-0cdd-412a-9416-8301ba0163d3\" ,\"StackId\": \"8b377b42-ad55-4742-b591-1822c647662f\", ","timestamp":"2017-09-04T03:08:47.031Z"}
{"level":"info","message":"{\"CardId\": \"4afb21ec-5067-43f0-8ec8-fc6a87662c02\" ,\"StackId\": \"bd683729-1a09-4c87-8fdc-2e9ed4f87c1c\", ","timestamp":"2017-09-04T03:25:15.510Z"}
{"level":"info","message":"{\"CardId\": \"4afb21ec-5067-43f0-8ec8-fc6a87662c02\" ,\"StackId\": \"bef88308-1cd4-4738-9afe-a80b2120a05d\", ","timestamp":"2017-09-04T03:25:15.560Z"}
{"level":"info","message":"{\"CardId\": \"250770a6-6829-469c-9505-f342cac804a6\" ,\"StackId\": \"056a14ff-9600-492e-8e19-ce9c83ce8180\", ","timestamp":"2017-09-04T03:25:48.374Z"}
{"level":"info","message":"{\"CardId\": \"250770a6-6829-469c-9505-f342cac804a6\" ,\"StackId\": \"4a9c40ea-bceb-4dda-a520-f364a9bfac68\", ","timestamp":"2017-09-04T03:25:48.410Z"}
{"level":"info","message":"{\"CardId\": \"cb8ad2cb-6a85-480b-9abb-c57eb1b1a538\" ,\"StackId\": \"18303c12-bf24-47b3-bc99-367d38106b71\", ","timestamp":"2017-09-04T03:27:37.151Z"}
{"level":"info","message":"{\"CardId\": \"cb8ad2cb-6a85-480b-9abb-c57eb1b1a538\" ,\"StackId\": \"69ca1f7e-aa11-41d6-83e9-8c653571eade\", ","timestamp":"2017-09-04T03:27:37.187Z"}
{"level":"info","message":"{\"CardId\": \"2066dd8f-9bf1-4a2c-9296-36ae1c8097bf\" ,\"StackId\": \"385e0070-5d4f-4d25-bc4f-4a42a1d22d2f\", ","timestamp":"2017-09-06T03:42:56.081Z"}
{"level":"info","message":"{\"CardId\": \"2066dd8f-9bf1-4a2c-9296-36ae1c8097bf\" ,\"StackId\": \"1d0a0728-a560-4163-91b7-0659f273cb67\", ","timestamp":"2017-09-06T03:42:56.114Z"}
{"level":"info","message":"{\"CardId\": \"ad8e5e4a-3870-4661-ad43-53e105bc230c\" ,\"StackId\": \"018fb60b-3fc8-48cd-ae68-850b7583d4e6\", ","timestamp":"2017-09-06T03:51:57.344Z"}
{"level":"info","message":"{\"CardId\": \"ad8e5e4a-3870-4661-ad43-53e105bc230c\" ,\"StackId\": \"b9e7876c-4cb1-49ef-9f0d-30defdd00ed7\", ","timestamp":"2017-09-06T03:51:57.388Z"}
{"level":"info","message":"{\"CardId\": \"698ca314-e8cd-4c92-b1b4-1bc5b3cbc6f0\" ,\"StackId\": \"409f6ce5-5236-4c22-a9b0-6acffb829628\", ","timestamp":"2017-09-15T03:30:07.899Z"}
{"level":"info","message":"{\"CardId\": \"698ca314-e8cd-4c92-b1b4-1bc5b3cbc6f0\" ,\"StackId\": \"a3f7d6f7-69cd-4ce0-8d94-ed4e1bced3bc\", ","timestamp":"2017-09-15T03:30:07.948Z"}
{"level":"info","message":"{\"CardId\": \"50d1ad35-02d4-4d75-b0a5-c10d549f1c27\" ,\"StackId\": \"7d8840b5-ae1a-4342-a201-fa83e9ffef2d\", ","timestamp":"2017-09-15T03:56:42.813Z"}
{"level":"info","message":"{\"CardId\": \"50d1ad35-02d4-4d75-b0a5-c10d549f1c27\" ,\"StackId\": \"13e1ff5d-a380-46b5-9264-e62c973893ca\", ","timestamp":"2017-09-15T03:56:42.926Z"}
{"level":"info","message":"{\"CardId\": \"f46537d9-8cdb-493f-9f30-ca4755744e74\" ,\"StackId\": \"c59a2c1e-1309-43dc-b396-17a94d38d600\", ","timestamp":"2017-09-15T04:08:51.354Z"}
{"level":"info","message":"{\"CardId\": \"f46537d9-8cdb-493f-9f30-ca4755744e74\" ,\"StackId\": \"b45c7f1f-533e-40a7-92bf-6caba8cc0628\", ","timestamp":"2017-09-15T04:08:51.467Z"}
{"level":"info","message":"{\"CardId\": \"3a189146-2874-4050-82d6-6e29ab893864\" ,\"StackId\": \"f308f282-c474-4f90-97a3-f481ee39a60d\", ","timestamp":"2017-09-15T04:17:20.165Z"}
{"level":"info","message":"{\"CardId\": \"3a189146-2874-4050-82d6-6e29ab893864\" ,\"StackId\": \"0d16668d-961f-44d2-a33c-22606e994975\", ","timestamp":"2017-09-15T04:17:20.219Z"}
{"level":"info","message":"{\"CardId\": \"8225c63a-33d4-40a8-b3f8-9e4b57243bee\" ,\"StackId\": \"a2d3b373-8ad9-4035-bed2-63b7e3ae6a34\", ","timestamp":"2017-09-15T14:28:19.580Z"}
{"level":"info","message":"{\"CardId\": \"8225c63a-33d4-40a8-b3f8-9e4b57243bee\" ,\"StackId\": \"7ec2ed7f-b507-4a90-878d-0998b07a5149\", ","timestamp":"2017-09-15T14:28:19.674Z"}
{"level":"info","message":"{\"CardId\": \"a6174000-dbf1-40d8-9a72-c54cd9fefd08\" ,\"StackId\": \"89fe5ed9-b344-4756-8e94-7102a8f42e47\", ","timestamp":"2017-09-15T14:35:02.321Z"}
{"level":"info","message":"{\"CardId\": \"a6174000-dbf1-40d8-9a72-c54cd9fefd08\" ,\"StackId\": \"a6494622-74a4-4911-a7ee-fc34db00aaf9\", ","timestamp":"2017-09-15T14:35:02.374Z"}
{"level":"info","message":"{\"CardId\": \"0fbf260b-1af8-4af8-a1f9-42f2b63abda3\" ,\"StackId\": \"1b0c1c09-50db-47c1-bdff-8efbef8b2219\", ","timestamp":"2017-09-15T14:35:49.847Z"}
{"level":"info","message":"{\"CardId\": \"0fbf260b-1af8-4af8-a1f9-42f2b63abda3\" ,\"StackId\": \"765866a1-cf26-49f4-8afb-0ac49a64e1f6\", ","timestamp":"2017-09-15T14:35:49.910Z"}
{"level":"info","message":"{\"CardId\": \"fe621413-3c9d-4cc9-896d-97b421c511bf\" ,\"StackId\": \"7b4e62c6-0166-4e12-81e7-0bb1efcfde25\", ","timestamp":"2017-09-16T00:29:04.723Z"}
{"level":"info","message":"{\"CardId\": \"fe621413-3c9d-4cc9-896d-97b421c511bf\" ,\"StackId\": \"01bf586f-bd35-48df-897d-1f3b77608532\", ","timestamp":"2017-09-16T00:29:04.779Z"}
{"level":"info","message":"{\"CardId\": \"c9621997-fc56-484f-83e8-6b223b3c217f\" ,\"StackId\": \"df5fb60d-dc65-481a-8681-1055515460e8\", ","timestamp":"2017-09-17T15:43:41.066Z"}
{"level":"info","message":"{\"CardId\": \"c9621997-fc56-484f-83e8-6b223b3c217f\" ,\"StackId\": \"e823f9b3-236b-4d41-b214-8e15378e3e2a\", ","timestamp":"2017-09-17T15:43:41.131Z"}
{"level":"info","message":"{\"CardId\": \"9ab9f5b7-17e2-4040-9b5a-29f5d97a4f0b\" ,\"StackId\": \"3bcce27f-2382-4416-b9fe-1a84f8ed971d\", ","timestamp":"2017-09-17T15:45:31.991Z"}
{"level":"info","message":"{\"CardId\": \"9ab9f5b7-17e2-4040-9b5a-29f5d97a4f0b\" ,\"StackId\": \"86e363de-8c0a-432d-8e8f-70b409556f02\", ","timestamp":"2017-09-17T15:45:32.060Z"}
{"level":"info","message":"{\"CardId\": \"cf6583a9-590e-4e94-93bd-0b800e4dfc1f\" ,\"StackId\": \"723b5ccb-d4f0-42d6-a8e9-65458245b524\", ","timestamp":"2017-09-18T04:50:15.070Z"}
{"level":"info","message":"{\"CardId\": \"cf6583a9-590e-4e94-93bd-0b800e4dfc1f\" ,\"StackId\": \"b138877f-c43b-423e-a05a-e1c89eb958b7\", ","timestamp":"2017-09-18T04:50:15.139Z"}
{"level":"info","message":"{\"CardId\": \"44de3ee4-e470-4722-a92e-d95e64c11cd1\" ,\"StackId\": \"1a75cc7c-2565-4409-952c-95cf5c9d6504\", ","timestamp":"2017-09-18T04:53:39.115Z"}
{"level":"info","message":"{\"CardId\": \"44de3ee4-e470-4722-a92e-d95e64c11cd1\" ,\"StackId\": \"633c4cef-d393-427f-80de-e1dfe6b6aba3\", ","timestamp":"2017-09-18T04:53:39.188Z"}
{"level":"info","message":"{\"CardId\": \"c7e3ae62-a102-4a47-9f81-c406847e07fc\" ,\"StackId\": \"98838913-7735-43ac-9a60-5ff98fe0d16c\", ","timestamp":"2017-09-18T04:55:28.582Z"}
{"level":"info","message":"{\"CardId\": \"c7e3ae62-a102-4a47-9f81-c406847e07fc\" ,\"StackId\": \"14471d6c-40d0-4739-91a6-4f03ba0528e8\", ","timestamp":"2017-09-18T04:55:28.647Z"}
{"level":"info","message":"{\"CardId\": \"4ece716a-b6d0-46d7-871d-228574d22213\" ,\"StackId\": \"e5b9591a-2deb-4477-9a02-b612cb02d149\", ","timestamp":"2017-09-18T05:00:17.207Z"}
{"level":"info","message":"{\"CardId\": \"4ece716a-b6d0-46d7-871d-228574d22213\" ,\"StackId\": \"b5072da0-e452-434a-8d2d-133274826241\", ","timestamp":"2017-09-18T05:00:17.268Z"}
{"level":"info","message":"{\"CardId\": \"81b9e29a-dba6-4831-be7a-32d221f9dba2\" ,\"StackId\": \"a344421c-ad0a-4180-a806-5f1f939a5198\", ","timestamp":"2017-09-18T05:20:34.493Z"}
{"level":"info","message":"{\"CardId\": \"81b9e29a-dba6-4831-be7a-32d221f9dba2\" ,\"StackId\": \"e2aa2a4e-5c33-4415-bddd-bc22d69b49f3\", ","timestamp":"2017-09-18T05:20:34.552Z"}
{"level":"info","message":"{\"CardId\": \"7f6e2bf1-38ed-4fbc-9adc-57fabe57a6d7\" ,\"StackId\": \"85223079-b026-4b92-b172-9a722bffc481\", ","timestamp":"2017-09-18T05:25:58.590Z"}
{"level":"info","message":"{\"CardId\": \"7f6e2bf1-38ed-4fbc-9adc-57fabe57a6d7\" ,\"StackId\": \"62690925-ac1e-446c-ad15-64ec5ceb7bb7\", ","timestamp":"2017-09-18T05:25:58.654Z"}
{"level":"info","message":"{\"CardId\": \"80501dce-f4fb-41ac-94a4-c678faa6a05d\" ,\"StackId\": \"caf53645-d00d-42bb-9cae-dcbe2ee298e1\", ","timestamp":"2017-09-18T05:28:36.797Z"}
{"level":"info","message":"{\"CardId\": \"80501dce-f4fb-41ac-94a4-c678faa6a05d\" ,\"StackId\": \"8d37d19a-f115-4d76-930e-6a21c1c0c158\", ","timestamp":"2017-09-18T05:28:36.857Z"}
{"level":"info","message":"{\"CardId\": \"d2673769-a318-4018-aede-d36a3d58f33e\" ,\"StackId\": \"12996640-a3b5-45fb-a89f-3b75e8ce9f17\", ","timestamp":"2017-09-18T05:29:29.265Z"}
{"level":"info","message":"{\"CardId\": \"d2673769-a318-4018-aede-d36a3d58f33e\" ,\"StackId\": \"253ade1d-077d-44b4-85d4-0268114fbf15\", ","timestamp":"2017-09-18T05:29:29.332Z"}
{"level":"info","message":"{\"CardId\": \"42ecdb28-f098-4730-af04-a03e34c0cc97\" ,\"StackId\": \"6eeb8c77-7134-4c43-bae5-de5a47225114\", ","timestamp":"2017-09-18T05:30:17.807Z"}
{"level":"info","message":"{\"CardId\": \"42ecdb28-f098-4730-af04-a03e34c0cc97\" ,\"StackId\": \"4026eec1-1177-4485-b60a-ed10e5392979\", ","timestamp":"2017-09-18T05:30:17.855Z"}
{"level":"info","message":"{\"CardId\": \"770c71f7-4cb1-4786-a35d-9808739821a0\" ,\"StackId\": \"5dced467-ea48-4fdf-988d-afd813ec8562\", ","timestamp":"2017-09-18T05:31:02.954Z"}
{"level":"info","message":"{\"CardId\": \"770c71f7-4cb1-4786-a35d-9808739821a0\" ,\"StackId\": \"03693e05-89f6-425a-8fd4-8b42f84879c1\", ","timestamp":"2017-09-18T05:31:03.042Z"}
{"level":"info","message":"{\"CardId\": \"7b9abb1a-c5f8-4240-9cd2-1da7f591f1d2\" ,\"StackId\": \"265bc461-db5b-46cb-8c31-6cdff20c9a40\", ","timestamp":"2017-09-18T05:33:27.785Z"}
{"level":"info","message":"{\"CardId\": \"7b9abb1a-c5f8-4240-9cd2-1da7f591f1d2\" ,\"StackId\": \"7d0f6037-234a-4760-92c1-a300df8ac89a\", ","timestamp":"2017-09-18T05:33:27.849Z"}
{"level":"info","message":"{\"CardId\": \"5d0586a6-255f-4974-aefb-a7b018076d40\" ,\"StackId\": \"4e201eb4-c424-4a56-9091-0dbcc41f591c\", ","timestamp":"2017-09-18T05:35:44.075Z"}
{"level":"info","message":"{\"CardId\": \"5d0586a6-255f-4974-aefb-a7b018076d40\" ,\"StackId\": \"57cc4832-42d2-4b05-9c58-40b0682998fe\", ","timestamp":"2017-09-18T05:35:44.130Z"}
{"level":"info","message":"{\"CardId\": \"40629cd0-9f6c-4bee-a78d-f05b8e973838\" ,\"StackId\": \"94ea7f60-2cd2-4b7a-82b3-2381af8fb2a2\", ","timestamp":"2017-09-18T05:38:25.324Z"}
{"level":"info","message":"{\"CardId\": \"40629cd0-9f6c-4bee-a78d-f05b8e973838\" ,\"StackId\": \"0cfd7d26-f305-4d6e-980c-3d9f43c53232\", ","timestamp":"2017-09-18T05:38:25.390Z"}
{"level":"info","message":"{\"CardId\": \"1f5399c2-f5c8-4db6-80a6-02e0a0002dc8\" ,\"StackId\": \"b2d476f6-e833-4a62-a610-b83bf8d6a475\", ","timestamp":"2017-11-04T05:29:59.794Z"}
{"level":"info","message":"{\"CardId\": \"1f5399c2-f5c8-4db6-80a6-02e0a0002dc8\" ,\"StackId\": \"103c9283-de90-49e5-acb8-b140cd7d1110\", ","timestamp":"2017-11-04T05:29:59.839Z"}
{"level":"info","message":"{\"CardId\": \"73a65cd2-85a4-4ef6-b31e-f43d72520f2d\" ,\"StackId\": \"a90b5167-543a-46e0-bdc1-b7e7274d9101\", ","timestamp":"2017-11-04T05:35:37.824Z"}
{"level":"info","message":"{\"CardId\": \"73a65cd2-85a4-4ef6-b31e-f43d72520f2d\" ,\"StackId\": \"828bf065-5c79-47d3-b9d9-2ad85932fabc\", ","timestamp":"2017-11-04T05:35:37.857Z"}
{"level":"info","message":"{\"CardId\": \"17c15e42-4b20-4db5-a47f-de01ca072d1b\" ,\"StackId\": \"f0195f1f-72ca-4481-a537-43cfe7fab3a9\", ","timestamp":"2017-11-04T05:37:00.556Z"}
{"level":"info","message":"{\"CardId\": \"17c15e42-4b20-4db5-a47f-de01ca072d1b\" ,\"StackId\": \"3c27a2e4-5004-4196-9a47-d9707813c159\", ","timestamp":"2017-11-04T05:37:00.606Z"}
{"level":"info","message":"{\"CardId\": \"1bd3a274-588a-4b2f-a882-f7209a802822\" ,\"StackId\": \"2ae0af2a-c52b-4d7a-bd6a-a783ea085b81\", ","timestamp":"2017-11-04T06:23:32.581Z"}
{"level":"info","message":"{\"CardId\": \"1bd3a274-588a-4b2f-a882-f7209a802822\" ,\"StackId\": \"20008038-7b9a-4e2a-ac0f-9742ca1e840c\", ","timestamp":"2017-11-04T06:23:32.635Z"}
{"level":"info","message":"{\"CardId\": \"25577fa6-0d11-47d4-bc9f-ed7d8fd8cb7c\" ,\"StackId\": \"932febff-2b50-4e62-a5ee-a3a366e93691\", ","timestamp":"2017-11-04T06:24:52.770Z"}
{"level":"info","message":"{\"CardId\": \"25577fa6-0d11-47d4-bc9f-ed7d8fd8cb7c\" ,\"StackId\": \"1b73b264-9a95-4fb7-b520-5d5da134f490\", ","timestamp":"2017-11-04T06:24:52.809Z"}
{"level":"info","message":"{\"CardId\": \"6e8b5edb-0f05-498b-a56e-abd09b5b698a\" ,\"StackId\": \"90434985-476d-4cfc-8004-9efe9e3aebbe\", ","timestamp":"2017-11-04T06:28:05.962Z"}
{"level":"info","message":"{\"CardId\": \"6e8b5edb-0f05-498b-a56e-abd09b5b698a\" ,\"StackId\": \"cb8f5829-69a2-464a-ad65-235d2d0dadd2\", ","timestamp":"2017-11-04T06:28:05.992Z"}
{"level":"info","message":"{\"CardId\": \"e2efec04-61a6-440c-9cd0-f37ebd8305ec\" ,\"StackId\": \"42389332-d97a-442d-a4e8-8c45a9ddd71b\", ","timestamp":"2017-11-04T06:42:58.916Z"}
{"level":"info","message":"{\"CardId\": \"e2efec04-61a6-440c-9cd0-f37ebd8305ec\" ,\"StackId\": \"a8ac695f-a60a-41b0-8203-88947d187d83\", ","timestamp":"2017-11-04T06:42:58.955Z"}
