{"level":"info","message":"{\"CardId\": \"1e5b9fe7-8251-4468-97cf-60814a7821d4\" ,\"StackId\": \"809aa25b-a802-403c-bb49-ebfbbacc6d37\", \"StackSize\": \"1\"}","timestamp":"2017-09-04T01:05:18.154Z"}
{"level":"info","message":"{\"CardId\": \"e2c256d3-b717-4dd6-a5d9-6a8cfcb3d052\" ,\"StackId\": \"809aa25b-a802-403c-bb49-ebfbbacc6d37\", \"StackSize\": \"2\"}","timestamp":"2017-09-04T01:05:18.156Z"}
{"level":"info","message":"{\"CardId\": \"b773e03c-8bb9-4718-9754-091e43dcfabc\" ,\"StackId\": \"244495cd-f8bb-48e6-91b6-e1ce268a8d2e\", \"StackSize\": \"1\"}","timestamp":"2017-09-04T01:06:31.326Z"}
{"level":"info","message":"{\"CardId\": \"4436a87a-4b6a-437f-98ac-1673dd5ceb70\" ,\"StackId\": \"244495cd-f8bb-48e6-91b6-e1ce268a8d2e\", \"StackSize\": \"2\"}","timestamp":"2017-09-04T01:06:31.328Z"}
{"level":"info","message":"{\"CardId\": \"64d27c31-4a52-4ee4-8fcd-16ef330084bf\" ,\"StackId\": \"88b5f692-2017-46bc-9700-95f10569d978\", \"StackSize\": \"1\"}","timestamp":"2017-09-04T02:15:53.037Z"}
{"level":"info","message":"{\"CardId\": \"5c68e0b9-b649-4730-9de1-dd7f29cf8604\" ,\"StackId\": \"88b5f692-2017-46bc-9700-95f10569d978\", \"StackSize\": \"2\"}","timestamp":"2017-09-04T02:15:53.040Z"}
{"level":"info","message":"{\"CardId\": \"d2d5ea99-27b4-4efe-8efe-0e567e687b14\" ,\"StackId\": \"abd2797d-9971-47eb-9a83-925f2328a8a9\", \"StackSize\": \"1\"}","timestamp":"2017-09-04T02:16:23.330Z"}
{"level":"info","message":"{\"CardId\": \"5cfdaa7f-650c-4d90-b710-12b4fa7db0aa\" ,\"StackId\": \"abd2797d-9971-47eb-9a83-925f2328a8a9\", \"StackSize\": \"2\"}","timestamp":"2017-09-04T02:16:23.336Z"}
{"level":"info","message":"{\"CardId\": \"f800c7c3-7e2a-465e-b506-c14c19078daa\" ,\"StackId\": \"b210a02b-e17d-4def-b31e-0e445fa30480\", \"StackSize\": \"1\"}","timestamp":"2017-09-04T02:16:47.317Z"}
{"level":"info","message":"{\"CardId\": \"6d4c224a-8496-400e-a7a5-1b2aaefde655\" ,\"StackId\": \"b210a02b-e17d-4def-b31e-0e445fa30480\", \"StackSize\": \"2\"}","timestamp":"2017-09-04T02:16:47.323Z"}
{"level":"info","message":"{\"CardId\": \"cdb6de00-48ca-46ff-96ce-76e9b16ddc21\" ,\"StackId\": \"395cb2db-945b-4492-948c-83560a177b7b\", \"StackSize\": \"1\"}","timestamp":"2017-09-04T02:21:42.907Z"}
{"level":"info","message":"{\"CardId\": \"cdb6de00-48ca-46ff-96ce-76e9b16ddc21\" ,\"StackId\": \"4a24bf0a-c997-49b4-b783-997e3178e301\", \"StackSize\": \"1\"}","timestamp":"2017-09-04T02:21:42.941Z"}
{"level":"info","message":"{\"CardId\": \"ca3d01c6-6410-4b98-a280-8b5e3058559d\" ,\"StackId\": \"9a737a97-d256-44fa-aa8c-57b9c127d855\", \"StackSize\": \"1\"}","timestamp":"2017-09-04T02:22:24.449Z"}
{"level":"info","message":"{\"CardId\": \"ca3d01c6-6410-4b98-a280-8b5e3058559d\" ,\"StackId\": \"d1b2ac98-b39a-4a9f-8c86-0c87998cec95\", \"StackSize\": \"1\"}","timestamp":"2017-09-04T02:22:24.486Z"}
{"level":"info","message":"{\"CardId\": \"040c3d06-d6fe-4ed3-9c3b-3978c66d16c0\" ,\"StackId\": \"d1b2ac98-b39a-4a9f-8c86-0c87998cec95\", \"StackSize\": \"2\"}","timestamp":"2017-09-04T02:22:24.495Z"}
{"level":"info","message":"{\"CardId\": \"cfe07b34-f458-48dd-aea9-e90c0b214391\" ,\"StackId\": \"ffe88bcb-c5f2-45d1-9ae1-626f83535b8e\", \"StackSize\": \"1\"}","timestamp":"2017-09-04T02:24:14.134Z"}
{"level":"info","message":"{\"CardId\": \"cfe07b34-f458-48dd-aea9-e90c0b214391\" ,\"StackId\": \"d5648f9c-049e-46f9-9455-77a86f28ccc1\", \"StackSize\": \"1\"}","timestamp":"2017-09-04T02:24:14.171Z"}
{"level":"info","message":"{\"CardId\": \"fc9ae355-7140-43a2-84ed-d486bb12e3a2\" ,\"StackId\": \"d5648f9c-049e-46f9-9455-77a86f28ccc1\", \"StackSize\": \"2\"}","timestamp":"2017-09-04T02:24:14.173Z"}
{"level":"info","message":"{\"CardId\": \"846fb447-5081-486d-a07e-d88ae62ad0ea\" ,\"StackId\": \"dd547afc-43ca-4107-a2ac-7a5a076a7bb4\", \"StackSize\": \"1\"}","timestamp":"2017-09-04T02:25:31.739Z"}
{"level":"info","message":"{\"CardId\": \"846fb447-5081-486d-a07e-d88ae62ad0ea\" ,\"StackId\": \"1cfd6c98-3b69-4421-bb8a-76e3685ae74a\", \"StackSize\": \"1\"}","timestamp":"2017-09-04T02:25:31.755Z"}
{"level":"info","message":"{\"CardId\": \"846fb447-5081-486d-a07e-d88ae62ad0ea\" ,\"StackId\": \"275b7213-3a04-4bcb-8ee2-bc5f0a3d6e6a\", \"StackSize\": \"1\"}","timestamp":"2017-09-04T02:25:31.767Z"}
{"level":"info","message":"{\"CardId\": \"eb671e1e-0089-4e91-9d88-db08c6a7b206\" ,\"StackId\": \"275b7213-3a04-4bcb-8ee2-bc5f0a3d6e6a\", \"StackSize\": \"2\"}","timestamp":"2017-09-04T02:25:31.769Z"}
{"level":"info","message":"{\"CardId\": \"e43f9786-1652-4e00-a0f0-9f0e3c5aa877\" ,\"StackId\": \"c6ff7377-ec3d-4945-8802-9486efd9a213\", \"StackSize\": \"1\"}","timestamp":"2017-09-04T02:25:57.789Z"}
{"level":"info","message":"{\"CardId\": \"e43f9786-1652-4e00-a0f0-9f0e3c5aa877\" ,\"StackId\": \"b2eaec65-6646-4cdc-9101-6587ceceae83\", \"StackSize\": \"1\"}","timestamp":"2017-09-04T02:25:57.812Z"}
{"level":"info","message":"{\"CardId\": \"e43f9786-1652-4e00-a0f0-9f0e3c5aa877\" ,\"StackId\": \"89b98936-26f0-4042-8fdd-70f736d0bc75\", \"StackSize\": \"1\"}","timestamp":"2017-09-04T02:25:57.825Z"}
{"level":"info","message":"{\"CardId\": \"c3b4c93b-cbd7-42df-82cc-308aa7e149c6\" ,\"StackId\": \"89b98936-26f0-4042-8fdd-70f736d0bc75\", \"StackSize\": \"2\"}","timestamp":"2017-09-04T02:25:57.827Z"}
{"level":"info","message":"{\"CardId\": \"e43f9786-1652-4e00-a0f0-9f0e3c5aa877\" ,\"StackId\": \"b378cbd1-836d-4e18-8afd-c3e8d5b193da\", \"StackSize\": \"1\"}","timestamp":"2017-09-04T02:25:57.850Z"}
{"level":"info","message":"{\"CardId\": \"ec480ee4-8310-49a7-a42b-f0fff15c2594\" ,\"StackId\": \"c7d431c3-0273-4b81-a1ea-6d99965a2d67\", \"StackSize\": \"1\"}","timestamp":"2017-09-04T02:26:58.950Z"}
{"level":"info","message":"{\"CardId\": \"ec480ee4-8310-49a7-a42b-f0fff15c2594\" ,\"StackId\": \"b3bf79b5-3d40-412a-be35-64c84719893d\", \"StackSize\": \"1\"}","timestamp":"2017-09-04T02:26:58.968Z"}
{"level":"info","message":"{\"CardId\": \"ec480ee4-8310-49a7-a42b-f0fff15c2594\" ,\"StackId\": \"6663071c-8bc4-4435-b284-7a5915b2483a\", \"StackSize\": \"1\"}","timestamp":"2017-09-04T02:26:58.979Z"}
{"level":"info","message":"{\"CardId\": \"0f0c582f-a720-4e9b-a87a-011eb9153b3e\" ,\"StackId\": \"6663071c-8bc4-4435-b284-7a5915b2483a\", \"StackSize\": \"2\"}","timestamp":"2017-09-04T02:26:58.980Z"}
{"level":"info","message":"{\"CardId\": \"ec480ee4-8310-49a7-a42b-f0fff15c2594\" ,\"StackId\": \"661165ae-b43a-4a3f-831c-cb76fbfd1739\", \"StackSize\": \"1\"}","timestamp":"2017-09-04T02:26:59.003Z"}
{"level":"info","message":"{\"CardId\": \"779d0b83-9b4b-4403-a715-d4dbd9ce00e7\" ,\"StackId\": \"a26181d2-82e0-4ab5-ba76-2e72e97a47b6\", \"StackSize\": \"1\"}","timestamp":"2017-09-04T02:29:04.368Z"}
{"level":"info","message":"{\"CardId\": \"779d0b83-9b4b-4403-a715-d4dbd9ce00e7\" ,\"StackId\": \"3c55b3c1-91dc-4114-9b20-ac7e44d6f1cf\", \"StackSize\": \"1\"}","timestamp":"2017-09-04T02:29:04.385Z"}
{"level":"info","message":"{\"CardId\": \"779d0b83-9b4b-4403-a715-d4dbd9ce00e7\" ,\"StackId\": \"c920a805-dbf1-40cf-9b1f-13e854ddd44c\", \"StackSize\": \"1\"}","timestamp":"2017-09-04T02:29:04.404Z"}
{"level":"info","message":"{\"CardId\": \"21e421ba-e617-442b-bdb3-3bc46d44ea9b\" ,\"StackId\": \"c920a805-dbf1-40cf-9b1f-13e854ddd44c\", \"StackSize\": \"2\"}","timestamp":"2017-09-04T02:29:04.405Z"}
{"level":"info","message":"{\"CardId\": \"779d0b83-9b4b-4403-a715-d4dbd9ce00e7\" ,\"StackId\": \"206a2268-7212-4dbb-8d98-3c3a576e7788\", \"StackSize\": \"1\"}","timestamp":"2017-09-04T02:29:04.428Z"}
{"level":"info","message":"{\"CardId\": \"fce98d91-ddff-4cac-bb69-0f53a91640d2\" ,\"StackId\": \"3e3ce8cd-edd3-44a2-88ce-882420ae357d\", \"StackSize\": \"1\"}","timestamp":"2017-09-04T02:30:48.923Z"}
{"level":"info","message":"{\"CardId\": \"fce98d91-ddff-4cac-bb69-0f53a91640d2\" ,\"StackId\": \"358dba42-d2ed-4c8e-899d-864a4686aa14\", \"StackSize\": \"1\"}","timestamp":"2017-09-04T02:30:48.938Z"}
{"level":"info","message":"{\"CardId\": \"fce98d91-ddff-4cac-bb69-0f53a91640d2\" ,\"StackId\": \"b0c25429-6392-4f46-836d-a0e3a9ff5988\", \"StackSize\": \"1\"}","timestamp":"2017-09-04T02:30:48.949Z"}
{"level":"info","message":"{\"CardId\": \"a9e450e0-c384-45dd-a098-49e7e1e728de\" ,\"StackId\": \"b0c25429-6392-4f46-836d-a0e3a9ff5988\", \"StackSize\": \"2\"}","timestamp":"2017-09-04T02:30:48.950Z"}
{"level":"info","message":"{\"CardId\": \"fce98d91-ddff-4cac-bb69-0f53a91640d2\" ,\"StackId\": \"7adebe72-0f20-48dc-9db8-c3c861b7faf6\", \"StackSize\": \"1\"}","timestamp":"2017-09-04T02:30:48.976Z"}
{"level":"info","message":"{\"CardId\": \"3bb2e62c-d15d-48f9-a1b1-a610556f28c5\" ,\"StackId\": \"b4c08f0c-b5c0-4dbf-a037-b4b69b2119be\", \"StackSize\": \"1\"}","timestamp":"2017-09-04T02:32:13.710Z"}
{"level":"info","message":"{\"CardId\": \"3bb2e62c-d15d-48f9-a1b1-a610556f28c5\" ,\"StackId\": \"b3ce1f16-11c9-42df-9a1e-ccba29bad723\", \"StackSize\": \"1\"}","timestamp":"2017-09-04T02:32:13.725Z"}
{"level":"info","message":"{\"CardId\": \"3bb2e62c-d15d-48f9-a1b1-a610556f28c5\" ,\"StackId\": \"933e3519-ff61-44c7-89ff-60ffedd62334\", \"StackSize\": \"1\"}","timestamp":"2017-09-04T02:32:13.736Z"}
{"level":"info","message":"{\"CardId\": \"d0d5540c-c2f2-4034-8677-9b62e6712e36\" ,\"StackId\": \"933e3519-ff61-44c7-89ff-60ffedd62334\", \"StackSize\": \"2\"}","timestamp":"2017-09-04T02:32:13.737Z"}
{"level":"info","message":"{\"CardId\": \"3bb2e62c-d15d-48f9-a1b1-a610556f28c5\" ,\"StackId\": \"ee0d7e44-edfa-4427-bda1-8753edb45dac\", \"StackSize\": \"1\"}","timestamp":"2017-09-04T02:32:13.761Z"}
{"level":"info","message":"{\"CardId\": \"178a7694-fa65-419a-ae8a-8c7f058fa9e3\" ,\"StackId\": \"bea0576f-743b-4106-9aee-069435e6b095\", \"StackSize\": \"1\"}","timestamp":"2017-09-04T02:33:02.961Z"}
{"level":"info","message":"{\"CardId\": \"178a7694-fa65-419a-ae8a-8c7f058fa9e3\" ,\"StackId\": \"3534b1cd-2895-4e45-a3d4-87b8a0d4939e\", \"StackSize\": \"1\"}","timestamp":"2017-09-04T02:33:02.977Z"}
{"level":"info","message":"{\"CardId\": \"178a7694-fa65-419a-ae8a-8c7f058fa9e3\" ,\"StackId\": \"855fce34-b6b8-4e3b-8ce9-30e01bddf0f1\", \"StackSize\": \"1\"}","timestamp":"2017-09-04T02:33:02.987Z"}
{"level":"info","message":"{\"CardId\": \"dc8d716f-efa1-43c4-a29e-fdaf88d13f47\" ,\"StackId\": \"855fce34-b6b8-4e3b-8ce9-30e01bddf0f1\", \"StackSize\": \"2\"}","timestamp":"2017-09-04T02:33:02.988Z"}
{"level":"info","message":"{\"CardId\": \"dfd34f03-b53a-4ee4-9a41-6c3edf0c8749\" ,\"StackId\": \"bca1bc39-2d07-45a5-8ae4-8aa8ae56aaa9\", \"StackSize\": \"1\"}","timestamp":"2017-09-04T02:33:28.296Z"}
{"level":"info","message":"{\"CardId\": \"dfd34f03-b53a-4ee4-9a41-6c3edf0c8749\" ,\"StackId\": \"9839d40e-51a3-4cd8-bd3b-c7a3791e2a7d\", \"StackSize\": \"1\"}","timestamp":"2017-09-04T02:33:28.313Z"}
{"level":"info","message":"{\"CardId\": \"dfd34f03-b53a-4ee4-9a41-6c3edf0c8749\" ,\"StackId\": \"bb7daa5c-1fda-4e03-a926-064519b5abb7\", \"StackSize\": \"1\"}","timestamp":"2017-09-04T02:33:28.324Z"}
{"level":"info","message":"{\"CardId\": \"6d4deb38-1eae-4f88-a28f-1af1bf57ee32\" ,\"StackId\": \"bb7daa5c-1fda-4e03-a926-064519b5abb7\", \"StackSize\": \"2\"}","timestamp":"2017-09-04T02:33:28.325Z"}
{"level":"info","message":"{\"CardId\": \"ee7586d3-50e6-41c9-91bf-bad34b47247f\" ,\"StackId\": \"ebfbb094-ceb1-4939-8e52-415ea45ea352\", \"StackSize\": \"1\"}","timestamp":"2017-09-04T02:35:57.476Z"}
{"level":"info","message":"{\"CardId\": \"ee7586d3-50e6-41c9-91bf-bad34b47247f\" ,\"StackId\": \"de51faf9-53de-4464-afbe-d479494d9132\", \"StackSize\": \"1\"}","timestamp":"2017-09-04T02:35:57.493Z"}
{"level":"info","message":"{\"CardId\": \"ee7586d3-50e6-41c9-91bf-bad34b47247f\" ,\"StackId\": \"d3ef8b50-2954-4dd1-a08b-be187271a8d8\", \"StackSize\": \"1\"}","timestamp":"2017-09-04T02:35:57.505Z"}
{"level":"info","message":"{\"CardId\": \"3644b06c-51d3-4a36-a8a8-84de347e66a6\" ,\"StackId\": \"d3ef8b50-2954-4dd1-a08b-be187271a8d8\", \"StackSize\": \"2\"}","timestamp":"2017-09-04T02:35:57.507Z"}
{"level":"info","message":"{\"CardId\": \"a9c41a6c-cbe0-440e-932e-9e1310301e86\" ,\"StackId\": \"8e220d07-df65-4906-92fc-2c4c8b6a0044\", \"StackSize\": \"1\"}","timestamp":"2017-09-04T02:37:57.839Z"}
{"level":"info","message":"{\"CardId\": \"a9c41a6c-cbe0-440e-932e-9e1310301e86\" ,\"StackId\": \"4fd82d15-e158-4c84-9913-c119c74a79e8\", \"StackSize\": \"1\"}","timestamp":"2017-09-04T02:37:57.855Z"}
{"level":"info","message":"{\"CardId\": \"a9c41a6c-cbe0-440e-932e-9e1310301e86\" ,\"StackId\": \"64440f9f-5581-4e91-953e-50461d2523b6\", \"StackSize\": \"1\"}","timestamp":"2017-09-04T02:37:57.865Z"}
{"level":"info","message":"{\"CardId\": \"2db69084-4aed-419b-9d3e-557d9f5243b4\" ,\"StackId\": \"64440f9f-5581-4e91-953e-50461d2523b6\", \"StackSize\": \"2\"}","timestamp":"2017-09-04T02:37:57.866Z"}
{"level":"info","message":"{\"CardId\": \"347403ee-98d7-4415-ba25-4ffd0884005b\" ,\"StackId\": \"f4aac4c9-c890-43d3-90b5-3c6c5ef4d4b5\", \"StackSize\": \"1\"}","timestamp":"2017-09-04T02:39:35.122Z"}
{"level":"info","message":"{\"CardId\": \"347403ee-98d7-4415-ba25-4ffd0884005b\" ,\"StackId\": \"2bc8605b-b5b0-43f1-9dc6-63d26b501fd2\", \"StackSize\": \"1\"}","timestamp":"2017-09-04T02:39:35.139Z"}
{"level":"info","message":"{\"CardId\": \"347403ee-98d7-4415-ba25-4ffd0884005b\" ,\"StackId\": \"cf59ca6c-d1cd-4402-a356-023fdb6b5fd2\", \"StackSize\": \"1\"}","timestamp":"2017-09-04T02:39:35.150Z"}
{"level":"info","message":"{\"CardId\": \"9dd07307-4ae2-4fb6-b6f9-820b977b9111\" ,\"StackId\": \"cf59ca6c-d1cd-4402-a356-023fdb6b5fd2\", \"StackSize\": \"2\"}","timestamp":"2017-09-04T02:39:35.151Z"}
{"level":"info","message":"{\"CardId\": \"347403ee-98d7-4415-ba25-4ffd0884005b\" ,\"StackId\": \"626d7337-1e26-40a5-a758-38103db565bd\", \"StackSize\": \"1\"}","timestamp":"2017-09-04T02:39:35.178Z"}
{"level":"info","message":"{\"CardId\": \"16522b50-6ae7-4a2f-b907-cdcf79c55332\" ,\"StackId\": \"f3654b40-a904-4777-a04e-e72d6cc10486\", \"StackSize\": \"1\"}","timestamp":"2017-09-04T02:41:46.394Z"}
{"level":"info","message":"{\"CardId\": \"16522b50-6ae7-4a2f-b907-cdcf79c55332\" ,\"StackId\": \"c18bd57f-1592-4b79-92b2-6edb595fd19c\", \"StackSize\": \"1\"}","timestamp":"2017-09-04T02:41:46.418Z"}
{"level":"info","message":"{\"CardId\": \"16522b50-6ae7-4a2f-b907-cdcf79c55332\" ,\"StackId\": \"3487f871-f7eb-4c81-9268-9a0d8618e8c8\", \"StackSize\": \"1\"}","timestamp":"2017-09-04T02:41:46.432Z"}
{"level":"info","message":"{\"CardId\": \"b4c9c266-8b06-4605-b6cf-252fbcc4df3f\" ,\"StackId\": \"3487f871-f7eb-4c81-9268-9a0d8618e8c8\", \"StackSize\": \"2\"}","timestamp":"2017-09-04T02:41:46.433Z"}
{"level":"info","message":"{\"CardId\": \"16522b50-6ae7-4a2f-b907-cdcf79c55332\" ,\"StackId\": \"7b457e80-ce15-42f8-a20d-2588cb746330\", \"StackSize\": \"1\"}","timestamp":"2017-09-04T02:41:46.460Z"}
{"level":"info","message":"{\"CardId\": \"5c0cb16f-d888-4bda-98f6-194b35dc381f\" ,\"StackId\": \"dc1b4222-381c-4597-b83a-522f2f47f262\", \"StackSize\": \"1\"}","timestamp":"2017-09-04T02:42:33.422Z"}
{"level":"info","message":"{\"CardId\": \"5c0cb16f-d888-4bda-98f6-194b35dc381f\" ,\"StackId\": \"b0477ea1-d187-4220-b388-1dfef261b9df\", \"StackSize\": \"1\"}","timestamp":"2017-09-04T02:42:33.445Z"}
{"level":"info","message":"{\"CardId\": \"5c0cb16f-d888-4bda-98f6-194b35dc381f\" ,\"StackId\": \"291b1696-5de1-48bc-906f-469132fdc55f\", \"StackSize\": \"1\"}","timestamp":"2017-09-04T02:42:33.463Z"}
{"level":"info","message":"{\"CardId\": \"6df49d0f-16d1-4b56-8bb9-ffef6c824659\" ,\"StackId\": \"291b1696-5de1-48bc-906f-469132fdc55f\", \"StackSize\": \"2\"}","timestamp":"2017-09-04T02:42:33.464Z"}
{"level":"info","message":"{\"CardId\": \"5c0cb16f-d888-4bda-98f6-194b35dc381f\" ,\"StackId\": \"05cfbfae-1b73-465c-960c-32ffbeb08acf\", \"StackSize\": \"1\"}","timestamp":"2017-09-04T02:42:33.487Z"}
{"level":"info","message":"{\"CardId\": \"10f93219-18f8-485a-b470-ac8bba4d0437\" ,\"StackId\": \"6353cbba-260f-424b-8c3c-130186c3c643\", \"StackSize\": \"1\"}","timestamp":"2017-09-04T02:43:01.088Z"}
{"level":"info","message":"{\"CardId\": \"10f93219-18f8-485a-b470-ac8bba4d0437\" ,\"StackId\": \"d5d9e097-0683-4ef4-af02-5a9d27da092d\", \"StackSize\": \"1\"}","timestamp":"2017-09-04T02:43:01.104Z"}
{"level":"info","message":"{\"CardId\": \"10f93219-18f8-485a-b470-ac8bba4d0437\" ,\"StackId\": \"b7517997-2360-4d12-9aba-7ae58d5e5be3\", \"StackSize\": \"1\"}","timestamp":"2017-09-04T02:43:01.113Z"}
{"level":"info","message":"{\"CardId\": \"0e7bb68b-562a-4a16-8dbc-6f3813982688\" ,\"StackId\": \"b7517997-2360-4d12-9aba-7ae58d5e5be3\", \"StackSize\": \"2\"}","timestamp":"2017-09-04T02:43:01.114Z"}
{"level":"info","message":"{\"CardId\": \"10f93219-18f8-485a-b470-ac8bba4d0437\" ,\"StackId\": \"86796b69-0245-4ce6-a281-dfd38eed2b9f\", \"StackSize\": \"1\"}","timestamp":"2017-09-04T02:43:01.140Z"}
{"level":"info","message":"{\"CardId\": \"d565e9cb-0472-4b11-92a1-35aa97118277\" ,\"StackId\": \"2e67b878-85c4-42c6-8ff8-70855fb748fd\", \"StackSize\": \"1\"}","timestamp":"2017-09-04T02:43:43.125Z"}
{"level":"info","message":"{\"CardId\": \"d565e9cb-0472-4b11-92a1-35aa97118277\" ,\"StackId\": \"eff905bb-2963-4e81-9a80-e9c612b2bc59\", \"StackSize\": \"1\"}","timestamp":"2017-09-04T02:43:43.143Z"}
{"level":"info","message":"{\"CardId\": \"d565e9cb-0472-4b11-92a1-35aa97118277\" ,\"StackId\": \"59381ecc-d428-432c-8c75-964b100b905d\", \"StackSize\": \"1\"}","timestamp":"2017-09-04T02:43:43.155Z"}
{"level":"info","message":"{\"CardId\": \"a7673890-447c-414d-b18b-a326925fe3d4\" ,\"StackId\": \"59381ecc-d428-432c-8c75-964b100b905d\", \"StackSize\": \"2\"}","timestamp":"2017-09-04T02:43:43.156Z"}
{"level":"info","message":"{\"CardId\": \"d565e9cb-0472-4b11-92a1-35aa97118277\" ,\"StackId\": \"13e1bba2-630b-4d81-8716-a46d03ea28f5\", \"StackSize\": \"1\"}","timestamp":"2017-09-04T02:43:43.184Z"}
{"level":"info","message":"{\"CardId\": \"f9e3231a-2c10-496a-a123-f4be4887d11f\" ,\"StackId\": \"c6a65291-4802-4edb-a8cb-3ba2b1b8a7fc\", \"StackSize\": \"1\"}","timestamp":"2017-09-04T02:44:27.753Z"}
{"level":"info","message":"{\"CardId\": \"f9e3231a-2c10-496a-a123-f4be4887d11f\" ,\"StackId\": \"24ff39da-0c3c-4473-b5d9-612d96f80a51\", \"StackSize\": \"1\"}","timestamp":"2017-09-04T02:44:27.779Z"}
{"level":"info","message":"{\"CardId\": \"f9e3231a-2c10-496a-a123-f4be4887d11f\" ,\"StackId\": \"c4061363-49e1-4a01-8ceb-2a09458e1214\", \"StackSize\": \"1\"}","timestamp":"2017-09-04T02:44:27.789Z"}
{"level":"info","message":"{\"CardId\": \"eeae7fd7-0ea2-4eb1-a90e-1ba2cda2d7fa\" ,\"StackId\": \"c4061363-49e1-4a01-8ceb-2a09458e1214\", \"StackSize\": \"2\"}","timestamp":"2017-09-04T02:44:27.790Z"}
{"level":"info","message":"{\"CardId\": \"f9e3231a-2c10-496a-a123-f4be4887d11f\" ,\"StackId\": \"02206918-4cea-4e69-9643-8155df958fa6\", \"StackSize\": \"1\"}","timestamp":"2017-09-04T02:44:27.813Z"}
{"level":"info","message":"{\"CardId\": \"907de50e-e89d-4992-bb7b-93c3061b5077\" ,\"StackId\": \"e51ff003-f7d3-4f89-91d8-8de2db2d337d\", \"StackSize\": \"1\"}","timestamp":"2017-09-04T02:46:40.312Z"}
{"level":"info","message":"{\"CardId\": \"907de50e-e89d-4992-bb7b-93c3061b5077\" ,\"StackId\": \"7970062d-b729-4011-bc1d-28f1e40b3f40\", \"StackSize\": \"1\"}","timestamp":"2017-09-04T02:46:40.328Z"}
{"level":"info","message":"{\"CardId\": \"907de50e-e89d-4992-bb7b-93c3061b5077\" ,\"StackId\": \"2012ba8d-2b00-4d7f-b6b8-d0aae653aca7\", \"StackSize\": \"1\"}","timestamp":"2017-09-04T02:46:40.337Z"}
{"level":"info","message":"{\"CardId\": \"5d96ffd3-21b5-41b1-b031-d495d28216c4\" ,\"StackId\": \"2012ba8d-2b00-4d7f-b6b8-d0aae653aca7\", \"StackSize\": \"2\"}","timestamp":"2017-09-04T02:46:40.339Z"}
{"level":"info","message":"{\"CardId\": \"907de50e-e89d-4992-bb7b-93c3061b5077\" ,\"StackId\": \"c61b1db5-3af9-4293-b218-55ed12143eba\", \"StackSize\": \"1\"}","timestamp":"2017-09-04T02:46:40.367Z"}
{"level":"info","message":"{\"CardId\": \"5343e44d-e015-4b39-848f-ffd98477006e\" ,\"StackId\": \"fce3f0d4-9f23-4d77-9c4b-a2a186f7f313\", \"StackSize\": \"1\"}","timestamp":"2017-09-04T02:54:44.435Z"}
{"level":"info","message":"{\"CardId\": \"5343e44d-e015-4b39-848f-ffd98477006e\" ,\"StackId\": \"72258179-91a5-4337-b414-deee277542c6\", \"StackSize\": \"1\"}","timestamp":"2017-09-04T02:54:44.456Z"}
{"level":"info","message":"{\"CardId\": \"5343e44d-e015-4b39-848f-ffd98477006e\" ,\"StackId\": \"86e58c23-57ff-4429-b4a3-aac647c5e310\", \"StackSize\": \"1\"}","timestamp":"2017-09-04T02:54:44.469Z"}
{"level":"info","message":"{\"CardId\": \"ec4dea88-40cb-46ab-a162-4a285b2b40ed\" ,\"StackId\": \"86e58c23-57ff-4429-b4a3-aac647c5e310\", \"StackSize\": \"2\"}","timestamp":"2017-09-04T02:54:44.470Z"}
{"level":"info","message":"{\"CardId\": \"5343e44d-e015-4b39-848f-ffd98477006e\" ,\"StackId\": \"9bf9c0c6-3468-41cc-a959-e8d23193b678\", \"StackSize\": \"1\"}","timestamp":"2017-09-04T02:54:44.500Z"}
{"level":"info","message":"{\"CardId\": \"2e9d0729-f208-4ca6-b015-1dd7fd5c3a5b\" ,\"StackId\": \"da702a3b-7471-4bde-b141-a4e9aec2c232\", \"StackSize\": \"1\"}","timestamp":"2017-09-04T02:56:28.654Z"}
{"level":"info","message":"{\"CardId\": \"2e9d0729-f208-4ca6-b015-1dd7fd5c3a5b\" ,\"StackId\": \"957b61a4-d054-4ed0-bfdf-29d04424ba1a\", \"StackSize\": \"1\"}","timestamp":"2017-09-04T02:56:28.670Z"}
{"level":"info","message":"{\"CardId\": \"2e9d0729-f208-4ca6-b015-1dd7fd5c3a5b\" ,\"StackId\": \"19a0f8ff-502f-409e-a944-777f5c2ee3d4\", \"StackSize\": \"1\"}","timestamp":"2017-09-04T02:56:28.692Z"}
{"level":"info","message":"{\"CardId\": \"6ff8992c-3465-497c-9758-fdfaa8cde7b0\" ,\"StackId\": \"19a0f8ff-502f-409e-a944-777f5c2ee3d4\", \"StackSize\": \"2\"}","timestamp":"2017-09-04T02:56:28.693Z"}
{"level":"info","message":"{\"CardId\": \"2e9d0729-f208-4ca6-b015-1dd7fd5c3a5b\" ,\"StackId\": \"44bc0220-e4f0-4b5a-85a0-504610c58636\", \"StackSize\": \"1\"}","timestamp":"2017-09-04T02:56:28.720Z"}
{"level":"info","message":"{\"CardId\": \"95552be7-2750-495d-8e57-def228f46078\" ,\"StackId\": \"0547f0bb-c89b-4040-ba4b-b4896e334da8\", \"StackSize\": \"1\"}","timestamp":"2017-09-04T02:59:22.008Z"}
{"level":"info","message":"{\"CardId\": \"95552be7-2750-495d-8e57-def228f46078\" ,\"StackId\": \"0b9a8647-7133-4035-a9e9-f9ef808beff0\", \"StackSize\": \"1\"}","timestamp":"2017-09-04T02:59:22.025Z"}
{"level":"info","message":"{\"CardId\": \"95552be7-2750-495d-8e57-def228f46078\" ,\"StackId\": \"05b317ed-c487-4c8f-9c40-a6a0e1c719a5\", \"StackSize\": \"1\"}","timestamp":"2017-09-04T02:59:22.045Z"}
{"level":"info","message":"{\"CardId\": \"fe082132-76ba-4aac-9175-1205ea49dc68\" ,\"StackId\": \"05b317ed-c487-4c8f-9c40-a6a0e1c719a5\", \"StackSize\": \"2\"}","timestamp":"2017-09-04T02:59:22.046Z"}
{"level":"info","message":"{\"CardId\": \"95552be7-2750-495d-8e57-def228f46078\" ,\"StackId\": \"5a99d917-290c-411f-b593-57ca972bf9ef\", \"StackSize\": \"1\"}","timestamp":"2017-09-04T02:59:22.070Z"}
{"level":"info","message":"{\"CardId\": \"8997b996-f313-4205-bc8b-7e3392b41f97\" ,\"StackId\": \"3f2ad0dc-206b-4f25-a975-fae9b902e58a\", \"StackSize\": \"1\"}","timestamp":"2017-09-04T02:59:51.876Z"}
{"level":"info","message":"{\"CardId\": \"8997b996-f313-4205-bc8b-7e3392b41f97\" ,\"StackId\": \"834cc0f8-a2ca-4464-bcba-23cbda2517a1\", \"StackSize\": \"1\"}","timestamp":"2017-09-04T02:59:51.893Z"}
{"level":"info","message":"{\"CardId\": \"8997b996-f313-4205-bc8b-7e3392b41f97\" ,\"StackId\": \"2c4f49d8-e90c-4483-8199-8368accc224f\", \"StackSize\": \"1\"}","timestamp":"2017-09-04T02:59:51.914Z"}
{"level":"info","message":"{\"CardId\": \"07324a59-82a7-4fd5-8cf2-e0f164203fa9\" ,\"StackId\": \"2c4f49d8-e90c-4483-8199-8368accc224f\", \"StackSize\": \"2\"}","timestamp":"2017-09-04T02:59:51.914Z"}
{"level":"info","message":"{\"CardId\": \"8997b996-f313-4205-bc8b-7e3392b41f97\" ,\"StackId\": \"76a4c4d6-037c-4fd6-a638-1a6555011e24\", \"StackSize\": \"1\"}","timestamp":"2017-09-04T02:59:51.949Z"}
{"level":"info","message":"{\"CardId\": \"df78aa48-46ba-4d04-9045-c4ece37422d2\" ,\"StackId\": \"c4a37d76-bfb5-492f-8777-e59f3c5e2362\", \"StackSize\": \"1\"}","timestamp":"2017-09-04T03:00:42.850Z"}
{"level":"info","message":"{\"CardId\": \"df78aa48-46ba-4d04-9045-c4ece37422d2\" ,\"StackId\": \"6c6fbe06-4ab5-47af-8e73-9ea53bfadd46\", \"StackSize\": \"1\"}","timestamp":"2017-09-04T03:00:42.867Z"}
{"level":"info","message":"{\"CardId\": \"df78aa48-46ba-4d04-9045-c4ece37422d2\" ,\"StackId\": \"cef1d178-da52-4592-88ec-8e64b6b6dc29\", \"StackSize\": \"1\"}","timestamp":"2017-09-04T03:00:42.887Z"}
{"level":"info","message":"{\"CardId\": \"5971663a-f3e9-4087-ae27-14ac61b52934\" ,\"StackId\": \"cef1d178-da52-4592-88ec-8e64b6b6dc29\", \"StackSize\": \"2\"}","timestamp":"2017-09-04T03:00:42.888Z"}
{"level":"info","message":"{\"CardId\": \"df78aa48-46ba-4d04-9045-c4ece37422d2\" ,\"StackId\": \"c77dea71-4bc4-4019-9775-97a85207d187\", \"StackSize\": \"1\"}","timestamp":"2017-09-04T03:00:42.922Z"}
{"level":"info","message":"{\"CardId\": \"eab4f572-153f-4798-aa2b-4fce338288b8\" ,\"StackId\": \"e9c04676-98c5-4515-934c-76babde7b939\", \"StackSize\": \"1\"}","timestamp":"2017-09-04T03:01:04.602Z"}
{"level":"info","message":"{\"CardId\": \"eab4f572-153f-4798-aa2b-4fce338288b8\" ,\"StackId\": \"db1753ea-f9a3-42b8-a79d-f09148a571d2\", \"StackSize\": \"1\"}","timestamp":"2017-09-04T03:01:04.619Z"}
{"level":"info","message":"{\"CardId\": \"eab4f572-153f-4798-aa2b-4fce338288b8\" ,\"StackId\": \"3a435c52-75b0-4194-95fa-94c52ec21ea7\", \"StackSize\": \"1\"}","timestamp":"2017-09-04T03:01:04.638Z"}
{"level":"info","message":"{\"CardId\": \"13ea6e26-3d74-4205-92be-99de7d34c1d7\" ,\"StackId\": \"3a435c52-75b0-4194-95fa-94c52ec21ea7\", \"StackSize\": \"2\"}","timestamp":"2017-09-04T03:01:04.639Z"}
{"level":"info","message":"{\"CardId\": \"eab4f572-153f-4798-aa2b-4fce338288b8\" ,\"StackId\": \"c96e2ed0-3c6d-4576-9f22-d818d31c22e5\", \"StackSize\": \"1\"}","timestamp":"2017-09-04T03:01:04.663Z"}
{"level":"info","message":"{\"CardId\": \"9a62375f-5b16-4e9a-9ad1-93ef41c41993\" ,\"StackId\": \"4943b914-f95b-4d70-9fbb-c6d702f49bb2\", \"StackSize\": \"1\"}","timestamp":"2017-09-04T03:01:30.111Z"}
{"level":"info","message":"{\"CardId\": \"8a258471-645c-47d4-b9a8-5e89fe07a744\" ,\"StackId\": \"4943b914-f95b-4d70-9fbb-c6d702f49bb2\", \"StackSize\": \"2\"}","timestamp":"2017-09-04T03:01:30.111Z"}
{"level":"info","message":"{\"CardId\": \"a7b4825e-bae5-42d4-89a6-383b19d643af\" ,\"StackId\": \"9889d2c7-54d9-4619-84f8-60968fd9bc58\", \"StackSize\": \"1\"}","timestamp":"2017-09-04T03:01:48.341Z"}
{"level":"info","message":"{\"CardId\": \"a7b4825e-bae5-42d4-89a6-383b19d643af\" ,\"StackId\": \"d7dfc32d-7013-416d-bbdd-089ad842a669\", \"StackSize\": \"1\"}","timestamp":"2017-09-04T03:01:48.357Z"}
{"level":"info","message":"{\"CardId\": \"a7b4825e-bae5-42d4-89a6-383b19d643af\" ,\"StackId\": \"7446fd5f-8433-4bbb-a48b-d9c48acb9c2a\", \"StackSize\": \"1\"}","timestamp":"2017-09-04T03:01:48.372Z"}
{"level":"info","message":"{\"CardId\": \"c73cf558-bf5b-460d-b722-d067c687bb78\" ,\"StackId\": \"7446fd5f-8433-4bbb-a48b-d9c48acb9c2a\", \"StackSize\": \"2\"}","timestamp":"2017-09-04T03:01:48.373Z"}
{"level":"info","message":"{\"CardId\": \"a7b4825e-bae5-42d4-89a6-383b19d643af\" ,\"StackId\": \"0cd26a2f-fd3e-4580-b0ce-0784613f2c1e\", \"StackSize\": \"1\"}","timestamp":"2017-09-04T03:01:48.397Z"}
{"level":"info","message":"{\"CardId\": \"3cbe1b3c-7091-4d1d-8ca5-4f6203a86d82\" ,\"StackId\": \"0612e165-0138-4afd-b86b-3b3655623288\", \"StackSize\": \"1\"}","timestamp":"2017-09-04T03:02:51.125Z"}
{"level":"info","message":"{\"CardId\": \"8b17f945-5f63-4b19-980e-8b7ce837b352\" ,\"StackId\": \"0612e165-0138-4afd-b86b-3b3655623288\", \"StackSize\": \"2\"}","timestamp":"2017-09-04T03:02:51.125Z"}
{"level":"info","message":"{\"CardId\": \"710d2248-c720-461a-9d05-21486a25cbde\" ,\"StackId\": \"92659007-3344-4a0e-bb21-d0808f9d534b\", \"StackSize\": \"1\"}","timestamp":"2017-09-04T03:05:58.580Z"}
{"level":"info","message":"{\"CardId\": \"710d2248-c720-461a-9d05-21486a25cbde\" ,\"StackId\": \"c9e94117-685d-4639-8d3c-48d06d0df631\", \"StackSize\": \"1\"}","timestamp":"2017-09-04T03:05:58.597Z"}
{"level":"info","message":"{\"CardId\": \"710d2248-c720-461a-9d05-21486a25cbde\" ,\"StackId\": \"3e3ff11a-d48c-420b-bbf7-fc02db983e63\", \"StackSize\": \"1\"}","timestamp":"2017-09-04T03:05:58.607Z"}
{"level":"info","message":"{\"CardId\": \"92ede55c-4684-4c20-b5d7-84d745e39eac\" ,\"StackId\": \"3e3ff11a-d48c-420b-bbf7-fc02db983e63\", \"StackSize\": \"2\"}","timestamp":"2017-09-04T03:05:58.608Z"}
{"level":"info","message":"{\"CardId\": \"710d2248-c720-461a-9d05-21486a25cbde\" ,\"StackId\": \"b0cd0872-c79b-4a31-97af-a2301cb81315\", \"StackSize\": \"1\"}","timestamp":"2017-09-04T03:05:58.636Z"}
{"level":"info","message":"{\"CardId\": \"b4482608-4f05-4342-b5b9-6b5839519d89\" ,\"StackId\": \"96f534af-ab3d-41ed-939a-5c84c09977e8\", \"StackSize\": \"1\"}","timestamp":"2017-09-04T03:07:27.969Z"}
{"level":"info","message":"{\"CardId\": \"b4482608-4f05-4342-b5b9-6b5839519d89\" ,\"StackId\": \"2fa9ba3b-4939-44f1-ad9c-07665a2216c4\", \"StackSize\": \"1\"}","timestamp":"2017-09-04T03:07:27.998Z"}
{"level":"info","message":"{\"CardId\": \"b4482608-4f05-4342-b5b9-6b5839519d89\" ,\"StackId\": \"7f80b7e8-7d3b-4d40-ae02-7abc01662823\", \"StackSize\": \"1\"}","timestamp":"2017-09-04T03:07:28.013Z"}
{"level":"info","message":"{\"CardId\": \"7b1b86c0-bef8-40c2-a0ef-adc6c9083d30\" ,\"StackId\": \"7f80b7e8-7d3b-4d40-ae02-7abc01662823\", \"StackSize\": \"2\"}","timestamp":"2017-09-04T03:07:28.014Z"}
{"level":"info","message":"{\"CardId\": \"b4482608-4f05-4342-b5b9-6b5839519d89\" ,\"StackId\": \"43ca6626-b427-4213-b259-803b3b96f548\", \"StackSize\": \"1\"}","timestamp":"2017-09-04T03:07:28.034Z"}
{"level":"info","message":"{\"CardId\": \"b4482608-4f05-4342-b5b9-6b5839519d89\" ,\"StackId\": \"5c0616cf-3c1d-47f0-a62b-2fcb74504f76\", \"StackSize\": \"1\"}","timestamp":"2017-09-04T03:07:28.046Z"}
{"level":"info","message":"{\"CardId\": \"a494347c-0cdd-412a-9416-8301ba0163d3\" ,\"StackId\": \"c9d5ee46-2880-48da-8bdc-d1f71d661b4e\", \"StackSize\": \"1\"}","timestamp":"2017-09-04T03:08:46.963Z"}
{"level":"info","message":"{\"CardId\": \"a494347c-0cdd-412a-9416-8301ba0163d3\" ,\"StackId\": \"9f585847-48cb-4253-a035-388c532ce69f\", \"StackSize\": \"1\"}","timestamp":"2017-09-04T03:08:46.979Z"}
{"level":"info","message":"{\"CardId\": \"a494347c-0cdd-412a-9416-8301ba0163d3\" ,\"StackId\": \"ec25fc82-e3dc-4ef8-ae00-ef398be94db4\", \"StackSize\": \"1\"}","timestamp":"2017-09-04T03:08:46.989Z"}
{"level":"info","message":"{\"CardId\": \"e7c3beb0-9db1-4e75-a778-18b40c64d9ea\" ,\"StackId\": \"ec25fc82-e3dc-4ef8-ae00-ef398be94db4\", \"StackSize\": \"2\"}","timestamp":"2017-09-04T03:08:46.990Z"}
{"level":"info","message":"{\"CardId\": \"a494347c-0cdd-412a-9416-8301ba0163d3\" ,\"StackId\": \"76a9a99d-41a9-4a0d-b1cb-c162b691cb9c\", \"StackSize\": \"1\"}","timestamp":"2017-09-04T03:08:47.019Z"}
{"level":"info","message":"{\"CardId\": \"a494347c-0cdd-412a-9416-8301ba0163d3\" ,\"StackId\": \"8b377b42-ad55-4742-b591-1822c647662f\", \"StackSize\": \"1\"}","timestamp":"2017-09-04T03:08:47.031Z"}
{"level":"info","message":"{\"CardId\": \"4afb21ec-5067-43f0-8ec8-fc6a87662c02\" ,\"StackId\": \"f8e932a9-08fb-4b05-ab16-4ce0ea2acd71\", \"StackSize\": \"1\"}","timestamp":"2017-09-04T03:25:15.494Z"}
{"level":"info","message":"{\"CardId\": \"4afb21ec-5067-43f0-8ec8-fc6a87662c02\" ,\"StackId\": \"bd683729-1a09-4c87-8fdc-2e9ed4f87c1c\", \"StackSize\": \"1\"}","timestamp":"2017-09-04T03:25:15.510Z"}
{"level":"info","message":"{\"CardId\": \"4afb21ec-5067-43f0-8ec8-fc6a87662c02\" ,\"StackId\": \"bbea0c60-4cce-4344-95b6-f6c94361757c\", \"StackSize\": \"1\"}","timestamp":"2017-09-04T03:25:15.520Z"}
{"level":"info","message":"{\"CardId\": \"34e8cf1d-fde7-4826-bce5-3e99c1414f2c\" ,\"StackId\": \"bbea0c60-4cce-4344-95b6-f6c94361757c\", \"StackSize\": \"2\"}","timestamp":"2017-09-04T03:25:15.521Z"}
{"level":"info","message":"{\"CardId\": \"4afb21ec-5067-43f0-8ec8-fc6a87662c02\" ,\"StackId\": \"3331a721-0fe9-4d4b-852f-0865e3173159\", \"StackSize\": \"1\"}","timestamp":"2017-09-04T03:25:15.549Z"}
{"level":"info","message":"{\"CardId\": \"4afb21ec-5067-43f0-8ec8-fc6a87662c02\" ,\"StackId\": \"bef88308-1cd4-4738-9afe-a80b2120a05d\", \"StackSize\": \"1\"}","timestamp":"2017-09-04T03:25:15.560Z"}
{"level":"info","message":"{\"CardId\": \"250770a6-6829-469c-9505-f342cac804a6\" ,\"StackId\": \"cfb33015-1ba2-4293-af64-334060bd74a5\", \"StackSize\": \"1\"}","timestamp":"2017-09-04T03:25:48.355Z"}
{"level":"info","message":"{\"CardId\": \"250770a6-6829-469c-9505-f342cac804a6\" ,\"StackId\": \"056a14ff-9600-492e-8e19-ce9c83ce8180\", \"StackSize\": \"1\"}","timestamp":"2017-09-04T03:25:48.373Z"}
{"level":"info","message":"{\"CardId\": \"250770a6-6829-469c-9505-f342cac804a6\" ,\"StackId\": \"d5f680df-45cc-4979-988d-7cfb83be11f9\", \"StackSize\": \"1\"}","timestamp":"2017-09-04T03:25:48.383Z"}
{"level":"info","message":"{\"CardId\": \"ba95933b-c8bc-4b14-b977-ef8947ae2d15\" ,\"StackId\": \"d5f680df-45cc-4979-988d-7cfb83be11f9\", \"StackSize\": \"2\"}","timestamp":"2017-09-04T03:25:48.383Z"}
{"level":"info","message":"{\"CardId\": \"250770a6-6829-469c-9505-f342cac804a6\" ,\"StackId\": \"8b1b1e6b-b2ef-483a-a4b2-e36bb3fb02e3\", \"StackSize\": \"1\"}","timestamp":"2017-09-04T03:25:48.399Z"}
{"level":"info","message":"{\"CardId\": \"250770a6-6829-469c-9505-f342cac804a6\" ,\"StackId\": \"4a9c40ea-bceb-4dda-a520-f364a9bfac68\", \"StackSize\": \"1\"}","timestamp":"2017-09-04T03:25:48.410Z"}
{"level":"info","message":"{\"CardId\": \"cb8ad2cb-6a85-480b-9abb-c57eb1b1a538\" ,\"StackId\": \"389e135a-2f15-4dbd-9e78-7c592d6635a1\", \"StackSize\": \"1\"}","timestamp":"2017-09-04T03:27:37.138Z"}
{"level":"info","message":"{\"CardId\": \"cb8ad2cb-6a85-480b-9abb-c57eb1b1a538\" ,\"StackId\": \"18303c12-bf24-47b3-bc99-367d38106b71\", \"StackSize\": \"1\"}","timestamp":"2017-09-04T03:27:37.151Z"}
{"level":"info","message":"{\"CardId\": \"cb8ad2cb-6a85-480b-9abb-c57eb1b1a538\" ,\"StackId\": \"37466beb-1dc4-41b6-b492-5003ee0abb2f\", \"StackSize\": \"1\"}","timestamp":"2017-09-04T03:27:37.160Z"}
{"level":"info","message":"{\"CardId\": \"ca31db4b-48a1-4dac-9c09-a4073771af46\" ,\"StackId\": \"37466beb-1dc4-41b6-b492-5003ee0abb2f\", \"StackSize\": \"2\"}","timestamp":"2017-09-04T03:27:37.160Z"}
{"level":"info","message":"{\"CardId\": \"cb8ad2cb-6a85-480b-9abb-c57eb1b1a538\" ,\"StackId\": \"9cd68620-e776-44e3-9ee2-e6b934ba84c1\", \"StackSize\": \"1\"}","timestamp":"2017-09-04T03:27:37.175Z"}
{"level":"info","message":"{\"CardId\": \"cb8ad2cb-6a85-480b-9abb-c57eb1b1a538\" ,\"StackId\": \"69ca1f7e-aa11-41d6-83e9-8c653571eade\", \"StackSize\": \"1\"}","timestamp":"2017-09-04T03:27:37.187Z"}
{"level":"info","message":"{\"CardId\": \"1c6715c0-99c1-407d-a320-96723e30b57e\" ,\"StackId\": \"283a1e95-a2de-4da7-afdf-1058734dd6ff\", \"StackSize\": \"1\"}","timestamp":"2017-09-06T03:39:39.986Z"}
{"level":"info","message":"{\"CardId\": \"72eb0a1e-cb85-407e-b203-8b58cb09b930\" ,\"StackId\": \"283a1e95-a2de-4da7-afdf-1058734dd6ff\", \"StackSize\": \"2\"}","timestamp":"2017-09-06T03:39:39.986Z"}
{"level":"info","message":"{\"CardId\": \"2066dd8f-9bf1-4a2c-9296-36ae1c8097bf\" ,\"StackId\": \"9b1279dc-01ef-46e5-9417-cec86286c25d\", \"StackSize\": \"1\"}","timestamp":"2017-09-06T03:42:56.068Z"}
{"level":"info","message":"{\"CardId\": \"2066dd8f-9bf1-4a2c-9296-36ae1c8097bf\" ,\"StackId\": \"385e0070-5d4f-4d25-bc4f-4a42a1d22d2f\", \"StackSize\": \"1\"}","timestamp":"2017-09-06T03:42:56.081Z"}
{"level":"info","message":"{\"CardId\": \"2066dd8f-9bf1-4a2c-9296-36ae1c8097bf\" ,\"StackId\": \"98a93a66-8e73-4cc3-8de6-fdd2d3911dd0\", \"StackSize\": \"1\"}","timestamp":"2017-09-06T03:42:56.090Z"}
{"level":"info","message":"{\"CardId\": \"e93ddf12-f90f-4a62-ac7e-8f80df5183d4\" ,\"StackId\": \"98a93a66-8e73-4cc3-8de6-fdd2d3911dd0\", \"StackSize\": \"2\"}","timestamp":"2017-09-06T03:42:56.090Z"}
{"level":"info","message":"{\"CardId\": \"2066dd8f-9bf1-4a2c-9296-36ae1c8097bf\" ,\"StackId\": \"0fe38305-7a64-4b63-af29-4381c8fcaca9\", \"StackSize\": \"1\"}","timestamp":"2017-09-06T03:42:56.105Z"}
{"level":"info","message":"{\"CardId\": \"2066dd8f-9bf1-4a2c-9296-36ae1c8097bf\" ,\"StackId\": \"1d0a0728-a560-4163-91b7-0659f273cb67\", \"StackSize\": \"1\"}","timestamp":"2017-09-06T03:42:56.113Z"}
{"level":"info","message":"{\"CardId\": \"dcca52a9-d6ef-40f4-b367-4ea901447ea4\" ,\"StackId\": \"133dfb71-aefd-4c05-a7be-7e56af2a663f\", \"StackSize\": \"1\"}","timestamp":"2017-09-06T03:51:30.378Z"}
{"level":"info","message":"{\"CardId\": \"fa591661-b04e-432a-8018-ad34b611d4d8\" ,\"StackId\": \"133dfb71-aefd-4c05-a7be-7e56af2a663f\", \"StackSize\": \"2\"}","timestamp":"2017-09-06T03:51:30.378Z"}
{"level":"info","message":"{\"CardId\": \"ad8e5e4a-3870-4661-ad43-53e105bc230c\" ,\"StackId\": \"59c20562-43af-4d86-886a-78ab29ec1719\", \"StackSize\": \"1\"}","timestamp":"2017-09-06T03:51:57.330Z"}
{"level":"info","message":"{\"CardId\": \"ad8e5e4a-3870-4661-ad43-53e105bc230c\" ,\"StackId\": \"018fb60b-3fc8-48cd-ae68-850b7583d4e6\", \"StackSize\": \"1\"}","timestamp":"2017-09-06T03:51:57.344Z"}
{"level":"info","message":"{\"CardId\": \"ad8e5e4a-3870-4661-ad43-53e105bc230c\" ,\"StackId\": \"722b131a-b5fd-40d1-97f9-2408a237cdf9\", \"StackSize\": \"1\"}","timestamp":"2017-09-06T03:51:57.353Z"}
{"level":"info","message":"{\"CardId\": \"8a5fd4e4-35c0-4590-930c-4d3506591c99\" ,\"StackId\": \"722b131a-b5fd-40d1-97f9-2408a237cdf9\", \"StackSize\": \"2\"}","timestamp":"2017-09-06T03:51:57.354Z"}
{"level":"info","message":"{\"CardId\": \"ad8e5e4a-3870-4661-ad43-53e105bc230c\" ,\"StackId\": \"0399c510-c3a2-4353-a674-027b9b3b3400\", \"StackSize\": \"1\"}","timestamp":"2017-09-06T03:51:57.373Z"}
{"level":"info","message":"{\"CardId\": \"ad8e5e4a-3870-4661-ad43-53e105bc230c\" ,\"StackId\": \"b9e7876c-4cb1-49ef-9f0d-30defdd00ed7\", \"StackSize\": \"1\"}","timestamp":"2017-09-06T03:51:57.388Z"}
{"level":"info","message":"{\"CardId\": \"698ca314-e8cd-4c92-b1b4-1bc5b3cbc6f0\" ,\"StackId\": \"29366a89-0f97-4248-a611-1fde7609de5a\", \"StackSize\": \"1\"}","timestamp":"2017-09-15T03:30:07.879Z"}
{"level":"info","message":"{\"CardId\": \"698ca314-e8cd-4c92-b1b4-1bc5b3cbc6f0\" ,\"StackId\": \"409f6ce5-5236-4c22-a9b0-6acffb829628\", \"StackSize\": \"1\"}","timestamp":"2017-09-15T03:30:07.898Z"}
{"level":"info","message":"{\"CardId\": \"698ca314-e8cd-4c92-b1b4-1bc5b3cbc6f0\" ,\"StackId\": \"3377936e-62f6-4472-a0a0-5405433ec08e\", \"StackSize\": \"1\"}","timestamp":"2017-09-15T03:30:07.914Z"}
{"level":"info","message":"{\"CardId\": \"7e18731d-0ff5-46c2-a4e9-da7f3021deb8\" ,\"StackId\": \"3377936e-62f6-4472-a0a0-5405433ec08e\", \"StackSize\": \"2\"}","timestamp":"2017-09-15T03:30:07.915Z"}
{"level":"info","message":"{\"CardId\": \"698ca314-e8cd-4c92-b1b4-1bc5b3cbc6f0\" ,\"StackId\": \"0b100282-8028-46cd-a37c-e5a02da06b5a\", \"StackSize\": \"1\"}","timestamp":"2017-09-15T03:30:07.933Z"}
{"level":"info","message":"{\"CardId\": \"698ca314-e8cd-4c92-b1b4-1bc5b3cbc6f0\" ,\"StackId\": \"a3f7d6f7-69cd-4ce0-8d94-ed4e1bced3bc\", \"StackSize\": \"1\"}","timestamp":"2017-09-15T03:30:07.948Z"}
{"level":"info","message":"{\"CardId\": \"50d1ad35-02d4-4d75-b0a5-c10d549f1c27\" ,\"StackId\": \"633568fc-9dbc-47e5-9062-7801f686f13f\", \"StackSize\": \"1\"}","timestamp":"2017-09-15T03:56:42.761Z"}
{"level":"info","message":"{\"CardId\": \"50d1ad35-02d4-4d75-b0a5-c10d549f1c27\" ,\"StackId\": \"7d8840b5-ae1a-4342-a201-fa83e9ffef2d\", \"StackSize\": \"1\"}","timestamp":"2017-09-15T03:56:42.813Z"}
{"level":"info","message":"{\"CardId\": \"50d1ad35-02d4-4d75-b0a5-c10d549f1c27\" ,\"StackId\": \"b9fc9b9b-8c29-47e7-b0d0-130a2053ea8b\", \"StackSize\": \"1\"}","timestamp":"2017-09-15T03:56:42.847Z"}
{"level":"info","message":"{\"CardId\": \"fd999b40-13e8-4571-8596-b5a8229232ac\" ,\"StackId\": \"b9fc9b9b-8c29-47e7-b0d0-130a2053ea8b\", \"StackSize\": \"2\"}","timestamp":"2017-09-15T03:56:42.849Z"}
{"level":"info","message":"{\"CardId\": \"50d1ad35-02d4-4d75-b0a5-c10d549f1c27\" ,\"StackId\": \"a67c568a-e4ba-49e9-8037-cddcc6a5c9bf\", \"StackSize\": \"1\"}","timestamp":"2017-09-15T03:56:42.892Z"}
{"level":"info","message":"{\"CardId\": \"50d1ad35-02d4-4d75-b0a5-c10d549f1c27\" ,\"StackId\": \"13e1ff5d-a380-46b5-9264-e62c973893ca\", \"StackSize\": \"1\"}","timestamp":"2017-09-15T03:56:42.926Z"}
{"level":"info","message":"{\"CardId\": \"f46537d9-8cdb-493f-9f30-ca4755744e74\" ,\"StackId\": \"045ea321-380d-4600-a457-21ce027b8fd9\", \"StackSize\": \"1\"}","timestamp":"2017-09-15T04:08:51.329Z"}
{"level":"info","message":"{\"CardId\": \"f46537d9-8cdb-493f-9f30-ca4755744e74\" ,\"StackId\": \"c59a2c1e-1309-43dc-b396-17a94d38d600\", \"StackSize\": \"1\"}","timestamp":"2017-09-15T04:08:51.354Z"}
{"level":"info","message":"{\"CardId\": \"f46537d9-8cdb-493f-9f30-ca4755744e74\" ,\"StackId\": \"7e789b67-bc2e-4db8-8fcc-38402f02373b\", \"StackSize\": \"1\"}","timestamp":"2017-09-15T04:08:51.386Z"}
{"level":"info","message":"{\"CardId\": \"8904459a-ee7d-47bd-b5b9-f86d6470b1a7\" ,\"StackId\": \"7e789b67-bc2e-4db8-8fcc-38402f02373b\", \"StackSize\": \"2\"}","timestamp":"2017-09-15T04:08:51.389Z"}
{"level":"info","message":"{\"CardId\": \"f46537d9-8cdb-493f-9f30-ca4755744e74\" ,\"StackId\": \"e701003b-f69d-4b85-a5ed-e29be73f90d5\", \"StackSize\": \"1\"}","timestamp":"2017-09-15T04:08:51.441Z"}
{"level":"info","message":"{\"CardId\": \"f46537d9-8cdb-493f-9f30-ca4755744e74\" ,\"StackId\": \"b45c7f1f-533e-40a7-92bf-6caba8cc0628\", \"StackSize\": \"1\"}","timestamp":"2017-09-15T04:08:51.467Z"}
{"level":"info","message":"{\"CardId\": \"3a189146-2874-4050-82d6-6e29ab893864\" ,\"StackId\": \"01cf2461-c42e-4bd2-94e5-8510b89344d5\", \"StackSize\": \"1\"}","timestamp":"2017-09-15T04:17:20.143Z"}
{"level":"info","message":"{\"CardId\": \"3a189146-2874-4050-82d6-6e29ab893864\" ,\"StackId\": \"f308f282-c474-4f90-97a3-f481ee39a60d\", \"StackSize\": \"1\"}","timestamp":"2017-09-15T04:17:20.164Z"}
{"level":"info","message":"{\"CardId\": \"3a189146-2874-4050-82d6-6e29ab893864\" ,\"StackId\": \"e68e73f6-b30b-481d-bdcd-fd045c801ffd\", \"StackSize\": \"1\"}","timestamp":"2017-09-15T04:17:20.182Z"}
{"level":"info","message":"{\"CardId\": \"d7435563-bc7c-498d-80d3-9d02ec812ef3\" ,\"StackId\": \"e68e73f6-b30b-481d-bdcd-fd045c801ffd\", \"StackSize\": \"2\"}","timestamp":"2017-09-15T04:17:20.183Z"}
{"level":"info","message":"{\"CardId\": \"3a189146-2874-4050-82d6-6e29ab893864\" ,\"StackId\": \"27457581-37ff-43ef-a2be-1141c545c050\", \"StackSize\": \"1\"}","timestamp":"2017-09-15T04:17:20.202Z"}
{"level":"info","message":"{\"CardId\": \"3a189146-2874-4050-82d6-6e29ab893864\" ,\"StackId\": \"0d16668d-961f-44d2-a33c-22606e994975\", \"StackSize\": \"1\"}","timestamp":"2017-09-15T04:17:20.219Z"}
{"level":"info","message":"{\"CardId\": \"8225c63a-33d4-40a8-b3f8-9e4b57243bee\" ,\"StackId\": \"901cc54f-c585-4601-8362-06d68166504e\", \"StackSize\": \"1\"}","timestamp":"2017-09-15T14:28:19.555Z"}
{"level":"info","message":"{\"CardId\": \"8225c63a-33d4-40a8-b3f8-9e4b57243bee\" ,\"StackId\": \"a2d3b373-8ad9-4035-bed2-63b7e3ae6a34\", \"StackSize\": \"1\"}","timestamp":"2017-09-15T14:28:19.579Z"}
{"level":"info","message":"{\"CardId\": \"8225c63a-33d4-40a8-b3f8-9e4b57243bee\" ,\"StackId\": \"25103aaa-ee23-41cc-a091-bb48e4faab2a\", \"StackSize\": \"1\"}","timestamp":"2017-09-15T14:28:19.612Z"}
{"level":"info","message":"{\"CardId\": \"2c1a1232-b770-4168-965d-0a81001dbfc5\" ,\"StackId\": \"25103aaa-ee23-41cc-a091-bb48e4faab2a\", \"StackSize\": \"2\"}","timestamp":"2017-09-15T14:28:19.613Z"}
{"level":"info","message":"{\"CardId\": \"8225c63a-33d4-40a8-b3f8-9e4b57243bee\" ,\"StackId\": \"592c1383-718f-47a3-bfa8-48348e3d0b81\", \"StackSize\": \"1\"}","timestamp":"2017-09-15T14:28:19.652Z"}
{"level":"info","message":"{\"CardId\": \"8225c63a-33d4-40a8-b3f8-9e4b57243bee\" ,\"StackId\": \"7ec2ed7f-b507-4a90-878d-0998b07a5149\", \"StackSize\": \"1\"}","timestamp":"2017-09-15T14:28:19.674Z"}
{"level":"info","message":"{\"CardId\": \"a6174000-dbf1-40d8-9a72-c54cd9fefd08\" ,\"StackId\": \"5815e583-a733-4ec8-9eb3-c92a9310007a\", \"StackSize\": \"1\"}","timestamp":"2017-09-15T14:35:02.301Z"}
{"level":"info","message":"{\"CardId\": \"a6174000-dbf1-40d8-9a72-c54cd9fefd08\" ,\"StackId\": \"89fe5ed9-b344-4756-8e94-7102a8f42e47\", \"StackSize\": \"1\"}","timestamp":"2017-09-15T14:35:02.321Z"}
{"level":"info","message":"{\"CardId\": \"a6174000-dbf1-40d8-9a72-c54cd9fefd08\" ,\"StackId\": \"36b96a4d-9627-4b62-b7c1-4398243759b9\", \"StackSize\": \"1\"}","timestamp":"2017-09-15T14:35:02.333Z"}
{"level":"info","message":"{\"CardId\": \"571f71f6-e462-4412-b04c-b7ab67c322b4\" ,\"StackId\": \"36b96a4d-9627-4b62-b7c1-4398243759b9\", \"StackSize\": \"2\"}","timestamp":"2017-09-15T14:35:02.334Z"}
{"level":"info","message":"{\"CardId\": \"a6174000-dbf1-40d8-9a72-c54cd9fefd08\" ,\"StackId\": \"f92858cf-cafd-4fd7-ba29-c1c658710ad9\", \"StackSize\": \"1\"}","timestamp":"2017-09-15T14:35:02.356Z"}
{"level":"info","message":"{\"CardId\": \"a6174000-dbf1-40d8-9a72-c54cd9fefd08\" ,\"StackId\": \"a6494622-74a4-4911-a7ee-fc34db00aaf9\", \"StackSize\": \"1\"}","timestamp":"2017-09-15T14:35:02.374Z"}
{"level":"info","message":"{\"CardId\": \"0fbf260b-1af8-4af8-a1f9-42f2b63abda3\" ,\"StackId\": \"6eba1df3-97f2-4a23-b76b-2533d756a88a\", \"StackSize\": \"1\"}","timestamp":"2017-09-15T14:35:49.825Z"}
{"level":"info","message":"{\"CardId\": \"0fbf260b-1af8-4af8-a1f9-42f2b63abda3\" ,\"StackId\": \"1b0c1c09-50db-47c1-bdff-8efbef8b2219\", \"StackSize\": \"1\"}","timestamp":"2017-09-15T14:35:49.847Z"}
{"level":"info","message":"{\"CardId\": \"0fbf260b-1af8-4af8-a1f9-42f2b63abda3\" ,\"StackId\": \"95f65280-f09a-4374-8d7b-929cb171a02a\", \"StackSize\": \"1\"}","timestamp":"2017-09-15T14:35:49.869Z"}
{"level":"info","message":"{\"CardId\": \"049b5994-933d-46bf-8cab-734396b06747\" ,\"StackId\": \"95f65280-f09a-4374-8d7b-929cb171a02a\", \"StackSize\": \"2\"}","timestamp":"2017-09-15T14:35:49.870Z"}
{"level":"info","message":"{\"CardId\": \"0fbf260b-1af8-4af8-a1f9-42f2b63abda3\" ,\"StackId\": \"b1838cd8-af8c-477b-8507-3fc12a0fb29e\", \"StackSize\": \"1\"}","timestamp":"2017-09-15T14:35:49.895Z"}
{"level":"info","message":"{\"CardId\": \"0fbf260b-1af8-4af8-a1f9-42f2b63abda3\" ,\"StackId\": \"765866a1-cf26-49f4-8afb-0ac49a64e1f6\", \"StackSize\": \"1\"}","timestamp":"2017-09-15T14:35:49.910Z"}
{"level":"info","message":"{\"CardId\": \"fe621413-3c9d-4cc9-896d-97b421c511bf\" ,\"StackId\": \"4c2b147a-33c0-41b7-8e93-4fff9ef91c04\", \"StackSize\": \"1\"}","timestamp":"2017-09-16T00:29:04.701Z"}
{"level":"info","message":"{\"CardId\": \"fe621413-3c9d-4cc9-896d-97b421c511bf\" ,\"StackId\": \"7b4e62c6-0166-4e12-81e7-0bb1efcfde25\", \"StackSize\": \"1\"}","timestamp":"2017-09-16T00:29:04.723Z"}
{"level":"info","message":"{\"CardId\": \"fe621413-3c9d-4cc9-896d-97b421c511bf\" ,\"StackId\": \"0639645d-71a5-4be5-ae01-5805deb4cfce\", \"StackSize\": \"1\"}","timestamp":"2017-09-16T00:29:04.736Z"}
{"level":"info","message":"{\"CardId\": \"63f91617-dd92-4ccc-a9ad-30ca7f72439b\" ,\"StackId\": \"0639645d-71a5-4be5-ae01-5805deb4cfce\", \"StackSize\": \"2\"}","timestamp":"2017-09-16T00:29:04.738Z"}
{"level":"info","message":"{\"CardId\": \"fe621413-3c9d-4cc9-896d-97b421c511bf\" ,\"StackId\": \"223383c9-c142-4aa4-ab3a-bc7defaa413e\", \"StackSize\": \"1\"}","timestamp":"2017-09-16T00:29:04.758Z"}
{"level":"info","message":"{\"CardId\": \"fe621413-3c9d-4cc9-896d-97b421c511bf\" ,\"StackId\": \"01bf586f-bd35-48df-897d-1f3b77608532\", \"StackSize\": \"1\"}","timestamp":"2017-09-16T00:29:04.779Z"}
{"level":"info","message":"{\"CardId\": \"c9621997-fc56-484f-83e8-6b223b3c217f\" ,\"StackId\": \"afd3a6be-6b15-4fe3-b788-7993f59ade54\", \"StackSize\": \"1\"}","timestamp":"2017-09-17T15:43:41.044Z"}
{"level":"info","message":"{\"CardId\": \"c9621997-fc56-484f-83e8-6b223b3c217f\" ,\"StackId\": \"df5fb60d-dc65-481a-8681-1055515460e8\", \"StackSize\": \"1\"}","timestamp":"2017-09-17T15:43:41.065Z"}
{"level":"info","message":"{\"CardId\": \"c9621997-fc56-484f-83e8-6b223b3c217f\" ,\"StackId\": \"e4183cd8-112d-407a-8af9-caf6b46f5b3d\", \"StackSize\": \"1\"}","timestamp":"2017-09-17T15:43:41.085Z"}
{"level":"info","message":"{\"CardId\": \"739c9401-69ac-4b1c-9af7-95b715b5e5f4\" ,\"StackId\": \"e4183cd8-112d-407a-8af9-caf6b46f5b3d\", \"StackSize\": \"2\"}","timestamp":"2017-09-17T15:43:41.085Z"}
{"level":"info","message":"{\"CardId\": \"c9621997-fc56-484f-83e8-6b223b3c217f\" ,\"StackId\": \"50171dce-30bf-4157-a170-4e2cc6b49f83\", \"StackSize\": \"1\"}","timestamp":"2017-09-17T15:43:41.110Z"}
{"level":"info","message":"{\"CardId\": \"c9621997-fc56-484f-83e8-6b223b3c217f\" ,\"StackId\": \"e823f9b3-236b-4d41-b214-8e15378e3e2a\", \"StackSize\": \"1\"}","timestamp":"2017-09-17T15:43:41.130Z"}
{"level":"info","message":"{\"CardId\": \"9ab9f5b7-17e2-4040-9b5a-29f5d97a4f0b\" ,\"StackId\": \"f19b0be2-4891-47a1-9fe1-cf234f00704a\", \"StackSize\": \"1\"}","timestamp":"2017-09-17T15:45:31.968Z"}
{"level":"info","message":"{\"CardId\": \"9ab9f5b7-17e2-4040-9b5a-29f5d97a4f0b\" ,\"StackId\": \"3bcce27f-2382-4416-b9fe-1a84f8ed971d\", \"StackSize\": \"1\"}","timestamp":"2017-09-17T15:45:31.991Z"}
{"level":"info","message":"{\"CardId\": \"9ab9f5b7-17e2-4040-9b5a-29f5d97a4f0b\" ,\"StackId\": \"30ada229-4ebd-4268-a0a0-ca44a3dea9d7\", \"StackSize\": \"1\"}","timestamp":"2017-09-17T15:45:32.009Z"}
{"level":"info","message":"{\"CardId\": \"69d65c55-e6df-42d8-ae1d-8f41d370cc1a\" ,\"StackId\": \"30ada229-4ebd-4268-a0a0-ca44a3dea9d7\", \"StackSize\": \"2\"}","timestamp":"2017-09-17T15:45:32.010Z"}
{"level":"info","message":"{\"CardId\": \"9ab9f5b7-17e2-4040-9b5a-29f5d97a4f0b\" ,\"StackId\": \"6a977255-1575-4ff3-9b37-33e582edfb70\", \"StackSize\": \"1\"}","timestamp":"2017-09-17T15:45:32.033Z"}
{"level":"info","message":"{\"CardId\": \"9ab9f5b7-17e2-4040-9b5a-29f5d97a4f0b\" ,\"StackId\": \"86e363de-8c0a-432d-8e8f-70b409556f02\", \"StackSize\": \"1\"}","timestamp":"2017-09-17T15:45:32.059Z"}
{"level":"info","message":"{\"CardId\": \"cf6583a9-590e-4e94-93bd-0b800e4dfc1f\" ,\"StackId\": \"5878d76d-8f30-422b-8c74-2e2063c230a5\", \"StackSize\": \"1\"}","timestamp":"2017-09-18T04:50:15.045Z"}
{"level":"info","message":"{\"CardId\": \"cf6583a9-590e-4e94-93bd-0b800e4dfc1f\" ,\"StackId\": \"723b5ccb-d4f0-42d6-a8e9-65458245b524\", \"StackSize\": \"1\"}","timestamp":"2017-09-18T04:50:15.069Z"}
{"level":"info","message":"{\"CardId\": \"cf6583a9-590e-4e94-93bd-0b800e4dfc1f\" ,\"StackId\": \"67ffd42d-da1f-4cf4-851e-251a2f2b6b53\", \"StackSize\": \"1\"}","timestamp":"2017-09-18T04:50:15.088Z"}
{"level":"info","message":"{\"CardId\": \"91a17067-5cbd-46ba-892a-4945393cf6ce\" ,\"StackId\": \"67ffd42d-da1f-4cf4-851e-251a2f2b6b53\", \"StackSize\": \"2\"}","timestamp":"2017-09-18T04:50:15.088Z"}
{"level":"info","message":"{\"CardId\": \"cf6583a9-590e-4e94-93bd-0b800e4dfc1f\" ,\"StackId\": \"265bdb94-f171-4232-b478-34eb81ab358d\", \"StackSize\": \"1\"}","timestamp":"2017-09-18T04:50:15.116Z"}
{"level":"info","message":"{\"CardId\": \"cf6583a9-590e-4e94-93bd-0b800e4dfc1f\" ,\"StackId\": \"b138877f-c43b-423e-a05a-e1c89eb958b7\", \"StackSize\": \"1\"}","timestamp":"2017-09-18T04:50:15.139Z"}
{"level":"info","message":"{\"CardId\": \"44de3ee4-e470-4722-a92e-d95e64c11cd1\" ,\"StackId\": \"f02d4133-9974-4b79-8b53-26ae39746c6b\", \"StackSize\": \"1\"}","timestamp":"2017-09-18T04:53:39.093Z"}
{"level":"info","message":"{\"CardId\": \"44de3ee4-e470-4722-a92e-d95e64c11cd1\" ,\"StackId\": \"1a75cc7c-2565-4409-952c-95cf5c9d6504\", \"StackSize\": \"1\"}","timestamp":"2017-09-18T04:53:39.115Z"}
{"level":"info","message":"{\"CardId\": \"44de3ee4-e470-4722-a92e-d95e64c11cd1\" ,\"StackId\": \"eb6435ec-e5ad-41e8-95cd-c20055cb02ac\", \"StackSize\": \"1\"}","timestamp":"2017-09-18T04:53:39.133Z"}
{"level":"info","message":"{\"CardId\": \"313d1bf1-a306-4789-a5db-e898ec3a3ed9\" ,\"StackId\": \"eb6435ec-e5ad-41e8-95cd-c20055cb02ac\", \"StackSize\": \"2\"}","timestamp":"2017-09-18T04:53:39.134Z"}
{"level":"info","message":"{\"CardId\": \"44de3ee4-e470-4722-a92e-d95e64c11cd1\" ,\"StackId\": \"f0d04cb1-395a-44f8-ae38-85fa6ecd848d\", \"StackSize\": \"1\"}","timestamp":"2017-09-18T04:53:39.160Z"}
{"level":"info","message":"{\"CardId\": \"44de3ee4-e470-4722-a92e-d95e64c11cd1\" ,\"StackId\": \"633c4cef-d393-427f-80de-e1dfe6b6aba3\", \"StackSize\": \"1\"}","timestamp":"2017-09-18T04:53:39.187Z"}
{"level":"info","message":"{\"CardId\": \"c7e3ae62-a102-4a47-9f81-c406847e07fc\" ,\"StackId\": \"45ddfb63-5ede-450a-9e13-fb7243cbeb97\", \"StackSize\": \"1\"}","timestamp":"2017-09-18T04:55:28.558Z"}
{"level":"info","message":"{\"CardId\": \"c7e3ae62-a102-4a47-9f81-c406847e07fc\" ,\"StackId\": \"98838913-7735-43ac-9a60-5ff98fe0d16c\", \"StackSize\": \"1\"}","timestamp":"2017-09-18T04:55:28.581Z"}
{"level":"info","message":"{\"CardId\": \"c7e3ae62-a102-4a47-9f81-c406847e07fc\" ,\"StackId\": \"84e70f52-b406-45d7-b1d9-d00bbd1f78c8\", \"StackSize\": \"1\"}","timestamp":"2017-09-18T04:55:28.598Z"}
{"level":"info","message":"{\"CardId\": \"69413b48-767c-4d3a-8a27-31d4b93b1de8\" ,\"StackId\": \"84e70f52-b406-45d7-b1d9-d00bbd1f78c8\", \"StackSize\": \"2\"}","timestamp":"2017-09-18T04:55:28.599Z"}
{"level":"info","message":"{\"CardId\": \"c7e3ae62-a102-4a47-9f81-c406847e07fc\" ,\"StackId\": \"33e74009-638c-4ec6-a968-950278217264\", \"StackSize\": \"1\"}","timestamp":"2017-09-18T04:55:28.625Z"}
{"level":"info","message":"{\"CardId\": \"c7e3ae62-a102-4a47-9f81-c406847e07fc\" ,\"StackId\": \"14471d6c-40d0-4739-91a6-4f03ba0528e8\", \"StackSize\": \"1\"}","timestamp":"2017-09-18T04:55:28.647Z"}
{"level":"info","message":"{\"CardId\": \"4ece716a-b6d0-46d7-871d-228574d22213\" ,\"StackId\": \"27aed337-66c4-4b40-bd85-cc96b81d8f13\", \"StackSize\": \"1\"}","timestamp":"2017-09-18T05:00:17.185Z"}
{"level":"info","message":"{\"CardId\": \"4ece716a-b6d0-46d7-871d-228574d22213\" ,\"StackId\": \"e5b9591a-2deb-4477-9a02-b612cb02d149\", \"StackSize\": \"1\"}","timestamp":"2017-09-18T05:00:17.207Z"}
{"level":"info","message":"{\"CardId\": \"4ece716a-b6d0-46d7-871d-228574d22213\" ,\"StackId\": \"733d1843-441a-4156-8c8f-eb134951cd79\", \"StackSize\": \"1\"}","timestamp":"2017-09-18T05:00:17.223Z"}
{"level":"info","message":"{\"CardId\": \"c495432d-0c5e-44f2-a170-5bb286022090\" ,\"StackId\": \"733d1843-441a-4156-8c8f-eb134951cd79\", \"StackSize\": \"2\"}","timestamp":"2017-09-18T05:00:17.225Z"}
{"level":"info","message":"{\"CardId\": \"4ece716a-b6d0-46d7-871d-228574d22213\" ,\"StackId\": \"f09d6d6d-5cdb-43a1-90b4-98d15de7acaa\", \"StackSize\": \"1\"}","timestamp":"2017-09-18T05:00:17.245Z"}
{"level":"info","message":"{\"CardId\": \"4ece716a-b6d0-46d7-871d-228574d22213\" ,\"StackId\": \"b5072da0-e452-434a-8d2d-133274826241\", \"StackSize\": \"1\"}","timestamp":"2017-09-18T05:00:17.267Z"}
{"level":"info","message":"{\"CardId\": \"81b9e29a-dba6-4831-be7a-32d221f9dba2\" ,\"StackId\": \"f98133a9-7936-450c-8e2b-472a42e85f15\", \"StackSize\": \"1\"}","timestamp":"2017-09-18T05:20:34.472Z"}
{"level":"info","message":"{\"CardId\": \"81b9e29a-dba6-4831-be7a-32d221f9dba2\" ,\"StackId\": \"a344421c-ad0a-4180-a806-5f1f939a5198\", \"StackSize\": \"1\"}","timestamp":"2017-09-18T05:20:34.493Z"}
{"level":"info","message":"{\"CardId\": \"81b9e29a-dba6-4831-be7a-32d221f9dba2\" ,\"StackId\": \"a7c0bee4-78f5-4dbc-abc3-1e456d44bd57\", \"StackSize\": \"1\"}","timestamp":"2017-09-18T05:20:34.508Z"}
{"level":"info","message":"{\"CardId\": \"7099b80c-3c1d-49b7-a470-306cc79f8875\" ,\"StackId\": \"a7c0bee4-78f5-4dbc-abc3-1e456d44bd57\", \"StackSize\": \"2\"}","timestamp":"2017-09-18T05:20:34.508Z"}
{"level":"info","message":"{\"CardId\": \"81b9e29a-dba6-4831-be7a-32d221f9dba2\" ,\"StackId\": \"259e874c-c9da-48fb-a76d-a826b5862595\", \"StackSize\": \"1\"}","timestamp":"2017-09-18T05:20:34.529Z"}
{"level":"info","message":"{\"CardId\": \"81b9e29a-dba6-4831-be7a-32d221f9dba2\" ,\"StackId\": \"e2aa2a4e-5c33-4415-bddd-bc22d69b49f3\", \"StackSize\": \"1\"}","timestamp":"2017-09-18T05:20:34.552Z"}
{"level":"info","message":"{\"CardId\": \"7f6e2bf1-38ed-4fbc-9adc-57fabe57a6d7\" ,\"StackId\": \"db6ea392-bea8-4e30-93d7-738827df146d\", \"StackSize\": \"1\"}","timestamp":"2017-09-18T05:25:58.569Z"}
{"level":"info","message":"{\"CardId\": \"7f6e2bf1-38ed-4fbc-9adc-57fabe57a6d7\" ,\"StackId\": \"85223079-b026-4b92-b172-9a722bffc481\", \"StackSize\": \"1\"}","timestamp":"2017-09-18T05:25:58.590Z"}
{"level":"info","message":"{\"CardId\": \"7f6e2bf1-38ed-4fbc-9adc-57fabe57a6d7\" ,\"StackId\": \"a5c2aa1a-f83e-43d8-b037-03a010f7d112\", \"StackSize\": \"1\"}","timestamp":"2017-09-18T05:25:58.603Z"}
{"level":"info","message":"{\"CardId\": \"76f181ac-0f9b-4053-986a-9db9f82d7b66\" ,\"StackId\": \"a5c2aa1a-f83e-43d8-b037-03a010f7d112\", \"StackSize\": \"2\"}","timestamp":"2017-09-18T05:25:58.604Z"}
{"level":"info","message":"{\"CardId\": \"7f6e2bf1-38ed-4fbc-9adc-57fabe57a6d7\" ,\"StackId\": \"27723222-8ba2-432c-b66d-ea8c32f5518f\", \"StackSize\": \"1\"}","timestamp":"2017-09-18T05:25:58.628Z"}
{"level":"info","message":"{\"CardId\": \"7f6e2bf1-38ed-4fbc-9adc-57fabe57a6d7\" ,\"StackId\": \"62690925-ac1e-446c-ad15-64ec5ceb7bb7\", \"StackSize\": \"1\"}","timestamp":"2017-09-18T05:25:58.654Z"}
{"level":"info","message":"{\"CardId\": \"80501dce-f4fb-41ac-94a4-c678faa6a05d\" ,\"StackId\": \"bdabf3ca-a510-4a8a-b1d3-0f35289aff2a\", \"StackSize\": \"1\"}","timestamp":"2017-09-18T05:28:36.780Z"}
{"level":"info","message":"{\"CardId\": \"80501dce-f4fb-41ac-94a4-c678faa6a05d\" ,\"StackId\": \"caf53645-d00d-42bb-9cae-dcbe2ee298e1\", \"StackSize\": \"1\"}","timestamp":"2017-09-18T05:28:36.797Z"}
{"level":"info","message":"{\"CardId\": \"80501dce-f4fb-41ac-94a4-c678faa6a05d\" ,\"StackId\": \"b0e994f7-85f3-4172-b953-6a9a7c33ea13\", \"StackSize\": \"1\"}","timestamp":"2017-09-18T05:28:36.811Z"}
{"level":"info","message":"{\"CardId\": \"2d78429c-79c1-4af8-8241-b706cbdfbaf2\" ,\"StackId\": \"b0e994f7-85f3-4172-b953-6a9a7c33ea13\", \"StackSize\": \"2\"}","timestamp":"2017-09-18T05:28:36.812Z"}
{"level":"info","message":"{\"CardId\": \"80501dce-f4fb-41ac-94a4-c678faa6a05d\" ,\"StackId\": \"1fffe2a5-c654-4e02-a349-8ea793cbf0cb\", \"StackSize\": \"1\"}","timestamp":"2017-09-18T05:28:36.838Z"}
{"level":"info","message":"{\"CardId\": \"80501dce-f4fb-41ac-94a4-c678faa6a05d\" ,\"StackId\": \"8d37d19a-f115-4d76-930e-6a21c1c0c158\", \"StackSize\": \"1\"}","timestamp":"2017-09-18T05:28:36.857Z"}
{"level":"info","message":"{\"CardId\": \"d2673769-a318-4018-aede-d36a3d58f33e\" ,\"StackId\": \"a9977377-78a6-43b6-b5f0-507fef303815\", \"StackSize\": \"1\"}","timestamp":"2017-09-18T05:29:29.249Z"}
{"level":"info","message":"{\"CardId\": \"d2673769-a318-4018-aede-d36a3d58f33e\" ,\"StackId\": \"12996640-a3b5-45fb-a89f-3b75e8ce9f17\", \"StackSize\": \"1\"}","timestamp":"2017-09-18T05:29:29.265Z"}
{"level":"info","message":"{\"CardId\": \"d2673769-a318-4018-aede-d36a3d58f33e\" ,\"StackId\": \"a55db1f2-0d8a-4db5-9e01-09be442f1ee9\", \"StackSize\": \"1\"}","timestamp":"2017-09-18T05:29:29.280Z"}
{"level":"info","message":"{\"CardId\": \"df66b6de-2f9d-47c5-bd3e-1691b93ae914\" ,\"StackId\": \"a55db1f2-0d8a-4db5-9e01-09be442f1ee9\", \"StackSize\": \"2\"}","timestamp":"2017-09-18T05:29:29.280Z"}
{"level":"info","message":"{\"CardId\": \"d2673769-a318-4018-aede-d36a3d58f33e\" ,\"StackId\": \"b6ad6d7a-36cf-4f29-93d6-663ca2bdd878\", \"StackSize\": \"1\"}","timestamp":"2017-09-18T05:29:29.312Z"}
{"level":"info","message":"{\"CardId\": \"d2673769-a318-4018-aede-d36a3d58f33e\" ,\"StackId\": \"253ade1d-077d-44b4-85d4-0268114fbf15\", \"StackSize\": \"1\"}","timestamp":"2017-09-18T05:29:29.332Z"}
{"level":"info","message":"{\"CardId\": \"42ecdb28-f098-4730-af04-a03e34c0cc97\" ,\"StackId\": \"92d10d35-bd2e-48b4-a203-f9a5429c3288\", \"StackSize\": \"1\"}","timestamp":"2017-09-18T05:30:17.791Z"}
{"level":"info","message":"{\"CardId\": \"42ecdb28-f098-4730-af04-a03e34c0cc97\" ,\"StackId\": \"6eeb8c77-7134-4c43-bae5-de5a47225114\", \"StackSize\": \"1\"}","timestamp":"2017-09-18T05:30:17.807Z"}
{"level":"info","message":"{\"CardId\": \"42ecdb28-f098-4730-af04-a03e34c0cc97\" ,\"StackId\": \"1d73bb4f-bd20-491f-a294-fa01272fec3f\", \"StackSize\": \"1\"}","timestamp":"2017-09-18T05:30:17.822Z"}
{"level":"info","message":"{\"CardId\": \"49774a72-8181-42fa-86ac-a34abd9e1f4e\" ,\"StackId\": \"1d73bb4f-bd20-491f-a294-fa01272fec3f\", \"StackSize\": \"2\"}","timestamp":"2017-09-18T05:30:17.822Z"}
{"level":"info","message":"{\"CardId\": \"42ecdb28-f098-4730-af04-a03e34c0cc97\" ,\"StackId\": \"2e2e150f-02b3-4550-9b1a-235d3c2ad82e\", \"StackSize\": \"1\"}","timestamp":"2017-09-18T05:30:17.839Z"}
{"level":"info","message":"{\"CardId\": \"42ecdb28-f098-4730-af04-a03e34c0cc97\" ,\"StackId\": \"4026eec1-1177-4485-b60a-ed10e5392979\", \"StackSize\": \"1\"}","timestamp":"2017-09-18T05:30:17.855Z"}
{"level":"info","message":"{\"CardId\": \"770c71f7-4cb1-4786-a35d-9808739821a0\" ,\"StackId\": \"a23cb6fb-d0ec-4409-927f-a256c9ea5afe\", \"StackSize\": \"1\"}","timestamp":"2017-09-18T05:31:02.932Z"}
{"level":"info","message":"{\"CardId\": \"770c71f7-4cb1-4786-a35d-9808739821a0\" ,\"StackId\": \"5dced467-ea48-4fdf-988d-afd813ec8562\", \"StackSize\": \"1\"}","timestamp":"2017-09-18T05:31:02.954Z"}
{"level":"info","message":"{\"CardId\": \"770c71f7-4cb1-4786-a35d-9808739821a0\" ,\"StackId\": \"68a82cd5-5aa0-4796-80ce-1b23f8cfaf36\", \"StackSize\": \"1\"}","timestamp":"2017-09-18T05:31:02.971Z"}
{"level":"info","message":"{\"CardId\": \"8542035a-21df-405b-bce1-443c389e4fae\" ,\"StackId\": \"68a82cd5-5aa0-4796-80ce-1b23f8cfaf36\", \"StackSize\": \"2\"}","timestamp":"2017-09-18T05:31:02.972Z"}
{"level":"info","message":"{\"CardId\": \"770c71f7-4cb1-4786-a35d-9808739821a0\" ,\"StackId\": \"aa60a0f7-46ba-4e01-821f-aeb3ee61a000\", \"StackSize\": \"1\"}","timestamp":"2017-09-18T05:31:03.004Z"}
{"level":"info","message":"{\"CardId\": \"770c71f7-4cb1-4786-a35d-9808739821a0\" ,\"StackId\": \"03693e05-89f6-425a-8fd4-8b42f84879c1\", \"StackSize\": \"1\"}","timestamp":"2017-09-18T05:31:03.041Z"}
{"level":"info","message":"{\"CardId\": \"7b9abb1a-c5f8-4240-9cd2-1da7f591f1d2\" ,\"StackId\": \"1edfd76d-6670-4e20-8cfa-bc40e5f25df0\", \"StackSize\": \"1\"}","timestamp":"2017-09-18T05:33:27.770Z"}
{"level":"info","message":"{\"CardId\": \"7b9abb1a-c5f8-4240-9cd2-1da7f591f1d2\" ,\"StackId\": \"265bc461-db5b-46cb-8c31-6cdff20c9a40\", \"StackSize\": \"1\"}","timestamp":"2017-09-18T05:33:27.784Z"}
{"level":"info","message":"{\"CardId\": \"7b9abb1a-c5f8-4240-9cd2-1da7f591f1d2\" ,\"StackId\": \"71e165c4-d3ef-4dd9-8970-bb103890ad03\", \"StackSize\": \"1\"}","timestamp":"2017-09-18T05:33:27.799Z"}
{"level":"info","message":"{\"CardId\": \"e11bbdd7-1e48-4e85-9e03-59e221e5e459\" ,\"StackId\": \"71e165c4-d3ef-4dd9-8970-bb103890ad03\", \"StackSize\": \"2\"}","timestamp":"2017-09-18T05:33:27.799Z"}
{"level":"info","message":"{\"CardId\": \"7b9abb1a-c5f8-4240-9cd2-1da7f591f1d2\" ,\"StackId\": \"622f9c41-5c9d-4bf5-870d-4eaf9a8c74b6\", \"StackSize\": \"1\"}","timestamp":"2017-09-18T05:33:27.818Z"}
{"level":"info","message":"{\"CardId\": \"7b9abb1a-c5f8-4240-9cd2-1da7f591f1d2\" ,\"StackId\": \"7d0f6037-234a-4760-92c1-a300df8ac89a\", \"StackSize\": \"1\"}","timestamp":"2017-09-18T05:33:27.849Z"}
{"level":"info","message":"{\"CardId\": \"5d0586a6-255f-4974-aefb-a7b018076d40\" ,\"StackId\": \"3ca9cd56-6b37-4598-a68d-1184ecbf108d\", \"StackSize\": \"1\"}","timestamp":"2017-09-18T05:35:44.053Z"}
{"level":"info","message":"{\"CardId\": \"5d0586a6-255f-4974-aefb-a7b018076d40\" ,\"StackId\": \"4e201eb4-c424-4a56-9091-0dbcc41f591c\", \"StackSize\": \"1\"}","timestamp":"2017-09-18T05:35:44.074Z"}
{"level":"info","message":"{\"CardId\": \"5d0586a6-255f-4974-aefb-a7b018076d40\" ,\"StackId\": \"f53b2790-3923-47a4-90d7-c6156665d5f2\", \"StackSize\": \"1\"}","timestamp":"2017-09-18T05:35:44.089Z"}
{"level":"info","message":"{\"CardId\": \"7c213088-2235-4061-a46a-dbc9039ac9ca\" ,\"StackId\": \"f53b2790-3923-47a4-90d7-c6156665d5f2\", \"StackSize\": \"2\"}","timestamp":"2017-09-18T05:35:44.089Z"}
{"level":"info","message":"{\"CardId\": \"5d0586a6-255f-4974-aefb-a7b018076d40\" ,\"StackId\": \"ab8aef2f-d243-4875-af49-5db330d8e3ac\", \"StackSize\": \"1\"}","timestamp":"2017-09-18T05:35:44.109Z"}
{"level":"info","message":"{\"CardId\": \"5d0586a6-255f-4974-aefb-a7b018076d40\" ,\"StackId\": \"57cc4832-42d2-4b05-9c58-40b0682998fe\", \"StackSize\": \"1\"}","timestamp":"2017-09-18T05:35:44.130Z"}
{"level":"info","message":"{\"CardId\": \"40629cd0-9f6c-4bee-a78d-f05b8e973838\" ,\"StackId\": \"f777f906-ed64-400e-806f-7010126dce4f\", \"StackSize\": \"1\"}","timestamp":"2017-09-18T05:38:25.309Z"}
{"level":"info","message":"{\"CardId\": \"40629cd0-9f6c-4bee-a78d-f05b8e973838\" ,\"StackId\": \"94ea7f60-2cd2-4b7a-82b3-2381af8fb2a2\", \"StackSize\": \"1\"}","timestamp":"2017-09-18T05:38:25.324Z"}
{"level":"info","message":"{\"CardId\": \"40629cd0-9f6c-4bee-a78d-f05b8e973838\" ,\"StackId\": \"9cc8ed3a-bbf3-408d-98af-12eabb469cb6\", \"StackSize\": \"1\"}","timestamp":"2017-09-18T05:38:25.339Z"}
{"level":"info","message":"{\"CardId\": \"14fb6af6-e77d-453b-87b9-f9931c0e25db\" ,\"StackId\": \"9cc8ed3a-bbf3-408d-98af-12eabb469cb6\", \"StackSize\": \"2\"}","timestamp":"2017-09-18T05:38:25.339Z"}
{"level":"info","message":"{\"CardId\": \"40629cd0-9f6c-4bee-a78d-f05b8e973838\" ,\"StackId\": \"7544ae62-83b1-49eb-b36e-3753d8b6423d\", \"StackSize\": \"1\"}","timestamp":"2017-09-18T05:38:25.367Z"}
{"level":"info","message":"{\"CardId\": \"40629cd0-9f6c-4bee-a78d-f05b8e973838\" ,\"StackId\": \"0cfd7d26-f305-4d6e-980c-3d9f43c53232\", \"StackSize\": \"1\"}","timestamp":"2017-09-18T05:38:25.390Z"}
{"level":"info","message":"{\"CardId\": \"1f5399c2-f5c8-4db6-80a6-02e0a0002dc8\" ,\"StackId\": \"ce97ecbe-2436-4698-8c9a-c1149495e55d\", \"StackSize\": \"1\"}","timestamp":"2017-11-04T05:29:59.782Z"}
{"level":"info","message":"{\"CardId\": \"1f5399c2-f5c8-4db6-80a6-02e0a0002dc8\" ,\"StackId\": \"b2d476f6-e833-4a62-a610-b83bf8d6a475\", \"StackSize\": \"1\"}","timestamp":"2017-11-04T05:29:59.794Z"}
{"level":"info","message":"{\"CardId\": \"1f5399c2-f5c8-4db6-80a6-02e0a0002dc8\" ,\"StackId\": \"13142475-63d1-4929-b1d9-761a42556d9b\", \"StackSize\": \"1\"}","timestamp":"2017-11-04T05:29:59.804Z"}
{"level":"info","message":"{\"CardId\": \"7baf411e-2ef7-4091-876f-a42c91355c79\" ,\"StackId\": \"13142475-63d1-4929-b1d9-761a42556d9b\", \"StackSize\": \"2\"}","timestamp":"2017-11-04T05:29:59.805Z"}
{"level":"info","message":"{\"CardId\": \"1f5399c2-f5c8-4db6-80a6-02e0a0002dc8\" ,\"StackId\": \"830e3c89-45c3-441a-ab23-7a438637d509\", \"StackSize\": \"1\"}","timestamp":"2017-11-04T05:29:59.826Z"}
{"level":"info","message":"{\"CardId\": \"1f5399c2-f5c8-4db6-80a6-02e0a0002dc8\" ,\"StackId\": \"103c9283-de90-49e5-acb8-b140cd7d1110\", \"StackSize\": \"1\"}","timestamp":"2017-11-04T05:29:59.838Z"}
{"level":"info","message":"{\"CardId\": \"73a65cd2-85a4-4ef6-b31e-f43d72520f2d\" ,\"StackId\": \"deb2413c-4765-45cc-98c0-cfcbf41907ee\", \"StackSize\": \"1\"}","timestamp":"2017-11-04T05:35:37.808Z"}
{"level":"info","message":"{\"CardId\": \"73a65cd2-85a4-4ef6-b31e-f43d72520f2d\" ,\"StackId\": \"a90b5167-543a-46e0-bdc1-b7e7274d9101\", \"StackSize\": \"1\"}","timestamp":"2017-11-04T05:35:37.824Z"}
{"level":"info","message":"{\"CardId\": \"73a65cd2-85a4-4ef6-b31e-f43d72520f2d\" ,\"StackId\": \"65d02116-d05b-4339-9343-1e30c230db4d\", \"StackSize\": \"1\"}","timestamp":"2017-11-04T05:35:37.832Z"}
{"level":"info","message":"{\"CardId\": \"83cd3e0e-f39e-4874-b0a4-0b405fb0d434\" ,\"StackId\": \"65d02116-d05b-4339-9343-1e30c230db4d\", \"StackSize\": \"2\"}","timestamp":"2017-11-04T05:35:37.832Z"}
{"level":"info","message":"{\"CardId\": \"73a65cd2-85a4-4ef6-b31e-f43d72520f2d\" ,\"StackId\": \"46305c13-56fd-4dd3-911c-abd527846e7a\", \"StackSize\": \"1\"}","timestamp":"2017-11-04T05:35:37.847Z"}
{"level":"info","message":"{\"CardId\": \"73a65cd2-85a4-4ef6-b31e-f43d72520f2d\" ,\"StackId\": \"828bf065-5c79-47d3-b9d9-2ad85932fabc\", \"StackSize\": \"1\"}","timestamp":"2017-11-04T05:35:37.857Z"}
{"level":"info","message":"{\"CardId\": \"17c15e42-4b20-4db5-a47f-de01ca072d1b\" ,\"StackId\": \"06012be5-6196-4ac6-a0cf-a181ba4726e8\", \"StackSize\": \"1\"}","timestamp":"2017-11-04T05:37:00.537Z"}
{"level":"info","message":"{\"CardId\": \"17c15e42-4b20-4db5-a47f-de01ca072d1b\" ,\"StackId\": \"f0195f1f-72ca-4481-a537-43cfe7fab3a9\", \"StackSize\": \"1\"}","timestamp":"2017-11-04T05:37:00.556Z"}
{"level":"info","message":"{\"CardId\": \"17c15e42-4b20-4db5-a47f-de01ca072d1b\" ,\"StackId\": \"e756f2dd-22cd-401e-a068-1281f4187b25\", \"StackSize\": \"1\"}","timestamp":"2017-11-04T05:37:00.568Z"}
{"level":"info","message":"{\"CardId\": \"26ff902d-d6f4-419b-a3fb-d23725c52c62\" ,\"StackId\": \"e756f2dd-22cd-401e-a068-1281f4187b25\", \"StackSize\": \"2\"}","timestamp":"2017-11-04T05:37:00.569Z"}
{"level":"info","message":"{\"CardId\": \"17c15e42-4b20-4db5-a47f-de01ca072d1b\" ,\"StackId\": \"83d9806d-af0d-400d-8b95-b5fcb192d790\", \"StackSize\": \"1\"}","timestamp":"2017-11-04T05:37:00.592Z"}
{"level":"info","message":"{\"CardId\": \"17c15e42-4b20-4db5-a47f-de01ca072d1b\" ,\"StackId\": \"3c27a2e4-5004-4196-9a47-d9707813c159\", \"StackSize\": \"1\"}","timestamp":"2017-11-04T05:37:00.606Z"}
{"level":"info","message":"{\"CardId\": \"1bd3a274-588a-4b2f-a882-f7209a802822\" ,\"StackId\": \"46b6cfe0-e931-4744-a657-99db92f8efeb\", \"StackSize\": \"1\"}","timestamp":"2017-11-04T06:23:32.565Z"}
{"level":"info","message":"{\"CardId\": \"1bd3a274-588a-4b2f-a882-f7209a802822\" ,\"StackId\": \"2ae0af2a-c52b-4d7a-bd6a-a783ea085b81\", \"StackSize\": \"1\"}","timestamp":"2017-11-04T06:23:32.581Z"}
{"level":"info","message":"{\"CardId\": \"1bd3a274-588a-4b2f-a882-f7209a802822\" ,\"StackId\": \"e54c0c63-942e-4569-a331-b6878aaf2268\", \"StackSize\": \"1\"}","timestamp":"2017-11-04T06:23:32.594Z"}
{"level":"info","message":"{\"CardId\": \"f2186a01-c337-4678-aaf2-447279c370e5\" ,\"StackId\": \"e54c0c63-942e-4569-a331-b6878aaf2268\", \"StackSize\": \"2\"}","timestamp":"2017-11-04T06:23:32.594Z"}
{"level":"info","message":"{\"CardId\": \"1bd3a274-588a-4b2f-a882-f7209a802822\" ,\"StackId\": \"3b1a9460-5c1c-41e1-ab0a-f05331487e30\", \"StackSize\": \"1\"}","timestamp":"2017-11-04T06:23:32.616Z"}
{"level":"info","message":"{\"CardId\": \"1bd3a274-588a-4b2f-a882-f7209a802822\" ,\"StackId\": \"20008038-7b9a-4e2a-ac0f-9742ca1e840c\", \"StackSize\": \"1\"}","timestamp":"2017-11-04T06:23:32.635Z"}
{"level":"info","message":"{\"CardId\": \"25577fa6-0d11-47d4-bc9f-ed7d8fd8cb7c\" ,\"StackId\": \"f0b64ee5-0b22-4ef4-86af-8403d5b1e4ea\", \"StackSize\": \"1\"}","timestamp":"2017-11-04T06:24:52.761Z"}
{"level":"info","message":"{\"CardId\": \"25577fa6-0d11-47d4-bc9f-ed7d8fd8cb7c\" ,\"StackId\": \"932febff-2b50-4e62-a5ee-a3a366e93691\", \"StackSize\": \"1\"}","timestamp":"2017-11-04T06:24:52.769Z"}
{"level":"info","message":"{\"CardId\": \"25577fa6-0d11-47d4-bc9f-ed7d8fd8cb7c\" ,\"StackId\": \"b3041523-9b08-4de7-a437-779ec920d510\", \"StackSize\": \"1\"}","timestamp":"2017-11-04T06:24:52.777Z"}
{"level":"info","message":"{\"CardId\": \"50580da9-7abd-4b4a-a7f2-fad667211701\" ,\"StackId\": \"b3041523-9b08-4de7-a437-779ec920d510\", \"StackSize\": \"2\"}","timestamp":"2017-11-04T06:24:52.778Z"}
{"level":"info","message":"{\"CardId\": \"25577fa6-0d11-47d4-bc9f-ed7d8fd8cb7c\" ,\"StackId\": \"cee0e502-5d2a-41e8-a27a-f929324887ad\", \"StackSize\": \"1\"}","timestamp":"2017-11-04T06:24:52.797Z"}
{"level":"info","message":"{\"CardId\": \"25577fa6-0d11-47d4-bc9f-ed7d8fd8cb7c\" ,\"StackId\": \"1b73b264-9a95-4fb7-b520-5d5da134f490\", \"StackSize\": \"1\"}","timestamp":"2017-11-04T06:24:52.809Z"}
{"level":"info","message":"{\"CardId\": \"6e8b5edb-0f05-498b-a56e-abd09b5b698a\" ,\"StackId\": \"81ae5720-8efb-49a1-bcb7-94f5d6606031\", \"StackSize\": \"1\"}","timestamp":"2017-11-04T06:28:05.952Z"}
{"level":"info","message":"{\"CardId\": \"6e8b5edb-0f05-498b-a56e-abd09b5b698a\" ,\"StackId\": \"90434985-476d-4cfc-8004-9efe9e3aebbe\", \"StackSize\": \"1\"}","timestamp":"2017-11-04T06:28:05.961Z"}
{"level":"info","message":"{\"CardId\": \"6e8b5edb-0f05-498b-a56e-abd09b5b698a\" ,\"StackId\": \"e43cfcbd-ba91-4a59-8263-cccfa07116c8\", \"StackSize\": \"1\"}","timestamp":"2017-11-04T06:28:05.970Z"}
{"level":"info","message":"{\"CardId\": \"a08616d5-fe08-46ee-92f4-aacc2c50bf2c\" ,\"StackId\": \"e43cfcbd-ba91-4a59-8263-cccfa07116c8\", \"StackSize\": \"2\"}","timestamp":"2017-11-04T06:28:05.971Z"}
{"level":"info","message":"{\"CardId\": \"6e8b5edb-0f05-498b-a56e-abd09b5b698a\" ,\"StackId\": \"05e26b08-1ce0-4234-abf7-daf253111b53\", \"StackSize\": \"1\"}","timestamp":"2017-11-04T06:28:05.983Z"}
{"level":"info","message":"{\"CardId\": \"6e8b5edb-0f05-498b-a56e-abd09b5b698a\" ,\"StackId\": \"cb8f5829-69a2-464a-ad65-235d2d0dadd2\", \"StackSize\": \"1\"}","timestamp":"2017-11-04T06:28:05.992Z"}
{"level":"info","message":"{\"CardId\": \"e2efec04-61a6-440c-9cd0-f37ebd8305ec\" ,\"StackId\": \"4eacdc01-0143-4045-aa25-9fceb4f6264f\", \"StackSize\": \"1\"}","timestamp":"2017-11-04T06:42:58.902Z"}
{"level":"info","message":"{\"CardId\": \"e2efec04-61a6-440c-9cd0-f37ebd8305ec\" ,\"StackId\": \"42389332-d97a-442d-a4e8-8c45a9ddd71b\", \"StackSize\": \"1\"}","timestamp":"2017-11-04T06:42:58.916Z"}
{"level":"info","message":"{\"CardId\": \"e2efec04-61a6-440c-9cd0-f37ebd8305ec\" ,\"StackId\": \"3f8d2515-a9ad-42f4-a984-bab81e0c38b0\", \"StackSize\": \"1\"}","timestamp":"2017-11-04T06:42:58.929Z"}
{"level":"info","message":"{\"CardId\": \"eaddfddb-9ed5-41d9-8440-a7c6d43093cd\" ,\"StackId\": \"3f8d2515-a9ad-42f4-a984-bab81e0c38b0\", \"StackSize\": \"2\"}","timestamp":"2017-11-04T06:42:58.929Z"}
{"level":"info","message":"{\"CardId\": \"e2efec04-61a6-440c-9cd0-f37ebd8305ec\" ,\"StackId\": \"faa186a4-a513-4b45-9342-041b6da22284\", \"StackSize\": \"1\"}","timestamp":"2017-11-04T06:42:58.942Z"}
{"level":"info","message":"{\"CardId\": \"e2efec04-61a6-440c-9cd0-f37ebd8305ec\" ,\"StackId\": \"a8ac695f-a60a-41b0-8203-88947d187d83\", \"StackSize\": \"1\"}","timestamp":"2017-11-04T06:42:58.955Z"}
